#
# There is insufficient memory for the Java Runtime Environment to continue.
# Native memory allocation (malloc) failed to allocate 1229200 bytes. Error detail: Chunk::new
# Possible reasons:
#   The system is out of physical RAM or swap space
#   This process is running with CompressedOops enabled, and the Java Heap may be blocking the growth of the native heap
# Possible solutions:
#   Reduce memory load on the system
#   Increase physical memory or swap space
#   Check if swap backing store is full
#   Decrease Java heap size (-Xmx/-Xms)
#   Decrease number of Java threads
#   Decrease Java thread stack sizes (-Xss)
#   Set larger code cache with -XX:ReservedCodeCacheSize=
#   JVM is running with Unscaled Compressed Oops mode in which the Java heap is
#     placed in the first 4GB address space. The Java Heap base address is the
#     maximum limit for the native heap growth. Please use -XX:HeapBaseMinAddress
#     to set the Java Heap base and to place the Java Heap above 4GB virtual address.
# This output file may be truncated or incomplete.
#
#  Out of Memory Error (arena.cpp:168), pid=15520, tid=8440
#
# JRE version: OpenJDK Runtime Environment Temurin-21.0.7+6 (21.0.7+6) (build 21.0.7+6-LTS)
# Java VM: OpenJDK 64-Bit Server VM Temurin-21.0.7+6 (21.0.7+6-LTS, mixed mode, sharing, tiered, compressed oops, compressed class ptrs, parallel gc, windows-amd64)
# No core dump will be written. Minidumps are not enabled by default on client versions of Windows
#

---------------  S U M M A R Y ------------

Command Line: --add-modules=ALL-SYSTEM --add-opens=java.base/java.util=ALL-UNNAMED --add-opens=java.base/java.lang=ALL-UNNAMED --add-opens=java.base/sun.nio.fs=ALL-UNNAMED -Declipse.application=org.eclipse.jdt.ls.core.id1 -Dosgi.bundles.defaultStartLevel=4 -Declipse.product=org.eclipse.jdt.ls.core.product -Djava.import.generatesMetadataFilesAtProjectRoot=false -DDetectVMInstallationsJob.disabled=true -Dfile.encoding=utf8 -XX:+UseParallelGC -XX:GCTimeRatio=4 -XX:AdaptiveSizePolicyWeight=90 -Dsun.zip.disableMemoryMapping=true -Xmx2G -Xms100m -Xlog:disable -javaagent:c:\Users\ACER\.vscode\extensions\redhat.java-1.43.1-win32-x64\lombok\lombok-1.18.39-4050.jar -XX:+HeapDumpOnOutOfMemoryError -XX:HeapDumpPath=c:\Users\ACER\AppData\Roaming\Code\User\workspaceStorage\15219cc19e9195b5b3522279bd389d27\redhat.java -Daether.dependencyCollector.impl=bf c:\Users\ACER\.vscode\extensions\redhat.java-1.43.1-win32-x64\server\plugins\org.eclipse.equinox.launcher_1.7.0.v20250519-0528.jar -configuration c:\Users\ACER\AppData\Roaming\Code\User\globalStorage\redhat.java\1.43.1\config_win -data c:\Users\ACER\AppData\Roaming\Code\User\workspaceStorage\15219cc19e9195b5b3522279bd389d27\redhat.java\jdt_ws --pipe=\\.\pipe\lsp-355ed1296c79501cb91750a0b012f44c-sock

Host: AMD Ryzen 3 3250U with Radeon Graphics         , 4 cores, 5G,  Windows 11 , 64 bit Build 26100 (10.0.26100.3037)
Time: Fri Jul 25 16:32:39 2025 India Standard Time elapsed time: 330.469459 seconds (0d 0h 5m 30s)

---------------  T H R E A D  ---------------

Current thread (0x000002ca0d6f4400):  JavaThread "C2 CompilerThread0" daemon [_thread_in_native, id=8440, stack(0x000000fc20c00000,0x000000fc20d00000) (1024K)]


Current CompileTask:
C2:330469 13959   !   4       org.eclipse.jdt.internal.compiler.parser.diagnose.DiagnoseParser::diagnoseParse0 (1345 bytes)

Stack: [0x000000fc20c00000,0x000000fc20d00000]
Native frames: (J=compiled Java code, j=interpreted, Vv=VM code, C=native code)
V  [jvm.dll+0x6ce119]
V  [jvm.dll+0x8a84a1]
V  [jvm.dll+0x8aa9ce]
V  [jvm.dll+0x8ab0b3]
V  [jvm.dll+0x27f8a6]
V  [jvm.dll+0xc507d]
V  [jvm.dll+0xc55b3]
V  [jvm.dll+0x3b692c]
V  [jvm.dll+0x382aa5]
V  [jvm.dll+0x381f0a]
V  [jvm.dll+0x247af0]
V  [jvm.dll+0x2470cf]
V  [jvm.dll+0x1c760e]
V  [jvm.dll+0x25695a]
V  [jvm.dll+0x254efa]
V  [jvm.dll+0x3f03f6]
V  [jvm.dll+0x851f6b]
V  [jvm.dll+0x6cc7dd]
C  [ucrtbase.dll+0x37b0]
C  [KERNEL32.DLL+0x2e8d7]
C  [ntdll.dll+0xbbf2c]


---------------  P R O C E S S  ---------------

Threads class SMR info:
_java_thread_list=0x000002ca6be48270, length=42, elements={
0x000002ca0d7fac80, 0x000002ca0d6e8230, 0x000002ca0d6ea760, 0x000002ca0d6ef2d0,
0x000002ca0d6eff20, 0x000002ca0d6f0b70, 0x000002ca0d6f35d0, 0x000002ca0d6f4400,
0x000002ca0d764840, 0x000002ca0d868560, 0x000002ca6a1cc2c0, 0x000002ca6ab5bd30,
0x000002ca6aac31a0, 0x000002ca6aad8510, 0x000002ca6aaed600, 0x000002ca6a2bae00,
0x000002ca6af65b60, 0x000002ca6af6d6a0, 0x000002ca6af6c980, 0x000002ca6af6af40,
0x000002ca6af6b5d0, 0x000002ca6af6c2f0, 0x000002ca6cbd7410, 0x000002ca6cbd94e0,
0x000002ca6cbd66f0, 0x000002ca6cbd8130, 0x000002ca6cbd6060, 0x000002ca6cbd8e50,
0x000002ca6cbd9b70, 0x000002ca6cbda200, 0x000002ca6cbd6d80, 0x000002ca6cbd87c0,
0x000002ca6cbdaf20, 0x000002ca6cbd7aa0, 0x000002ca6cbdcff0, 0x000002ca6ed1cbd0,
0x000002ca6ed1eca0, 0x000002ca6ed1b820, 0x000002ca6ed1d260, 0x000002ca6ed1d8f0,
0x000002ca6ed1df80, 0x000002ca6a3620a0
}

Java Threads: ( => current thread )
  0x000002ca0d7fac80 JavaThread "main"                              [_thread_blocked, id=12884, stack(0x000000fc20200000,0x000000fc20300000) (1024K)]
  0x000002ca0d6e8230 JavaThread "Reference Handler"          daemon [_thread_blocked, id=15908, stack(0x000000fc20600000,0x000000fc20700000) (1024K)]
  0x000002ca0d6ea760 JavaThread "Finalizer"                  daemon [_thread_blocked, id=9808, stack(0x000000fc20700000,0x000000fc20800000) (1024K)]
  0x000002ca0d6ef2d0 JavaThread "Signal Dispatcher"          daemon [_thread_blocked, id=18052, stack(0x000000fc20800000,0x000000fc20900000) (1024K)]
  0x000002ca0d6eff20 JavaThread "Attach Listener"            daemon [_thread_blocked, id=3848, stack(0x000000fc20900000,0x000000fc20a00000) (1024K)]
  0x000002ca0d6f0b70 JavaThread "Service Thread"             daemon [_thread_blocked, id=3280, stack(0x000000fc20a00000,0x000000fc20b00000) (1024K)]
  0x000002ca0d6f35d0 JavaThread "Monitor Deflation Thread"   daemon [_thread_blocked, id=488, stack(0x000000fc20b00000,0x000000fc20c00000) (1024K)]
=>0x000002ca0d6f4400 JavaThread "C2 CompilerThread0"         daemon [_thread_in_native, id=8440, stack(0x000000fc20c00000,0x000000fc20d00000) (1024K)]
  0x000002ca0d764840 JavaThread "C1 CompilerThread0"         daemon [_thread_blocked, id=6212, stack(0x000000fc20d00000,0x000000fc20e00000) (1024K)]
  0x000002ca0d868560 JavaThread "Common-Cleaner"             daemon [_thread_blocked, id=7640, stack(0x000000fc20e00000,0x000000fc20f00000) (1024K)]
  0x000002ca6a1cc2c0 JavaThread "Notification Thread"        daemon [_thread_blocked, id=14036, stack(0x000000fc20f00000,0x000000fc21000000) (1024K)]
  0x000002ca6ab5bd30 JavaThread "Active Thread: Equinox Container: fd135101-0040-4dfd-a398-ebb877295406"        [_thread_blocked, id=12356, stack(0x000000fc21000000,0x000000fc21100000) (1024K)]
  0x000002ca6aac31a0 JavaThread "Refresh Thread: Equinox Container: fd135101-0040-4dfd-a398-ebb877295406" daemon [_thread_blocked, id=8172, stack(0x000000fc21400000,0x000000fc21500000) (1024K)]
  0x000002ca6aad8510 JavaThread "Framework Event Dispatcher: Equinox Container: fd135101-0040-4dfd-a398-ebb877295406" daemon [_thread_blocked, id=18224, stack(0x000000fc21500000,0x000000fc21600000) (1024K)]
  0x000002ca6aaed600 JavaThread "Start Level: Equinox Container: fd135101-0040-4dfd-a398-ebb877295406" daemon [_thread_blocked, id=15048, stack(0x000000fc21600000,0x000000fc21700000) (1024K)]
  0x000002ca6a2bae00 JavaThread "Bundle File Closer"         daemon [_thread_blocked, id=17148, stack(0x000000fc21700000,0x000000fc21800000) (1024K)]
  0x000002ca6af65b60 JavaThread "SCR Component Actor"        daemon [_thread_blocked, id=7524, stack(0x000000fc21800000,0x000000fc21900000) (1024K)]
  0x000002ca6af6d6a0 JavaThread "Worker-JM"                         [_thread_blocked, id=10188, stack(0x000000fc21a00000,0x000000fc21b00000) (1024K)]
  0x000002ca6af6c980 JavaThread "Worker-1"                          [_thread_blocked, id=11744, stack(0x000000fc21c00000,0x000000fc21d00000) (1024K)]
  0x000002ca6af6af40 JavaThread "Java indexing"              daemon [_thread_blocked, id=15684, stack(0x000000fc22000000,0x000000fc22100000) (1024K)]
  0x000002ca6af6b5d0 JavaThread "JNA Cleaner"                daemon [_thread_blocked, id=13160, stack(0x000000fc22100000,0x000000fc22200000) (1024K)]
  0x000002ca6af6c2f0 JavaThread "Worker-5"                          [_thread_blocked, id=5196, stack(0x000000fc22400000,0x000000fc22500000) (1024K)]
  0x000002ca6cbd7410 JavaThread "Thread-2"                   daemon [_thread_in_native, id=3656, stack(0x000000fc22500000,0x000000fc22600000) (1024K)]
  0x000002ca6cbd94e0 JavaThread "Thread-3"                   daemon [_thread_in_native, id=13576, stack(0x000000fc22600000,0x000000fc22700000) (1024K)]
  0x000002ca6cbd66f0 JavaThread "Thread-4"                   daemon [_thread_in_native, id=9644, stack(0x000000fc22700000,0x000000fc22800000) (1024K)]
  0x000002ca6cbd8130 JavaThread "Thread-5"                   daemon [_thread_in_native, id=720, stack(0x000000fc22800000,0x000000fc22900000) (1024K)]
  0x000002ca6cbd6060 JavaThread "Thread-6"                   daemon [_thread_in_native, id=8952, stack(0x000000fc22900000,0x000000fc22a00000) (1024K)]
  0x000002ca6cbd8e50 JavaThread "pool-2-thread-1"                   [_thread_blocked, id=11628, stack(0x000000fc22a00000,0x000000fc22b00000) (1024K)]
  0x000002ca6cbd9b70 JavaThread "WorkspaceEventsHandler"            [_thread_blocked, id=13620, stack(0x000000fc22c00000,0x000000fc22d00000) (1024K)]
  0x000002ca6cbda200 JavaThread "pool-1-thread-1"                   [_thread_blocked, id=12396, stack(0x000000fc22d00000,0x000000fc22e00000) (1024K)]
  0x000002ca6cbd6d80 JavaThread "Compiler Source File Reader" daemon [_thread_blocked, id=17212, stack(0x000000fc21d00000,0x000000fc21e00000) (1024K)]
  0x000002ca6cbd87c0 JavaThread "Compiler Source File Reader" daemon [_thread_blocked, id=7324, stack(0x000000fc22e00000,0x000000fc22f00000) (1024K)]
  0x000002ca6cbdaf20 JavaThread "Compiler Class File Writer" daemon [_thread_blocked, id=2244, stack(0x000000fc23100000,0x000000fc23200000) (1024K)]
  0x000002ca6cbd7aa0 JavaThread "Compiler Class File Writer" daemon [_thread_blocked, id=1896, stack(0x000000fc23200000,0x000000fc23300000) (1024K)]
  0x000002ca6cbdcff0 JavaThread "ForkJoinPool.commonPool-worker-2" daemon [_thread_blocked, id=5708, stack(0x000000fc23400000,0x000000fc23500000) (1024K)]
  0x000002ca6ed1cbd0 JavaThread "Cleaner-0"                  daemon [_thread_blocked, id=14988, stack(0x000000fc23000000,0x000000fc23100000) (1024K)]
  0x000002ca6ed1eca0 JavaThread "ForkJoinPool.commonPool-worker-4" daemon [_thread_blocked, id=13152, stack(0x000000fc20100000,0x000000fc20200000) (1024K)]
  0x000002ca6ed1b820 JavaThread "ForkJoinPool.commonPool-worker-5" daemon [_thread_blocked, id=11352, stack(0x000000fc21900000,0x000000fc21a00000) (1024K)]
  0x000002ca6ed1d260 JavaThread "Worker-6"                          [_thread_blocked, id=8912, stack(0x000000fc20000000,0x000000fc20100000) (1024K)]
  0x000002ca6ed1d8f0 JavaThread "Compiler Processing Task"   daemon [_thread_blocked, id=13608, stack(0x000000fc21f00000,0x000000fc22000000) (1024K)]
  0x000002ca6ed1df80 JavaThread "Worker-7"                          [_thread_blocked, id=14464, stack(0x000000fc22200000,0x000000fc22300000) (1024K)]
  0x000002ca6a3620a0 JavaThread "C2 CompilerThread1"         daemon [_thread_in_native, id=11832, stack(0x000000fc21b00000,0x000000fc21c00000) (1024K)]
Total: 42

Other Threads:
  0x000002ca0d8ba820 VMThread "VM Thread"                           [id=9152, stack(0x000000fc20500000,0x000000fc20600000) (1024K)]
  0x000002ca0d68ca00 WatcherThread "VM Periodic Task Thread"        [id=11916, stack(0x000000fc20400000,0x000000fc20500000) (1024K)]
  0x000002ca0d81a0f0 WorkerThread "GC Thread#0"                     [id=16524, stack(0x000000fc20300000,0x000000fc20400000) (1024K)]
  0x000002ca6a504420 WorkerThread "GC Thread#1"                     [id=9372, stack(0x000000fc21100000,0x000000fc21200000) (1024K)]
  0x000002ca6a5047c0 WorkerThread "GC Thread#2"                     [id=14640, stack(0x000000fc21200000,0x000000fc21300000) (1024K)]
  0x000002ca6a40b040 WorkerThread "GC Thread#3"                     [id=6784, stack(0x000000fc21300000,0x000000fc21400000) (1024K)]
Total: 6

Threads with active compile tasks:
C2 CompilerThread0  330584 13959   !   4       org.eclipse.jdt.internal.compiler.parser.diagnose.DiagnoseParser::diagnoseParse0 (1345 bytes)
C2 CompilerThread1  330584 14052   !   4       com.google.gson.Gson::getAdapter (265 bytes)
Total: 2

VM state: not at safepoint (normal execution)

VM Mutex/Monitor currently owned by a thread: None

Heap address: 0x0000000080000000, size: 2048 MB, Compressed Oops mode: 32-bit

CDS archive(s) mapped at: [0x000002ca25000000-0x000002ca25ba0000-0x000002ca25ba0000), size 12189696, SharedBaseAddress: 0x000002ca25000000, ArchiveRelocationMode: 1.
Compressed class space mapped at: 0x000002ca26000000-0x000002ca66000000, reserved size: 1073741824
Narrow klass base: 0x000002ca25000000, Narrow klass shift: 0, Narrow klass range: 0x100000000

GC Precious Log:
 CardTable entry size: 512
 CPUs: 4 total, 4 available
 Memory: 6081M
 Large Page Support: Disabled
 NUMA Support: Disabled
 Compressed Oops: Enabled (32-bit)
 Alignments: Space 512K, Generation 512K, Heap 2M
 Heap Min Capacity: 100M
 Heap Initial Capacity: 100M
 Heap Max Capacity: 2G
 Pre-touch: Disabled
 Parallel Workers: 4

Heap:
 PSYoungGen      total 3584K, used 1197K [0x00000000d5580000, 0x00000000d5a00000, 0x0000000100000000)
  eden space 2560K, 14% used [0x00000000d5580000,0x00000000d55db7e0,0x00000000d5800000)
  from space 1024K, 81% used [0x00000000d5800000,0x00000000d58d0010,0x00000000d5900000)
  to   space 1024K, 0% used [0x00000000d5900000,0x00000000d5900000,0x00000000d5a00000)
 ParOldGen       total 435712K, used 435317K [0x0000000080000000, 0x000000009a980000, 0x00000000d5580000)
  object space 435712K, 99% used [0x0000000080000000,0x000000009a91d4e8,0x000000009a980000)
 Metaspace       used 77054K, committed 78656K, reserved 1179648K
  class space    used 7956K, committed 8640K, reserved 1048576K

Card table byte_map: [0x000002ca0d1a0000,0x000002ca0d5b0000] _byte_map_base: 0x000002ca0cda0000

Marking Bits: (ParMarkBitMap*) 0x00007ffd162a31f0
 Begin Bits: [0x000002ca1fca0000, 0x000002ca21ca0000)
 End Bits:   [0x000002ca21ca0000, 0x000002ca23ca0000)

Polling page: 0x000002ca0b620000

Metaspace:

Usage:
  Non-class:     67.48 MB used.
      Class:      7.77 MB used.
       Both:     75.25 MB used.

Virtual space:
  Non-class space:      128.00 MB reserved,      68.38 MB ( 53%) committed,  2 nodes.
      Class space:        1.00 GB reserved,       8.44 MB ( <1%) committed,  1 nodes.
             Both:        1.12 GB reserved,      76.81 MB (  7%) committed. 

Chunk freelists:
   Non-Class:  11.31 MB
       Class:  7.50 MB
        Both:  18.81 MB

MaxMetaspaceSize: unlimited
CompressedClassSpaceSize: 1.00 GB
Initial GC threshold: 21.00 MB
Current GC threshold: 108.75 MB
CDS: on
 - commit_granule_bytes: 65536.
 - commit_granule_words: 8192.
 - virtual_space_node_default_size: 8388608.
 - enlarge_chunks_in_place: 1.
 - use_allocation_guard: 0.


Internal statistics:

num_allocs_failed_limit: 11.
num_arena_births: 1382.
num_arena_deaths: 22.
num_vsnodes_births: 3.
num_vsnodes_deaths: 0.
num_space_committed: 1229.
num_space_uncommitted: 0.
num_chunks_returned_to_freelist: 35.
num_chunks_taken_from_freelist: 5032.
num_chunk_merges: 16.
num_chunk_splits: 3020.
num_chunks_enlarged: 1604.
num_inconsistent_stats: 0.

CodeHeap 'non-profiled nmethods': size=120000Kb used=11622Kb max_used=11622Kb free=108378Kb
 bounds [0x000002ca184c0000, 0x000002ca19020000, 0x000002ca1f9f0000]
CodeHeap 'profiled nmethods': size=120000Kb used=31019Kb max_used=31019Kb free=88981Kb
 bounds [0x000002ca109f0000, 0x000002ca12840000, 0x000002ca17f20000]
CodeHeap 'non-nmethods': size=5760Kb used=1507Kb max_used=1579Kb free=4252Kb
 bounds [0x000002ca17f20000, 0x000002ca18190000, 0x000002ca184c0000]
 total_blobs=13388 nmethods=12561 adapters=729
 compilation: enabled
              stopped_count=0, restarted_count=0
 full_count=0

Compilation events (20 events):
Event: 330.379 Thread 0x000002ca0d764840 nmethod 14025 0x000002ca12809510 code [0x000002ca128096e0, 0x000002ca12809ab8]
Event: 330.379 Thread 0x000002ca0d764840 14026       3       org.eclipse.jdt.ls.core.internal.contentassist.CompletionProposalDescriptionProvider::setLabelDetails (47 bytes)
Event: 330.381 Thread 0x000002ca0d764840 nmethod 14026 0x000002ca12809c10 code [0x000002ca12809e20, 0x000002ca1280a468]
Event: 330.386 Thread 0x000002ca0d764840 14027       3       org.eclipse.jdt.ls.core.internal.contentassist.CompletionProposalDescriptionProvider::createTypeProposalLabel (94 bytes)
Event: 330.387 Thread 0x000002ca0d764840 nmethod 14027 0x000002ca1280a710 code [0x000002ca1280a9c0, 0x000002ca1280b428]
Event: 330.388 Thread 0x000002ca0d764840 14028       3       org.eclipse.jdt.ls.core.internal.contentassist.CompletionProposalDescriptionProvider::createTypeProposalLabel (135 bytes)
Event: 330.390 Thread 0x000002ca0d764840 nmethod 14028 0x000002ca1280b690 code [0x000002ca1280b980, 0x000002ca1280c800]
Event: 330.390 Thread 0x000002ca0d764840 14029       3       org.eclipse.lsp4j.CompletionItem::<init> (5 bytes)
Event: 330.391 Thread 0x000002ca0d764840 nmethod 14029 0x000002ca1280ce10 code [0x000002ca1280cfc0, 0x000002ca1280d128]
Event: 330.392 Thread 0x000002ca0d764840 14030       3       org.eclipse.lsp4j.InsertReplaceEdit::setReplace (14 bytes)
Event: 330.394 Thread 0x000002ca0d764840 nmethod 14030 0x000002ca1280d210 code [0x000002ca1280d3e0, 0x000002ca1280d720]
Event: 330.394 Thread 0x000002ca0d764840 14031       3       org.eclipse.lsp4j.InsertReplaceEdit::setInsert (14 bytes)
Event: 330.395 Thread 0x000002ca0d764840 nmethod 14031 0x000002ca1280d890 code [0x000002ca1280da60, 0x000002ca1280dda0]
Event: 330.395 Thread 0x000002ca0d764840 14032       3       java.util.Comparator::naturalOrder (4 bytes)
Event: 330.396 Thread 0x000002ca0d764840 nmethod 14032 0x000002ca1280df10 code [0x000002ca1280e0a0, 0x000002ca1280e198]
Event: 330.403 Thread 0x000002ca0d764840 14033       3       org.eclipse.jdt.ls.core.internal.contentassist.CompletionProposalRequestor::getEditRange (124 bytes)
Event: 330.460 Thread 0x000002ca0d764840 nmethod 14033 0x000002ca1280e210 code [0x000002ca1280e520, 0x000002ca1280fd98]
Event: 330.461 Thread 0x000002ca0d764840 14035       3       java.util.stream.SortedOps::makeRef (9 bytes)
Event: 330.462 Thread 0x000002ca0d764840 nmethod 14035 0x000002ca12810490 code [0x000002ca12810640, 0x000002ca128107d0]
Event: 330.462 Thread 0x000002ca0d764840 14036       3       java.util.stream.SortedOps$OfRef::<init> (30 bytes)

GC Heap History (20 events):
Event: 329.299 GC heap before
{Heap before GC invocations=685 (full 4):
 PSYoungGen      total 2048K, used 1741K [0x00000000d5580000, 0x00000000d5900000, 0x0000000100000000)
  eden space 1536K, 99% used [0x00000000d5580000,0x00000000d56ff4d0,0x00000000d5700000)
  from space 512K, 40% used [0x00000000d5880000,0x00000000d58b4010,0x00000000d5900000)
  to   space 512K, 0% used [0x00000000d5800000,0x00000000d5800000,0x00000000d5880000)
 ParOldGen       total 430080K, used 429708K [0x0000000080000000, 0x000000009a400000, 0x00000000d5580000)
  object space 430080K, 99% used [0x0000000080000000,0x000000009a3a3068,0x000000009a400000)
 Metaspace       used 76861K, committed 78400K, reserved 1179648K
  class space    used 7956K, committed 8640K, reserved 1048576K
}
Event: 329.301 GC heap after
{Heap after GC invocations=685 (full 4):
 PSYoungGen      total 2048K, used 432K [0x00000000d5580000, 0x00000000d5900000, 0x0000000100000000)
  eden space 1536K, 0% used [0x00000000d5580000,0x00000000d5580000,0x00000000d5700000)
  from space 512K, 84% used [0x00000000d5800000,0x00000000d586c010,0x00000000d5880000)
  to   space 512K, 0% used [0x00000000d5880000,0x00000000d5880000,0x00000000d5900000)
 ParOldGen       total 430080K, used 429740K [0x0000000080000000, 0x000000009a400000, 0x00000000d5580000)
  object space 430080K, 99% used [0x0000000080000000,0x000000009a3ab068,0x000000009a400000)
 Metaspace       used 76861K, committed 78400K, reserved 1179648K
  class space    used 7956K, committed 8640K, reserved 1048576K
}
Event: 329.608 GC heap before
{Heap before GC invocations=686 (full 4):
 PSYoungGen      total 2048K, used 1968K [0x00000000d5580000, 0x00000000d5900000, 0x0000000100000000)
  eden space 1536K, 100% used [0x00000000d5580000,0x00000000d5700000,0x00000000d5700000)
  from space 512K, 84% used [0x00000000d5800000,0x00000000d586c010,0x00000000d5880000)
  to   space 512K, 0% used [0x00000000d5880000,0x00000000d5880000,0x00000000d5900000)
 ParOldGen       total 430080K, used 429740K [0x0000000080000000, 0x000000009a400000, 0x00000000d5580000)
  object space 430080K, 99% used [0x0000000080000000,0x000000009a3ab068,0x000000009a400000)
 Metaspace       used 76873K, committed 78400K, reserved 1179648K
  class space    used 7956K, committed 8640K, reserved 1048576K
}
Event: 329.610 GC heap after
{Heap after GC invocations=686 (full 4):
 PSYoungGen      total 2048K, used 128K [0x00000000d5580000, 0x00000000d5900000, 0x0000000100000000)
  eden space 1536K, 0% used [0x00000000d5580000,0x00000000d5580000,0x00000000d5700000)
  from space 512K, 25% used [0x00000000d5880000,0x00000000d58a0000,0x00000000d5900000)
  to   space 512K, 0% used [0x00000000d5800000,0x00000000d5800000,0x00000000d5880000)
 ParOldGen       total 430080K, used 429764K [0x0000000080000000, 0x000000009a400000, 0x00000000d5580000)
  object space 430080K, 99% used [0x0000000080000000,0x000000009a3b1068,0x000000009a400000)
 Metaspace       used 76873K, committed 78400K, reserved 1179648K
  class space    used 7956K, committed 8640K, reserved 1048576K
}
Event: 329.968 GC heap before
{Heap before GC invocations=687 (full 4):
 PSYoungGen      total 2048K, used 1639K [0x00000000d5580000, 0x00000000d5900000, 0x0000000100000000)
  eden space 1536K, 98% used [0x00000000d5580000,0x00000000d56f9e88,0x00000000d5700000)
  from space 512K, 25% used [0x00000000d5880000,0x00000000d58a0000,0x00000000d5900000)
  to   space 512K, 0% used [0x00000000d5800000,0x00000000d5800000,0x00000000d5880000)
 ParOldGen       total 430080K, used 429764K [0x0000000080000000, 0x000000009a400000, 0x00000000d5580000)
  object space 430080K, 99% used [0x0000000080000000,0x000000009a3b1068,0x000000009a400000)
 Metaspace       used 76874K, committed 78400K, reserved 1179648K
  class space    used 7956K, committed 8640K, reserved 1048576K
}
Event: 329.970 GC heap after
{Heap after GC invocations=687 (full 4):
 PSYoungGen      total 2048K, used 486K [0x00000000d5580000, 0x00000000d5900000, 0x0000000100000000)
  eden space 1536K, 0% used [0x00000000d5580000,0x00000000d5580000,0x00000000d5700000)
  from space 512K, 95% used [0x00000000d5800000,0x00000000d5879b18,0x00000000d5880000)
  to   space 512K, 0% used [0x00000000d5880000,0x00000000d5880000,0x00000000d5900000)
 ParOldGen       total 430080K, used 429780K [0x0000000080000000, 0x000000009a400000, 0x00000000d5580000)
  object space 430080K, 99% used [0x0000000080000000,0x000000009a3b5068,0x000000009a400000)
 Metaspace       used 76874K, committed 78400K, reserved 1179648K
  class space    used 7956K, committed 8640K, reserved 1048576K
}
Event: 329.975 GC heap before
{Heap before GC invocations=688 (full 4):
 PSYoungGen      total 2048K, used 2022K [0x00000000d5580000, 0x00000000d5900000, 0x0000000100000000)
  eden space 1536K, 100% used [0x00000000d5580000,0x00000000d5700000,0x00000000d5700000)
  from space 512K, 95% used [0x00000000d5800000,0x00000000d5879b18,0x00000000d5880000)
  to   space 512K, 0% used [0x00000000d5880000,0x00000000d5880000,0x00000000d5900000)
 ParOldGen       total 430080K, used 429780K [0x0000000080000000, 0x000000009a400000, 0x00000000d5580000)
  object space 430080K, 99% used [0x0000000080000000,0x000000009a3b5068,0x000000009a400000)
 Metaspace       used 76874K, committed 78400K, reserved 1179648K
  class space    used 7956K, committed 8640K, reserved 1048576K
}
Event: 329.979 GC heap after
{Heap after GC invocations=688 (full 4):
 PSYoungGen      total 1024K, used 486K [0x00000000d5580000, 0x00000000d5c00000, 0x0000000100000000)
  eden space 512K, 0% used [0x00000000d5580000,0x00000000d5580000,0x00000000d5600000)
  from space 512K, 95% used [0x00000000d5880000,0x00000000d58f9b18,0x00000000d5900000)
  to   space 2560K, 0% used [0x00000000d5600000,0x00000000d5600000,0x00000000d5880000)
 ParOldGen       total 431616K, used 431185K [0x0000000080000000, 0x000000009a580000, 0x00000000d5580000)
  object space 431616K, 99% used [0x0000000080000000,0x000000009a5145d0,0x000000009a580000)
 Metaspace       used 76874K, committed 78400K, reserved 1179648K
  class space    used 7956K, committed 8640K, reserved 1048576K
}
Event: 329.983 GC heap before
{Heap before GC invocations=689 (full 4):
 PSYoungGen      total 1024K, used 998K [0x00000000d5580000, 0x00000000d5c00000, 0x0000000100000000)
  eden space 512K, 100% used [0x00000000d5580000,0x00000000d5600000,0x00000000d5600000)
  from space 512K, 95% used [0x00000000d5880000,0x00000000d58f9b18,0x00000000d5900000)
  to   space 2560K, 0% used [0x00000000d5600000,0x00000000d5600000,0x00000000d5880000)
 ParOldGen       total 431616K, used 431185K [0x0000000080000000, 0x000000009a580000, 0x00000000d5580000)
  object space 431616K, 99% used [0x0000000080000000,0x000000009a5145d0,0x000000009a580000)
 Metaspace       used 76874K, committed 78400K, reserved 1179648K
  class space    used 7956K, committed 8640K, reserved 1048576K
}
Event: 329.986 GC heap after
{Heap after GC invocations=689 (full 4):
 PSYoungGen      total 1536K, used 544K [0x00000000d5580000, 0x00000000d5980000, 0x0000000100000000)
  eden space 512K, 0% used [0x00000000d5580000,0x00000000d5580000,0x00000000d5600000)
  from space 1024K, 53% used [0x00000000d5600000,0x00000000d5688000,0x00000000d5700000)
  to   space 1536K, 0% used [0x00000000d5800000,0x00000000d5800000,0x00000000d5980000)
 ParOldGen       total 432128K, used 431696K [0x0000000080000000, 0x000000009a600000, 0x00000000d5580000)
  object space 432128K, 99% used [0x0000000080000000,0x000000009a5940e8,0x000000009a600000)
 Metaspace       used 76874K, committed 78400K, reserved 1179648K
  class space    used 7956K, committed 8640K, reserved 1048576K
}
Event: 329.987 GC heap before
{Heap before GC invocations=690 (full 4):
 PSYoungGen      total 1536K, used 1056K [0x00000000d5580000, 0x00000000d5980000, 0x0000000100000000)
  eden space 512K, 100% used [0x00000000d5580000,0x00000000d5600000,0x00000000d5600000)
  from space 1024K, 53% used [0x00000000d5600000,0x00000000d5688000,0x00000000d5700000)
  to   space 1536K, 0% used [0x00000000d5800000,0x00000000d5800000,0x00000000d5980000)
 ParOldGen       total 432128K, used 431696K [0x0000000080000000, 0x000000009a600000, 0x00000000d5580000)
  object space 432128K, 99% used [0x0000000080000000,0x000000009a5940e8,0x000000009a600000)
 Metaspace       used 76874K, committed 78400K, reserved 1179648K
  class space    used 7956K, committed 8640K, reserved 1048576K
}
Event: 329.990 GC heap after
{Heap after GC invocations=690 (full 4):
 PSYoungGen      total 2048K, used 544K [0x00000000d5580000, 0x00000000d5900000, 0x0000000100000000)
  eden space 1024K, 0% used [0x00000000d5580000,0x00000000d5580000,0x00000000d5680000)
  from space 1024K, 53% used [0x00000000d5800000,0x00000000d5888000,0x00000000d5900000)
  to   space 1024K, 0% used [0x00000000d5700000,0x00000000d5700000,0x00000000d5800000)
 ParOldGen       total 432640K, used 432160K [0x0000000080000000, 0x000000009a680000, 0x00000000d5580000)
  object space 432640K, 99% used [0x0000000080000000,0x000000009a6080e8,0x000000009a680000)
 Metaspace       used 76874K, committed 78400K, reserved 1179648K
  class space    used 7956K, committed 8640K, reserved 1048576K
}
Event: 329.993 GC heap before
{Heap before GC invocations=691 (full 4):
 PSYoungGen      total 2048K, used 1568K [0x00000000d5580000, 0x00000000d5900000, 0x0000000100000000)
  eden space 1024K, 100% used [0x00000000d5580000,0x00000000d5680000,0x00000000d5680000)
  from space 1024K, 53% used [0x00000000d5800000,0x00000000d5888000,0x00000000d5900000)
  to   space 1024K, 0% used [0x00000000d5700000,0x00000000d5700000,0x00000000d5800000)
 ParOldGen       total 432640K, used 432160K [0x0000000080000000, 0x000000009a680000, 0x00000000d5580000)
  object space 432640K, 99% used [0x0000000080000000,0x000000009a6080e8,0x000000009a680000)
 Metaspace       used 76874K, committed 78400K, reserved 1179648K
  class space    used 7956K, committed 8640K, reserved 1048576K
}
Event: 329.997 GC heap after
{Heap after GC invocations=691 (full 4):
 PSYoungGen      total 2560K, used 1024K [0x00000000d5580000, 0x00000000d5b00000, 0x0000000100000000)
  eden space 1536K, 0% used [0x00000000d5580000,0x00000000d5580000,0x00000000d5700000)
  from space 1024K, 100% used [0x00000000d5700000,0x00000000d5800000,0x00000000d5800000)
  to   space 2048K, 0% used [0x00000000d5900000,0x00000000d5900000,0x00000000d5b00000)
 ParOldGen       total 433152K, used 432640K [0x0000000080000000, 0x000000009a700000, 0x00000000d5580000)
  object space 433152K, 99% used [0x0000000080000000,0x000000009a6800e8,0x000000009a700000)
 Metaspace       used 76874K, committed 78400K, reserved 1179648K
  class space    used 7956K, committed 8640K, reserved 1048576K
}
Event: 330.002 GC heap before
{Heap before GC invocations=692 (full 4):
 PSYoungGen      total 2560K, used 2560K [0x00000000d5580000, 0x00000000d5b00000, 0x0000000100000000)
  eden space 1536K, 100% used [0x00000000d5580000,0x00000000d5700000,0x00000000d5700000)
  from space 1024K, 100% used [0x00000000d5700000,0x00000000d5800000,0x00000000d5800000)
  to   space 2048K, 0% used [0x00000000d5900000,0x00000000d5900000,0x00000000d5b00000)
 ParOldGen       total 433152K, used 432640K [0x0000000080000000, 0x000000009a700000, 0x00000000d5580000)
  object space 433152K, 99% used [0x0000000080000000,0x000000009a6800e8,0x000000009a700000)
 Metaspace       used 76874K, committed 78400K, reserved 1179648K
  class space    used 7956K, committed 8640K, reserved 1048576K
}
Event: 330.006 GC heap after
{Heap after GC invocations=692 (full 4):
 PSYoungGen      total 3072K, used 640K [0x00000000d5580000, 0x00000000d5a00000, 0x0000000100000000)
  eden space 2048K, 0% used [0x00000000d5580000,0x00000000d5580000,0x00000000d5780000)
  from space 1024K, 62% used [0x00000000d5900000,0x00000000d59a0000,0x00000000d5a00000)
  to   space 1024K, 0% used [0x00000000d5800000,0x00000000d5800000,0x00000000d5900000)
 ParOldGen       total 433664K, used 433648K [0x0000000080000000, 0x000000009a780000, 0x00000000d5580000)
  object space 433664K, 99% used [0x0000000080000000,0x000000009a77c0e8,0x000000009a780000)
 Metaspace       used 76874K, committed 78400K, reserved 1179648K
  class space    used 7956K, committed 8640K, reserved 1048576K
}
Event: 330.017 GC heap before
{Heap before GC invocations=693 (full 4):
 PSYoungGen      total 3072K, used 2688K [0x00000000d5580000, 0x00000000d5a00000, 0x0000000100000000)
  eden space 2048K, 100% used [0x00000000d5580000,0x00000000d5780000,0x00000000d5780000)
  from space 1024K, 62% used [0x00000000d5900000,0x00000000d59a0000,0x00000000d5a00000)
  to   space 1024K, 0% used [0x00000000d5800000,0x00000000d5800000,0x00000000d5900000)
 ParOldGen       total 433664K, used 433648K [0x0000000080000000, 0x000000009a780000, 0x00000000d5580000)
  object space 433664K, 99% used [0x0000000080000000,0x000000009a77c0e8,0x000000009a780000)
 Metaspace       used 76875K, committed 78400K, reserved 1179648K
  class space    used 7956K, committed 8640K, reserved 1048576K
}
Event: 330.021 GC heap after
{Heap after GC invocations=693 (full 4):
 PSYoungGen      total 3584K, used 640K [0x00000000d5580000, 0x00000000d5a00000, 0x0000000100000000)
  eden space 2560K, 0% used [0x00000000d5580000,0x00000000d5580000,0x00000000d5800000)
  from space 1024K, 62% used [0x00000000d5800000,0x00000000d58a0000,0x00000000d5900000)
  to   space 1024K, 0% used [0x00000000d5900000,0x00000000d5900000,0x00000000d5a00000)
 ParOldGen       total 434176K, used 434136K [0x0000000080000000, 0x000000009a800000, 0x00000000d5580000)
  object space 434176K, 99% used [0x0000000080000000,0x000000009a7f60e8,0x000000009a800000)
 Metaspace       used 76875K, committed 78400K, reserved 1179648K
  class space    used 7956K, committed 8640K, reserved 1048576K
}
Event: 330.171 GC heap before
{Heap before GC invocations=694 (full 4):
 PSYoungGen      total 3584K, used 3200K [0x00000000d5580000, 0x00000000d5a00000, 0x0000000100000000)
  eden space 2560K, 100% used [0x00000000d5580000,0x00000000d5800000,0x00000000d5800000)
  from space 1024K, 62% used [0x00000000d5800000,0x00000000d58a0000,0x00000000d5900000)
  to   space 1024K, 0% used [0x00000000d5900000,0x00000000d5900000,0x00000000d5a00000)
 ParOldGen       total 434176K, used 434136K [0x0000000080000000, 0x000000009a800000, 0x00000000d5580000)
  object space 434176K, 99% used [0x0000000080000000,0x000000009a7f60e8,0x000000009a800000)
 Metaspace       used 76937K, committed 78464K, reserved 1179648K
  class space    used 7956K, committed 8640K, reserved 1048576K
}
Event: 330.174 GC heap after
{Heap after GC invocations=694 (full 4):
 PSYoungGen      total 3584K, used 800K [0x00000000d5580000, 0x00000000d5a80000, 0x0000000100000000)
  eden space 2560K, 0% used [0x00000000d5580000,0x00000000d5580000,0x00000000d5800000)
  from space 1024K, 78% used [0x00000000d5900000,0x00000000d59c8000,0x00000000d5a00000)
  to   space 1024K, 0% used [0x00000000d5800000,0x00000000d5800000,0x00000000d5900000)
 ParOldGen       total 434688K, used 434635K [0x0000000080000000, 0x000000009a880000, 0x00000000d5580000)
  object space 434688K, 99% used [0x0000000080000000,0x000000009a872c58,0x000000009a880000)
 Metaspace       used 76937K, committed 78464K, reserved 1179648K
  class space    used 7956K, committed 8640K, reserved 1048576K
}

Dll operation events (14 events):
Event: 0.034 Loaded shared library c:\Users\ACER\.vscode\extensions\redhat.java-1.43.1-win32-x64\jre\21.0.7-win32-x86_64\bin\java.dll
Event: 0.238 Loaded shared library c:\Users\ACER\.vscode\extensions\redhat.java-1.43.1-win32-x64\jre\21.0.7-win32-x86_64\bin\zip.dll
Event: 0.295 Loaded shared library C:\Users\ACER\.vscode\extensions\redhat.java-1.43.1-win32-x64\jre\21.0.7-win32-x86_64\bin\instrument.dll
Event: 0.309 Loaded shared library C:\Users\ACER\.vscode\extensions\redhat.java-1.43.1-win32-x64\jre\21.0.7-win32-x86_64\bin\net.dll
Event: 0.316 Loaded shared library C:\Users\ACER\.vscode\extensions\redhat.java-1.43.1-win32-x64\jre\21.0.7-win32-x86_64\bin\nio.dll
Event: 0.327 Loaded shared library C:\Users\ACER\.vscode\extensions\redhat.java-1.43.1-win32-x64\jre\21.0.7-win32-x86_64\bin\zip.dll
Event: 0.372 Loaded shared library C:\Users\ACER\.vscode\extensions\redhat.java-1.43.1-win32-x64\jre\21.0.7-win32-x86_64\bin\jimage.dll
Event: 0.605 Loaded shared library c:\Users\ACER\.vscode\extensions\redhat.java-1.43.1-win32-x64\jre\21.0.7-win32-x86_64\bin\verify.dll
Event: 5.639 Loaded shared library C:\Users\ACER\AppData\Roaming\Code\User\globalStorage\redhat.java\1.43.1\config_win\org.eclipse.equinox.launcher\org.eclipse.equinox.launcher.win32.win32.x86_64_1.2.1300.v20250331-1702\eclipse_11911.dll
Event: 10.559 Loaded shared library C:\Users\ACER\.vscode\extensions\redhat.java-1.43.1-win32-x64\jre\21.0.7-win32-x86_64\bin\management.dll
Event: 10.568 Loaded shared library C:\Users\ACER\.vscode\extensions\redhat.java-1.43.1-win32-x64\jre\21.0.7-win32-x86_64\bin\management_ext.dll
Event: 16.681 Loaded shared library C:\Users\ACER\AppData\Local\Temp\jna-2003023\jna11600099195834338135.dll
Event: 17.704 Loaded shared library C:\Users\ACER\.vscode\extensions\redhat.java-1.43.1-win32-x64\jre\21.0.7-win32-x86_64\bin\sunmscapi.dll
Event: 19.650 Loaded shared library C:\Users\ACER\.vscode\extensions\redhat.java-1.43.1-win32-x64\jre\21.0.7-win32-x86_64\bin\extnet.dll

Deoptimization events (20 events):
Event: 330.272 Thread 0x000002ca6ed1d260 Uncommon trap: trap_request=0xffffff45 fr.pc=0x000002ca18fcacf8 relative=0x00000000000003f8
Event: 330.272 Thread 0x000002ca6ed1d260 Uncommon trap: reason=unstable_if action=reinterpret pc=0x000002ca18fcacf8 method=org.eclipse.jdt.internal.compiler.SourceElementParser.checkComment()V @ 9 c2
Event: 330.272 Thread 0x000002ca6ed1d260 DEOPT PACKING pc=0x000002ca18fcacf8 sp=0x000000fc200feb20
Event: 330.272 Thread 0x000002ca6ed1d260 DEOPT UNPACKING pc=0x000002ca17f73aa2 sp=0x000000fc200fea68 mode 2
Event: 330.276 Thread 0x000002ca6cbda200 Uncommon trap: trap_request=0xffffffbe fr.pc=0x000002ca1901381c relative=0x00000000000002fc
Event: 330.277 Thread 0x000002ca6cbda200 Uncommon trap: reason=profile_predicate action=maybe_recompile pc=0x000002ca1901381c method=org.eclipse.jdt.ls.core.internal.contentassist.CompletionProposalRequestor$ProposalComparator.compare(Lorg/eclipse/jdt/core/CompletionProposal;Lorg/eclipse/jdt/cor
Event: 330.277 Thread 0x000002ca6cbda200 DEOPT PACKING pc=0x000002ca1901381c sp=0x000000fc22dfe270
Event: 330.277 Thread 0x000002ca6cbda200 DEOPT UNPACKING pc=0x000002ca17f73aa2 sp=0x000000fc22dfe1e0 mode 2
Event: 330.277 Thread 0x000002ca6cbda200 Uncommon trap: trap_request=0xffffffbe fr.pc=0x000002ca1901381c relative=0x00000000000002fc
Event: 330.277 Thread 0x000002ca6cbda200 Uncommon trap: reason=profile_predicate action=maybe_recompile pc=0x000002ca1901381c method=org.eclipse.jdt.ls.core.internal.contentassist.CompletionProposalRequestor$ProposalComparator.compare(Lorg/eclipse/jdt/core/CompletionProposal;Lorg/eclipse/jdt/cor
Event: 330.277 Thread 0x000002ca6cbda200 DEOPT PACKING pc=0x000002ca1901381c sp=0x000000fc22dfe270
Event: 330.277 Thread 0x000002ca6cbda200 DEOPT UNPACKING pc=0x000002ca17f73aa2 sp=0x000000fc22dfe1e0 mode 2
Event: 330.277 Thread 0x000002ca6cbda200 Uncommon trap: trap_request=0xffffffbe fr.pc=0x000002ca1901381c relative=0x00000000000002fc
Event: 330.277 Thread 0x000002ca6cbda200 Uncommon trap: reason=profile_predicate action=maybe_recompile pc=0x000002ca1901381c method=org.eclipse.jdt.ls.core.internal.contentassist.CompletionProposalRequestor$ProposalComparator.compare(Lorg/eclipse/jdt/core/CompletionProposal;Lorg/eclipse/jdt/cor
Event: 330.277 Thread 0x000002ca6cbda200 DEOPT PACKING pc=0x000002ca1901381c sp=0x000000fc22dfe270
Event: 330.277 Thread 0x000002ca6cbda200 DEOPT UNPACKING pc=0x000002ca17f73aa2 sp=0x000000fc22dfe1e0 mode 2
Event: 330.277 Thread 0x000002ca6cbda200 Uncommon trap: trap_request=0xffffffbe fr.pc=0x000002ca1901381c relative=0x00000000000002fc
Event: 330.277 Thread 0x000002ca6cbda200 Uncommon trap: reason=profile_predicate action=maybe_recompile pc=0x000002ca1901381c method=org.eclipse.jdt.ls.core.internal.contentassist.CompletionProposalRequestor$ProposalComparator.compare(Lorg/eclipse/jdt/core/CompletionProposal;Lorg/eclipse/jdt/cor
Event: 330.277 Thread 0x000002ca6cbda200 DEOPT PACKING pc=0x000002ca1901381c sp=0x000000fc22dfe270
Event: 330.277 Thread 0x000002ca6cbda200 DEOPT UNPACKING pc=0x000002ca17f73aa2 sp=0x000000fc22dfe1e0 mode 2

Classes loaded (20 events):
Event: 234.826 Loading class java/util/stream/Node$Builder$OfInt done
Event: 234.826 Loading class java/util/stream/Nodes$IntArrayNode
Event: 234.826 Loading class java/util/stream/Nodes$IntArrayNode done
Event: 234.826 Loading class java/util/stream/Nodes$IntFixedNodeBuilder done
Event: 234.827 Loading class java/util/stream/ReferencePipeline$4$1
Event: 234.827 Loading class java/util/stream/ReferencePipeline$4$1 done
Event: 249.837 Loading class java/util/Spliterators$IntArraySpliterator
Event: 249.849 Loading class java/util/Spliterators$IntArraySpliterator done
Event: 269.947 Loading class java/util/stream/ReduceOps$5
Event: 269.947 Loading class java/util/stream/ReduceOps$5 done
Event: 269.947 Loading class java/util/stream/ReduceOps$CountingSink$OfRef
Event: 269.951 Loading class java/util/stream/ReduceOps$CountingSink
Event: 269.951 Loading class java/util/stream/ReduceOps$CountingSink done
Event: 269.951 Loading class java/util/stream/ReduceOps$CountingSink$OfRef done
Event: 270.209 Loading class java/util/stream/DistinctOps
Event: 270.210 Loading class java/util/stream/DistinctOps done
Event: 270.210 Loading class java/util/stream/DistinctOps$1
Event: 270.210 Loading class java/util/stream/DistinctOps$1 done
Event: 270.214 Loading class java/util/stream/DistinctOps$1$2
Event: 270.216 Loading class java/util/stream/DistinctOps$1$2 done

Classes unloaded (11 events):
Event: 12.285 Thread 0x000002ca0d8ba820 Unloading class 0x000002ca2619d000 'java/lang/invoke/LambdaForm$MH+0x000002ca2619d000'
Event: 12.285 Thread 0x000002ca0d8ba820 Unloading class 0x000002ca2619cc00 'java/lang/invoke/LambdaForm$MH+0x000002ca2619cc00'
Event: 12.285 Thread 0x000002ca0d8ba820 Unloading class 0x000002ca2619c800 'java/lang/invoke/LambdaForm$MH+0x000002ca2619c800'
Event: 12.285 Thread 0x000002ca0d8ba820 Unloading class 0x000002ca2619c400 'java/lang/invoke/LambdaForm$MH+0x000002ca2619c400'
Event: 12.285 Thread 0x000002ca0d8ba820 Unloading class 0x000002ca2619c000 'java/lang/invoke/LambdaForm$BMH+0x000002ca2619c000'
Event: 12.285 Thread 0x000002ca0d8ba820 Unloading class 0x000002ca2619bc00 'java/lang/invoke/LambdaForm$DMH+0x000002ca2619bc00'
Event: 12.285 Thread 0x000002ca0d8ba820 Unloading class 0x000002ca2619a800 'java/lang/invoke/LambdaForm$DMH+0x000002ca2619a800'
Event: 17.886 Thread 0x000002ca0d8ba820 Unloading class 0x000002ca262d6000 'java/lang/invoke/LambdaForm$MH+0x000002ca262d6000'
Event: 17.886 Thread 0x000002ca0d8ba820 Unloading class 0x000002ca262d5400 'java/lang/invoke/LambdaForm$MH+0x000002ca262d5400'
Event: 17.886 Thread 0x000002ca0d8ba820 Unloading class 0x000002ca262d4c00 'java/lang/invoke/LambdaForm$MH+0x000002ca262d4c00'
Event: 17.886 Thread 0x000002ca0d8ba820 Unloading class 0x000002ca262d4800 'java/lang/invoke/LambdaForm$MH+0x000002ca262d4800'

Classes redefined (0 events):
No events

Internal exceptions (20 events):
Event: 250.018 Thread 0x000002ca6cbda200 Exception <a 'java/lang/IncompatibleClassChangeError'{0x00000000d5680848}: Found class java.lang.Object, but interface was expected> (0x00000000d5680848) 
thrown [s\src\hotspot\share\interpreter\linkResolver.cpp, line 840]
Event: 256.808 Thread 0x000002ca6ed1b820 Implicit null exception at 0x000002ca18c4acef to 0x000002ca18c4b0ac
Event: 256.900 Thread 0x000002ca6ed1b820 Exception <a 'java/lang/NoSuchMethodError'{0x00000000d57333f0}: 'int java.lang.invoke.DirectMethodHandle$Holder.invokeSpecialIFC(java.lang.Object, java.lang.Object, java.lang.Object)'> (0x00000000d57333f0) 
thrown [s\src\hotspot\share\interpreter\linkResolver.cpp, line 773]
Event: 264.823 Thread 0x000002ca6ed1eca0 Exception <a 'java/lang/ArrayIndexOutOfBoundsException'{0x00000000d55f2978}> (0x00000000d55f2978) 
thrown [s\src\hotspot\share\runtime\sharedRuntime.cpp, line 625]
Event: 265.103 Thread 0x000002ca6ed1eca0 Exception <a 'java/lang/ArrayIndexOutOfBoundsException'{0x00000000d5651c58}> (0x00000000d5651c58) 
thrown [s\src\hotspot\share\runtime\sharedRuntime.cpp, line 625]
Event: 265.720 Thread 0x000002ca6cbda200 Exception <a 'java/lang/ArrayIndexOutOfBoundsException'{0x00000000d5695b68}> (0x00000000d5695b68) 
thrown [s\src\hotspot\share\runtime\sharedRuntime.cpp, line 625]
Event: 269.645 Thread 0x000002ca6cbda200 Exception <a 'java/lang/IncompatibleClassChangeError'{0x00000000d56fce90}: Found class java.lang.Object, but interface was expected> (0x00000000d56fce90) 
thrown [s\src\hotspot\share\interpreter\linkResolver.cpp, line 840]
Event: 269.645 Thread 0x000002ca6cbda200 Exception <a 'java/lang/IncompatibleClassChangeError'{0x00000000d5700f78}: Found class java.lang.Object, but interface was expected> (0x00000000d5700f78) 
thrown [s\src\hotspot\share\interpreter\linkResolver.cpp, line 840]
Event: 269.984 Thread 0x000002ca6af6af40 Exception <a 'sun/nio/fs/WindowsException'{0x00000000d5611348}> (0x00000000d5611348) 
thrown [s\src\hotspot\share\prims\jni.cpp, line 520]
Event: 270.006 Thread 0x000002ca6af6af40 Implicit null exception at 0x000002ca18d3b67d to 0x000002ca18d3ba80
Event: 270.303 Thread 0x000002ca6af6af40 Implicit null exception at 0x000002ca18be3fa6 to 0x000002ca18bea7b8
Event: 286.468 Thread 0x000002ca6af6af40 Exception <a 'sun/nio/fs/WindowsException'{0x00000000d56e61e0}> (0x00000000d56e61e0) 
thrown [s\src\hotspot\share\prims\jni.cpp, line 520]
Event: 286.655 Thread 0x000002ca6af6af40 Exception <a 'sun/nio/fs/WindowsException'{0x00000000d55838e8}> (0x00000000d55838e8) 
thrown [s\src\hotspot\share\prims\jni.cpp, line 520]
Event: 288.790 Thread 0x000002ca6cbdcff0 Exception <a 'java/lang/NoSuchMethodError'{0x00000000d5792e98}: 'int java.lang.invoke.DirectMethodHandle$Holder.invokeVirtual(java.lang.Object, java.lang.Object, java.lang.Object, int)'> (0x00000000d5792e98) 
thrown [s\src\hotspot\share\interpreter\linkResolver.cpp, line 773]
Event: 288.830 Thread 0x000002ca6cbdcff0 Exception <a 'java/lang/NoSuchMethodError'{0x00000000d55815f0}: 'void java.lang.invoke.DirectMethodHandle$Holder.invokeSpecial(java.lang.Object, java.lang.Object, int)'> (0x00000000d55815f0) 
thrown [s\src\hotspot\share\interpreter\linkResolver.cpp, line 773]
Event: 296.924 Thread 0x000002ca6cbdcff0 Exception <a 'java/lang/ArrayIndexOutOfBoundsException'{0x00000000d55cc7c8}: Index 1720 out of bounds for length 1719> (0x00000000d55cc7c8) 
thrown [s\src\hotspot\share\interpreter\interpreterRuntime.cpp, line 439]
Event: 309.849 Thread 0x000002ca6ed1b820 Exception <a 'java/lang/ArrayIndexOutOfBoundsException'{0x00000000d55dbf60}: Index 1712 out of bounds for length 1712> (0x00000000d55dbf60) 
thrown [s\src\hotspot\share\interpreter\interpreterRuntime.cpp, line 439]
Event: 316.078 Thread 0x000002ca6cbdcff0 Exception <a 'java/lang/NoSuchMethodError'{0x00000000d56c93c8}: 'java.lang.Object java.lang.invoke.DirectMethodHandle$Holder.invokeStatic(java.lang.Object, int, java.lang.Object, java.lang.Object, java.lang.Object, java.lang.Object)'> (0x00000000d56c93c8) 
thrown [s\src\hotspot\share\interpreter\linkResolver.cpp, line 773]
Event: 328.281 Thread 0x000002ca6ed1eca0 Implicit null exception at 0x000002ca18f31431 to 0x000002ca18f319f4
Event: 328.956 Thread 0x000002ca6cbda200 Exception <a 'java/lang/IncompatibleClassChangeError'{0x00000000d55a45a8}: Found class java.lang.Object, but interface was expected> (0x00000000d55a45a8) 
thrown [s\src\hotspot\share\interpreter\linkResolver.cpp, line 840]

ZGC Phase Switch (0 events):
No events

VM Operations (20 events):
Event: 329.299 Executing VM operation: ParallelGCFailedAllocation (Allocation Failure)
Event: 329.301 Executing VM operation: ParallelGCFailedAllocation (Allocation Failure) done
Event: 329.608 Executing VM operation: ParallelGCFailedAllocation (Allocation Failure)
Event: 329.610 Executing VM operation: ParallelGCFailedAllocation (Allocation Failure) done
Event: 329.968 Executing VM operation: ParallelGCFailedAllocation (Allocation Failure)
Event: 329.970 Executing VM operation: ParallelGCFailedAllocation (Allocation Failure) done
Event: 329.975 Executing VM operation: ParallelGCFailedAllocation (Allocation Failure)
Event: 329.979 Executing VM operation: ParallelGCFailedAllocation (Allocation Failure) done
Event: 329.983 Executing VM operation: ParallelGCFailedAllocation (Allocation Failure)
Event: 329.986 Executing VM operation: ParallelGCFailedAllocation (Allocation Failure) done
Event: 329.987 Executing VM operation: ParallelGCFailedAllocation (Allocation Failure)
Event: 329.990 Executing VM operation: ParallelGCFailedAllocation (Allocation Failure) done
Event: 329.993 Executing VM operation: ParallelGCFailedAllocation (Allocation Failure)
Event: 329.997 Executing VM operation: ParallelGCFailedAllocation (Allocation Failure) done
Event: 330.002 Executing VM operation: ParallelGCFailedAllocation (Allocation Failure)
Event: 330.006 Executing VM operation: ParallelGCFailedAllocation (Allocation Failure) done
Event: 330.017 Executing VM operation: ParallelGCFailedAllocation (Allocation Failure)
Event: 330.021 Executing VM operation: ParallelGCFailedAllocation (Allocation Failure) done
Event: 330.171 Executing VM operation: ParallelGCFailedAllocation (Allocation Failure)
Event: 330.175 Executing VM operation: ParallelGCFailedAllocation (Allocation Failure) done

Memory protections (0 events):
No events

Nmethod flushes (20 events):
Event: 66.519 Thread 0x000002ca0d8ba820 flushing  nmethod 0x000002ca118c4410
Event: 66.519 Thread 0x000002ca0d8ba820 flushing  nmethod 0x000002ca118c5790
Event: 66.519 Thread 0x000002ca0d8ba820 flushing  nmethod 0x000002ca118c5e10
Event: 66.519 Thread 0x000002ca0d8ba820 flushing  nmethod 0x000002ca118c7a10
Event: 66.519 Thread 0x000002ca0d8ba820 flushing  nmethod 0x000002ca118cc290
Event: 66.519 Thread 0x000002ca0d8ba820 flushing  nmethod 0x000002ca118cd310
Event: 66.519 Thread 0x000002ca0d8ba820 flushing  nmethod 0x000002ca118dcd10
Event: 66.519 Thread 0x000002ca0d8ba820 flushing  nmethod 0x000002ca118f8a90
Event: 66.519 Thread 0x000002ca0d8ba820 flushing  nmethod 0x000002ca11907e90
Event: 66.519 Thread 0x000002ca0d8ba820 flushing  nmethod 0x000002ca11910990
Event: 66.519 Thread 0x000002ca0d8ba820 flushing  nmethod 0x000002ca11922290
Event: 66.519 Thread 0x000002ca0d8ba820 flushing  nmethod 0x000002ca11947610
Event: 66.519 Thread 0x000002ca0d8ba820 flushing  nmethod 0x000002ca1194a010
Event: 66.519 Thread 0x000002ca0d8ba820 flushing  nmethod 0x000002ca1194cb10
Event: 66.519 Thread 0x000002ca0d8ba820 flushing  nmethod 0x000002ca11950e10
Event: 66.519 Thread 0x000002ca0d8ba820 flushing  nmethod 0x000002ca119cbf10
Event: 66.519 Thread 0x000002ca0d8ba820 flushing  nmethod 0x000002ca119d0210
Event: 66.519 Thread 0x000002ca0d8ba820 flushing  nmethod 0x000002ca11a14090
Event: 66.519 Thread 0x000002ca0d8ba820 flushing  nmethod 0x000002ca11a14c90
Event: 66.519 Thread 0x000002ca0d8ba820 flushing  nmethod 0x000002ca11a17d90

Events (20 events):
Event: 273.268 Thread 0x000002ca0d764840 Thread added: 0x000002ca6a3619d0
Event: 273.562 Thread 0x000002ca6a3619d0 Thread exited: 0x000002ca6a3619d0
Event: 286.650 Thread 0x000002ca0d764840 Thread added: 0x000002ca6a3620a0
Event: 292.868 Thread 0x000002ca6a3620a0 Thread exited: 0x000002ca6a3620a0
Event: 303.542 Thread 0x000002ca0d764840 Thread added: 0x000002ca6a3620a0
Event: 304.353 Thread 0x000002ca6a3620a0 Thread exited: 0x000002ca6a3620a0
Event: 311.097 Thread 0x000002ca0d764840 Thread added: 0x000002ca6a35f7c0
Event: 311.471 Thread 0x000002ca6a35f7c0 Thread exited: 0x000002ca6a35f7c0
Event: 312.311 Thread 0x000002ca0d764840 Thread added: 0x000002ca6a3620a0
Event: 312.575 Thread 0x000002ca6a3620a0 Thread exited: 0x000002ca6a3620a0
Event: 313.154 Thread 0x000002ca0d764840 Thread added: 0x000002ca6a3620a0
Event: 313.335 Thread 0x000002ca6a3620a0 Thread exited: 0x000002ca6a3620a0
Event: 316.073 Thread 0x000002ca0d6f4400 Thread added: 0x000002ca6a360c30
Event: 316.345 Thread 0x000002ca6a360c30 Thread exited: 0x000002ca6a360c30
Event: 324.449 Thread 0x000002ca0d764840 Thread added: 0x000002ca6a363510
Event: 325.985 Thread 0x000002ca6a363510 Thread exited: 0x000002ca6a363510
Event: 326.066 Thread 0x000002ca6ed1f330 Thread exited: 0x000002ca6ed1f330
Event: 328.551 Thread 0x000002ca0d764840 Thread added: 0x000002ca6a360c30
Event: 329.068 Thread 0x000002ca6a360c30 Thread exited: 0x000002ca6a360c30
Event: 330.010 Thread 0x000002ca0d764840 Thread added: 0x000002ca6a3620a0


Dynamic libraries:
0x00007ff617870000 - 0x00007ff61787e000 	c:\Users\ACER\.vscode\extensions\redhat.java-1.43.1-win32-x64\jre\21.0.7-win32-x86_64\bin\java.exe
0x00007ffdc5980000 - 0x00007ffdc5be3000 	C:\WINDOWS\SYSTEM32\ntdll.dll
0x00007ffdc4c40000 - 0x00007ffdc4d07000 	C:\WINDOWS\System32\KERNEL32.DLL
0x00007ffdc2f60000 - 0x00007ffdc3327000 	C:\WINDOWS\System32\KERNELBASE.dll
0x00007ffdc3330000 - 0x00007ffdc347c000 	C:\WINDOWS\System32\ucrtbase.dll
0x00007ffd9b930000 - 0x00007ffd9b948000 	c:\Users\ACER\.vscode\extensions\redhat.java-1.43.1-win32-x64\jre\21.0.7-win32-x86_64\bin\jli.dll
0x00007ffdc3cd0000 - 0x00007ffdc3e99000 	C:\WINDOWS\System32\USER32.dll
0x00007ffdc2ea0000 - 0x00007ffdc2ec7000 	C:\WINDOWS\System32\win32u.dll
0x00007ffdc4c10000 - 0x00007ffdc4c3a000 	C:\WINDOWS\System32\GDI32.dll
0x00007ffdc3690000 - 0x00007ffdc37bb000 	C:\WINDOWS\System32\gdi32full.dll
0x00007ffdc3520000 - 0x00007ffdc35c3000 	C:\WINDOWS\System32\msvcp_win.dll
0x00007ffdb1e40000 - 0x00007ffdb20d0000 	C:\WINDOWS\WinSxS\amd64_microsoft.windows.common-controls_6595b64144ccf1df_6.0.26100.3037_none_3e09262ce333c378\COMCTL32.dll
0x00007ffdc4f00000 - 0x00007ffdc4fa9000 	C:\WINDOWS\System32\msvcrt.dll
0x00007ffd9b070000 - 0x00007ffd9b08e000 	c:\Users\ACER\.vscode\extensions\redhat.java-1.43.1-win32-x64\jre\21.0.7-win32-x86_64\bin\VCRUNTIME140.dll
0x00007ffdc5830000 - 0x00007ffdc585f000 	C:\WINDOWS\System32\IMM32.DLL
0x00007ffdba0c0000 - 0x00007ffdba0cc000 	c:\Users\ACER\.vscode\extensions\redhat.java-1.43.1-win32-x64\jre\21.0.7-win32-x86_64\bin\vcruntime140_1.dll
0x00007ffd55200000 - 0x00007ffd5528d000 	c:\Users\ACER\.vscode\extensions\redhat.java-1.43.1-win32-x64\jre\21.0.7-win32-x86_64\bin\msvcp140.dll
0x00007ffd155f0000 - 0x00007ffd16380000 	c:\Users\ACER\.vscode\extensions\redhat.java-1.43.1-win32-x64\jre\21.0.7-win32-x86_64\bin\server\jvm.dll
0x00007ffdc5770000 - 0x00007ffdc5824000 	C:\WINDOWS\System32\ADVAPI32.dll
0x00007ffdc5880000 - 0x00007ffdc5926000 	C:\WINDOWS\System32\sechost.dll
0x00007ffdc3bb0000 - 0x00007ffdc3cc6000 	C:\WINDOWS\System32\RPCRT4.dll
0x00007ffdc56f0000 - 0x00007ffdc5764000 	C:\WINDOWS\System32\WS2_32.dll
0x00007ffdc2bb0000 - 0x00007ffdc2bfe000 	C:\WINDOWS\SYSTEM32\POWRPROF.dll
0x00007ffdbc100000 - 0x00007ffdbc136000 	C:\WINDOWS\SYSTEM32\WINMM.dll
0x00007ffdbc140000 - 0x00007ffdbc14b000 	C:\WINDOWS\SYSTEM32\VERSION.dll
0x00007ffdc2b90000 - 0x00007ffdc2ba4000 	C:\WINDOWS\SYSTEM32\UMPDC.dll
0x00007ffdc1b50000 - 0x00007ffdc1b6a000 	C:\WINDOWS\SYSTEM32\kernel.appcore.dll
0x00007ffdba0a0000 - 0x00007ffdba0aa000 	c:\Users\ACER\.vscode\extensions\redhat.java-1.43.1-win32-x64\jre\21.0.7-win32-x86_64\bin\jimage.dll
0x00007ffdb6c00000 - 0x00007ffdb6e41000 	C:\WINDOWS\SYSTEM32\DBGHELP.DLL
0x00007ffdc3ea0000 - 0x00007ffdc421e000 	C:\WINDOWS\System32\combase.dll
0x00007ffdc3970000 - 0x00007ffdc3a46000 	C:\WINDOWS\System32\OLEAUT32.dll
0x00007ffda88e0000 - 0x00007ffda8919000 	C:\WINDOWS\SYSTEM32\dbgcore.DLL
0x00007ffdc3480000 - 0x00007ffdc3519000 	C:\WINDOWS\System32\bcryptPrimitives.dll
0x00007ffdb9f20000 - 0x00007ffdb9f2f000 	c:\Users\ACER\.vscode\extensions\redhat.java-1.43.1-win32-x64\jre\21.0.7-win32-x86_64\bin\instrument.dll
0x00007ffd9a7c0000 - 0x00007ffd9a7df000 	c:\Users\ACER\.vscode\extensions\redhat.java-1.43.1-win32-x64\jre\21.0.7-win32-x86_64\bin\java.dll
0x00007ffdc44a0000 - 0x00007ffdc4ba4000 	C:\WINDOWS\System32\SHELL32.dll
0x00007ffdc0a10000 - 0x00007ffdc1247000 	C:\WINDOWS\SYSTEM32\windows.storage.dll
0x00007ffdc4390000 - 0x00007ffdc4479000 	C:\WINDOWS\System32\SHCORE.dll
0x00007ffdc4bb0000 - 0x00007ffdc4c0d000 	C:\WINDOWS\System32\shlwapi.dll
0x00007ffdc2c30000 - 0x00007ffdc2c5e000 	C:\WINDOWS\SYSTEM32\profapi.dll
0x00007ffd9a250000 - 0x00007ffd9a268000 	c:\Users\ACER\.vscode\extensions\redhat.java-1.43.1-win32-x64\jre\21.0.7-win32-x86_64\bin\zip.dll
0x00007ffdb9e90000 - 0x00007ffdb9ea0000 	C:\Users\ACER\.vscode\extensions\redhat.java-1.43.1-win32-x64\jre\21.0.7-win32-x86_64\bin\net.dll
0x00007ffdb9310000 - 0x00007ffdb942e000 	C:\WINDOWS\SYSTEM32\WINHTTP.dll
0x00007ffdc2060000 - 0x00007ffdc20ca000 	C:\WINDOWS\system32\mswsock.dll
0x00007ffd968a0000 - 0x00007ffd968b6000 	C:\Users\ACER\.vscode\extensions\redhat.java-1.43.1-win32-x64\jre\21.0.7-win32-x86_64\bin\nio.dll
0x00007ffda6b40000 - 0x00007ffda6b50000 	c:\Users\ACER\.vscode\extensions\redhat.java-1.43.1-win32-x64\jre\21.0.7-win32-x86_64\bin\verify.dll
0x00007ffd54bd0000 - 0x00007ffd54c15000 	C:\Users\ACER\AppData\Roaming\Code\User\globalStorage\redhat.java\1.43.1\config_win\org.eclipse.equinox.launcher\org.eclipse.equinox.launcher.win32.win32.x86_64_1.2.1300.v20250331-1702\eclipse_11911.dll
0x00007ffdc37c0000 - 0x00007ffdc3955000 	C:\WINDOWS\System32\ole32.dll
0x00007ffda6b10000 - 0x00007ffda6b1a000 	C:\Users\ACER\.vscode\extensions\redhat.java-1.43.1-win32-x64\jre\21.0.7-win32-x86_64\bin\management.dll
0x00007ffda6940000 - 0x00007ffda694b000 	C:\Users\ACER\.vscode\extensions\redhat.java-1.43.1-win32-x64\jre\21.0.7-win32-x86_64\bin\management_ext.dll
0x00007ffdc5930000 - 0x00007ffdc5938000 	C:\WINDOWS\System32\PSAPI.DLL
0x00007ffdc2300000 - 0x00007ffdc231c000 	C:\WINDOWS\SYSTEM32\CRYPTSP.dll
0x00007ffdc1ab0000 - 0x00007ffdc1ae8000 	C:\WINDOWS\system32\rsaenh.dll
0x00007ffdc2100000 - 0x00007ffdc212b000 	C:\WINDOWS\SYSTEM32\USERENV.dll
0x00007ffdc2540000 - 0x00007ffdc2566000 	C:\WINDOWS\SYSTEM32\bcrypt.dll
0x00007ffdc2320000 - 0x00007ffdc232c000 	C:\WINDOWS\SYSTEM32\CRYPTBASE.dll
0x00007ffdc15a0000 - 0x00007ffdc15d2000 	C:\WINDOWS\SYSTEM32\IPHLPAPI.DLL
0x00007ffdc5870000 - 0x00007ffdc587a000 	C:\WINDOWS\System32\NSI.dll
0x00007ffd39bc0000 - 0x00007ffd39c09000 	C:\Users\ACER\AppData\Local\Temp\jna-2003023\jna11600099195834338135.dll
0x00007ffdb97f0000 - 0x00007ffdb980f000 	C:\WINDOWS\SYSTEM32\dhcpcsvc6.DLL
0x00007ffdb97c0000 - 0x00007ffdb97e5000 	C:\WINDOWS\SYSTEM32\dhcpcsvc.DLL
0x00007ffd9f420000 - 0x00007ffd9f42e000 	C:\Users\ACER\.vscode\extensions\redhat.java-1.43.1-win32-x64\jre\21.0.7-win32-x86_64\bin\sunmscapi.dll
0x00007ffdc2d20000 - 0x00007ffdc2e96000 	C:\WINDOWS\System32\CRYPT32.dll
0x00007ffdc2500000 - 0x00007ffdc2530000 	C:\WINDOWS\SYSTEM32\ncrypt.dll
0x00007ffdc24b0000 - 0x00007ffdc24ef000 	C:\WINDOWS\SYSTEM32\NTASN1.dll
0x00007ffdc1640000 - 0x00007ffdc1765000 	C:\WINDOWS\SYSTEM32\DNSAPI.dll
0x00007ffdb97b0000 - 0x00007ffdb97bb000 	C:\Windows\System32\rasadhlp.dll
0x00007ffdb8120000 - 0x00007ffdb81a5000 	C:\WINDOWS\System32\fwpuclnt.dll
0x00007ffdbcd30000 - 0x00007ffdbcd39000 	C:\Users\ACER\.vscode\extensions\redhat.java-1.43.1-win32-x64\jre\21.0.7-win32-x86_64\bin\extnet.dll

dbghelp: loaded successfully - version: 4.0.5 - missing functions: none
symbol engine: initialized successfully - sym options: 0x614 - pdb path: .;c:\Users\ACER\.vscode\extensions\redhat.java-1.43.1-win32-x64\jre\21.0.7-win32-x86_64\bin;C:\WINDOWS\SYSTEM32;C:\WINDOWS\WinSxS\amd64_microsoft.windows.common-controls_6595b64144ccf1df_6.0.26100.3037_none_3e09262ce333c378;c:\Users\ACER\.vscode\extensions\redhat.java-1.43.1-win32-x64\jre\21.0.7-win32-x86_64\bin\server;C:\Users\ACER\AppData\Roaming\Code\User\globalStorage\redhat.java\1.43.1\config_win\org.eclipse.equinox.launcher\org.eclipse.equinox.launcher.win32.win32.x86_64_1.2.1300.v20250331-1702;C:\Users\ACER\AppData\Local\Temp\jna-2003023

VM Arguments:
jvm_args: --add-modules=ALL-SYSTEM --add-opens=java.base/java.util=ALL-UNNAMED --add-opens=java.base/java.lang=ALL-UNNAMED --add-opens=java.base/sun.nio.fs=ALL-UNNAMED -Declipse.application=org.eclipse.jdt.ls.core.id1 -Dosgi.bundles.defaultStartLevel=4 -Declipse.product=org.eclipse.jdt.ls.core.product -Djava.import.generatesMetadataFilesAtProjectRoot=false -DDetectVMInstallationsJob.disabled=true -Dfile.encoding=utf8 -XX:+UseParallelGC -XX:GCTimeRatio=4 -XX:AdaptiveSizePolicyWeight=90 -Dsun.zip.disableMemoryMapping=true -Xmx2G -Xms100m -Xlog:disable -javaagent:c:\Users\ACER\.vscode\extensions\redhat.java-1.43.1-win32-x64\lombok\lombok-1.18.39-4050.jar -XX:+HeapDumpOnOutOfMemoryError -XX:HeapDumpPath=c:\Users\ACER\AppData\Roaming\Code\User\workspaceStorage\15219cc19e9195b5b3522279bd389d27\redhat.java -Daether.dependencyCollector.impl=bf 
java_command: c:\Users\ACER\.vscode\extensions\redhat.java-1.43.1-win32-x64\server\plugins\org.eclipse.equinox.launcher_1.7.0.v20250519-0528.jar -configuration c:\Users\ACER\AppData\Roaming\Code\User\globalStorage\redhat.java\1.43.1\config_win -data c:\Users\ACER\AppData\Roaming\Code\User\workspaceStorage\15219cc19e9195b5b3522279bd389d27\redhat.java\jdt_ws --pipe=\\.\pipe\lsp-355ed1296c79501cb91750a0b012f44c-sock
java_class_path (initial): c:\Users\ACER\.vscode\extensions\redhat.java-1.43.1-win32-x64\server\plugins\org.eclipse.equinox.launcher_1.7.0.v20250519-0528.jar
Launcher Type: SUN_STANDARD

[Global flags]
    uintx AdaptiveSizePolicyWeight                 = 90                                        {product} {command line}
     intx CICompilerCount                          = 3                                         {product} {ergonomic}
    uintx GCTimeRatio                              = 4                                         {product} {command line}
     bool HeapDumpOnOutOfMemoryError               = true                                   {manageable} {command line}
    ccstr HeapDumpPath                             = c:\Users\ACER\AppData\Roaming\Code\User\workspaceStorage\15219cc19e9195b5b3522279bd389d27\redhat.java         {manageable} {command line}
   size_t InitialHeapSize                          = 104857600                                 {product} {command line}
   size_t MaxHeapSize                              = 2147483648                                {product} {command line}
   size_t MaxNewSize                               = 715653120                                 {product} {ergonomic}
   size_t MinHeapDeltaBytes                        = 524288                                    {product} {ergonomic}
   size_t MinHeapSize                              = 104857600                                 {product} {command line}
   size_t NewSize                                  = 34603008                                  {product} {ergonomic}
    uintx NonNMethodCodeHeapSize                   = 5832780                                {pd product} {ergonomic}
    uintx NonProfiledCodeHeapSize                  = 122912730                              {pd product} {ergonomic}
   size_t OldSize                                  = 70254592                                  {product} {ergonomic}
    uintx ProfiledCodeHeapSize                     = 122912730                              {pd product} {ergonomic}
    uintx ReservedCodeCacheSize                    = 251658240                              {pd product} {ergonomic}
     bool SegmentedCodeCache                       = true                                      {product} {ergonomic}
   size_t SoftMaxHeapSize                          = 2147483648                             {manageable} {ergonomic}
     bool UseCompressedOops                        = true                           {product lp64_product} {ergonomic}
     bool UseLargePagesIndividualAllocation        = false                                  {pd product} {ergonomic}
     bool UseParallelGC                            = true                                      {product} {command line}

Logging:
Log output configuration:
 #0: stdout all=off uptime,level,tags foldmultilines=false
 #1: stderr all=off uptime,level,tags foldmultilines=false

Environment Variables:
JAVA_HOME=C:\Program Files\Java\jdk-23
PATH=C:\Program Files\Common Files\Oracle\Java\javapath;C:\WINDOWS\system32;C:\WINDOWS;C:\WINDOWS\System32\Wbem;C:\WINDOWS\System32\WindowsPowerShell\v1.0\;C:\WINDOWS\System32\OpenSSH\;C:\Program Files\dotnet\;C:\Program Files\Java\jdk-23\bin;C:\Program Files\Git\cmd;C:\Program Files\nodejs;C:\Users\ACER\AppData\Roaming\npm;C:\Users\ACER\AppData\Local\Programs\Microsoft VS Code\bin;C:\Users\ACER\AppData\Local\Microsoft\WindowsApps;C:\Program Files\Java\jdk-23\bin;C:\Users\ACER\AppData\Roaming\npm;C:\Program Files\Apache Maven\apache-maven-3.9.9\bin;C:\Users\ACER\AppData\Local\Programs\Microsoft VS Code\bin
USERNAME=ACER
OS=Windows_NT
PROCESSOR_IDENTIFIER=AMD64 Family 23 Model 24 Stepping 1, AuthenticAMD
TMP=C:\Users\ACER\AppData\Local\Temp
TEMP=C:\Users\ACER\AppData\Local\Temp




Periodic native trim disabled

---------------  S Y S T E M  ---------------

OS:
 Windows 11 , 64 bit Build 26100 (10.0.26100.3037)
OS uptime: 0 days 7:01 hours
Hyper-V role detected

CPU: total 4 (initial active 4) (4 cores per cpu, 2 threads per core) family 23 model 24 stepping 1 microcode 0x8108109, cx8, cmov, fxsr, ht, mmx, 3dnowpref, sse, sse2, sse3, ssse3, sse4a, sse4.1, sse4.2, popcnt, lzcnt, tsc, tscinvbit, avx, avx2, aes, clmul, bmi1, bmi2, adx, sha, fma, vzeroupper, clflush, clflushopt, hv, rdtscp, f16c
Processor Information for the first 4 processors :
  Max Mhz: 2600, Current Mhz: 2600, Mhz Limit: 2600

Memory: 4k page, system-wide physical 6081M (549M free)
TotalPageFile size 10177M (AvailPageFile size 4M)
current process WorkingSet (physical memory assigned to process): 776M, peak: 776M
current process commit charge ("private bytes"): 733M, peak: 1621M

vm_info: OpenJDK 64-Bit Server VM (21.0.7+6-LTS) for windows-amd64 JRE (21.0.7+6-LTS), built on 2025-04-15T00:00:00Z by "admin" with MS VC++ 17.7 (VS2022)

END.
