#
# There is insufficient memory for the Java Runtime Environment to continue.
# Native memory allocation (malloc) failed to allocate 264896 bytes. Error detail: Chunk::new
# Possible reasons:
#   The system is out of physical RAM or swap space
#   This process is running with CompressedOops enabled, and the Java Heap may be blocking the growth of the native heap
# Possible solutions:
#   Reduce memory load on the system
#   Increase physical memory or swap space
#   Check if swap backing store is full
#   Decrease Java heap size (-Xmx/-Xms)
#   Decrease number of Java threads
#   Decrease Java thread stack sizes (-Xss)
#   Set larger code cache with -XX:ReservedCodeCacheSize=
#   JVM is running with Unscaled Compressed Oops mode in which the Java heap is
#     placed in the first 4GB address space. The Java Heap base address is the
#     maximum limit for the native heap growth. Please use -XX:HeapBaseMinAddress
#     to set the Java Heap base and to place the Java Heap above 4GB virtual address.
# This output file may be truncated or incomplete.
#
#  Out of Memory Error (arena.cpp:168), pid=13424, tid=11428
#
# JRE version: OpenJDK Runtime Environment Temurin-21.0.7+6 (21.0.7+6) (build 21.0.7+6-LTS)
# Java VM: OpenJDK 64-Bit Server VM Temurin-21.0.7+6 (21.0.7+6-LTS, mixed mode, sharing, tiered, compressed oops, compressed class ptrs, parallel gc, windows-amd64)
# No core dump will be written. Minidumps are not enabled by default on client versions of Windows
#

---------------  S U M M A R Y ------------

Command Line: --add-modules=ALL-SYSTEM --add-opens=java.base/java.util=ALL-UNNAMED --add-opens=java.base/java.lang=ALL-UNNAMED --add-opens=java.base/sun.nio.fs=ALL-UNNAMED -Declipse.application=org.eclipse.jdt.ls.core.id1 -Dosgi.bundles.defaultStartLevel=4 -Declipse.product=org.eclipse.jdt.ls.core.product -Djava.import.generatesMetadataFilesAtProjectRoot=false -DDetectVMInstallationsJob.disabled=true -Dfile.encoding=utf8 -XX:+UseParallelGC -XX:GCTimeRatio=4 -XX:AdaptiveSizePolicyWeight=90 -Dsun.zip.disableMemoryMapping=true -Xmx2G -Xms100m -Xlog:disable -javaagent:c:\Users\ACER\.vscode\extensions\redhat.java-1.43.1-win32-x64\lombok\lombok-1.18.39-4050.jar c:\Users\ACER\.vscode\extensions\redhat.java-1.43.1-win32-x64\server\plugins\org.eclipse.equinox.launcher_1.7.0.v20250519-0528.jar -configuration c:\Users\ACER\AppData\Roaming\Code\User\globalStorage\redhat.java\1.43.1\config_ss_win -data c:\Users\ACER\AppData\Roaming\Code\User\workspaceStorage\15219cc19e9195b5b3522279bd389d27\redhat.java\ss_ws --pipe=\\.\pipe\lsp-55c0c707412620796a6c7efb3feb7265-sock

Host: AMD Ryzen 3 3250U with Radeon Graphics         , 4 cores, 5G,  Windows 11 , 64 bit Build 26100 (10.0.26100.3037)
Time: Fri Jul 25 22:04:33 2025 India Standard Time elapsed time: 1.832005 seconds (0d 0h 0m 1s)

---------------  T H R E A D  ---------------

Current thread (0x000001fbffd24fa0):  JavaThread "C2 CompilerThread1" daemon [_thread_in_native, id=11428, stack(0x000000fa25100000,0x000000fa25200000) (1024K)]


Current CompileTask:
C2:1832 1045   !   4       java.util.jar.Attributes::read (494 bytes)

Stack: [0x000000fa25100000,0x000000fa25200000]
Native frames: (J=compiled Java code, j=interpreted, Vv=VM code, C=native code)
V  [jvm.dll+0x6ce119]
V  [jvm.dll+0x8a84a1]
V  [jvm.dll+0x8aa9ce]
V  [jvm.dll+0x8ab0b3]
V  [jvm.dll+0x27f8a6]
V  [jvm.dll+0xc507d]
V  [jvm.dll+0xc55b3]
V  [jvm.dll+0x3b692c]
V  [jvm.dll+0x1dfcaa]
V  [jvm.dll+0x247c42]
V  [jvm.dll+0x2470cf]
V  [jvm.dll+0x1c760e]
V  [jvm.dll+0x25695a]
V  [jvm.dll+0x254efa]
V  [jvm.dll+0x3f03f6]
V  [jvm.dll+0x851f6b]
V  [jvm.dll+0x6cc7dd]
C  [ucrtbase.dll+0x37b0]
C  [KERNEL32.DLL+0x2e8d7]
C  [ntdll.dll+0xbbf2c]


---------------  P R O C E S S  ---------------

Threads class SMR info:
_java_thread_list=0x000001fbffd135b0, length=12, elements={
0x000001fbe7d8a600, 0x000001fbfeddc010, 0x000001fbfeddded0, 0x000001fbfede1b60,
0x000001fbfede2a10, 0x000001fbfede5c20, 0x000001fbfede6670, 0x000001fbfede74a0,
0x000001fbfee4c230, 0x000001fbffb8f090, 0x000001fbffd24fa0, 0x000001fbffd1c320
}

Java Threads: ( => current thread )
  0x000001fbe7d8a600 JavaThread "main"                              [_thread_in_vm, id=11944, stack(0x000000fa24300000,0x000000fa24400000) (1024K)]
  0x000001fbfeddc010 JavaThread "Reference Handler"          daemon [_thread_blocked, id=3424, stack(0x000000fa24700000,0x000000fa24800000) (1024K)]
  0x000001fbfeddded0 JavaThread "Finalizer"                  daemon [_thread_blocked, id=2216, stack(0x000000fa24800000,0x000000fa24900000) (1024K)]
  0x000001fbfede1b60 JavaThread "Signal Dispatcher"          daemon [_thread_blocked, id=10940, stack(0x000000fa24900000,0x000000fa24a00000) (1024K)]
  0x000001fbfede2a10 JavaThread "Attach Listener"            daemon [_thread_blocked, id=13612, stack(0x000000fa24a00000,0x000000fa24b00000) (1024K)]
  0x000001fbfede5c20 JavaThread "Service Thread"             daemon [_thread_blocked, id=8212, stack(0x000000fa24b00000,0x000000fa24c00000) (1024K)]
  0x000001fbfede6670 JavaThread "Monitor Deflation Thread"   daemon [_thread_blocked, id=9996, stack(0x000000fa24c00000,0x000000fa24d00000) (1024K)]
  0x000001fbfede74a0 JavaThread "C2 CompilerThread0"         daemon [_thread_in_native, id=6420, stack(0x000000fa24d00000,0x000000fa24e00000) (1024K)]
  0x000001fbfee4c230 JavaThread "C1 CompilerThread0"         daemon [_thread_in_native, id=5212, stack(0x000000fa24e00000,0x000000fa24f00000) (1024K)]
  0x000001fbffb8f090 JavaThread "Common-Cleaner"             daemon [_thread_blocked, id=18160, stack(0x000000fa24f00000,0x000000fa25000000) (1024K)]
=>0x000001fbffd24fa0 JavaThread "C2 CompilerThread1"         daemon [_thread_in_native, id=11428, stack(0x000000fa25100000,0x000000fa25200000) (1024K)]
  0x000001fbffd1c320 JavaThread "Notification Thread"        daemon [_thread_blocked, id=11640, stack(0x000000fa25200000,0x000000fa25300000) (1024K)]
Total: 12

Other Threads:
  0x000001fbe7e4d1c0 VMThread "VM Thread"                           [id=3188, stack(0x000000fa24600000,0x000000fa24700000) (1024K)]
  0x000001fbfed7ca00 WatcherThread "VM Periodic Task Thread"        [id=812, stack(0x000000fa24500000,0x000000fa24600000) (1024K)]
  0x000001fbe7daa580 WorkerThread "GC Thread#0"                     [id=12392, stack(0x000000fa24400000,0x000000fa24500000) (1024K)]
  0x000001fbc5582f80 WorkerThread "GC Thread#1"                     [id=16096, stack(0x000000fa25300000,0x000000fa25400000) (1024K)]
  0x000001fbc51a1620 WorkerThread "GC Thread#2"                     [id=16316, stack(0x000000fa25400000,0x000000fa25500000) (1024K)]
  0x000001fbc51a1280 WorkerThread "GC Thread#3"                     [id=4088, stack(0x000000fa25500000,0x000000fa25600000) (1024K)]
Total: 6

Threads with active compile tasks:
C2 CompilerThread0  1876 1065       4       java.util.jar.Manifest$FastInputStream::readLine (9 bytes)
C2 CompilerThread1  1876 1045   !   4       java.util.jar.Attributes::read (494 bytes)
Total: 2

VM state: not at safepoint (normal execution)

VM Mutex/Monitor currently owned by a thread: None

Heap address: 0x0000000080000000, size: 2048 MB, Compressed Oops mode: 32-bit

CDS archive(s) mapped at: [0x000001fb80000000-0x000001fb80ba0000-0x000001fb80ba0000), size 12189696, SharedBaseAddress: 0x000001fb80000000, ArchiveRelocationMode: 1.
Compressed class space mapped at: 0x000001fb81000000-0x000001fbc1000000, reserved size: 1073741824
Narrow klass base: 0x000001fb80000000, Narrow klass shift: 0, Narrow klass range: 0x100000000

GC Precious Log:
 CardTable entry size: 512
 CPUs: 4 total, 4 available
 Memory: 6081M
 Large Page Support: Disabled
 NUMA Support: Disabled
 Compressed Oops: Enabled (32-bit)
 Alignments: Space 512K, Generation 512K, Heap 2M
 Heap Min Capacity: 100M
 Heap Initial Capacity: 100M
 Heap Max Capacity: 2G
 Pre-touch: Disabled
 Parallel Workers: 4

Heap:
 PSYoungGen      total 29696K, used 4322K [0x00000000d5580000, 0x00000000d7680000, 0x0000000100000000)
  eden space 25600K, 3% used [0x00000000d5580000,0x00000000d567ac20,0x00000000d6e80000)
  from space 4096K, 81% used [0x00000000d6e80000,0x00000000d71bdc78,0x00000000d7280000)
  to   space 4096K, 0% used [0x00000000d7280000,0x00000000d7280000,0x00000000d7680000)
 ParOldGen       total 68608K, used 16K [0x0000000080000000, 0x0000000084300000, 0x00000000d5580000)
  object space 68608K, 0% used [0x0000000080000000,0x0000000080004000,0x0000000084300000)
 Metaspace       used 4359K, committed 4672K, reserved 1114112K
  class space    used 462K, committed 640K, reserved 1048576K

Card table byte_map: [0x000001fbfa1e0000,0x000001fbfa5f0000] _byte_map_base: 0x000001fbf9de0000

Marking Bits: (ParMarkBitMap*) 0x00007ffd35ba31f0
 Begin Bits: [0x000001fbfa8a0000, 0x000001fbfc8a0000)
 End Bits:   [0x000001fbfc8a0000, 0x000001fbfe8a0000)

Polling page: 0x000001fbe6590000

Metaspace:

Usage:
  Non-class:      3.81 MB used.
      Class:    462.09 KB used.
       Both:      4.26 MB used.

Virtual space:
  Non-class space:       64.00 MB reserved,       3.94 MB (  6%) committed,  1 nodes.
      Class space:        1.00 GB reserved,     640.00 KB ( <1%) committed,  1 nodes.
             Both:        1.06 GB reserved,       4.56 MB ( <1%) committed. 

Chunk freelists:
   Non-Class:  11.11 MB
       Class:  15.42 MB
        Both:  26.53 MB

MaxMetaspaceSize: unlimited
CompressedClassSpaceSize: 1.00 GB
Initial GC threshold: 21.00 MB
Current GC threshold: 21.00 MB
CDS: on
 - commit_granule_bytes: 65536.
 - commit_granule_words: 8192.
 - virtual_space_node_default_size: 8388608.
 - enlarge_chunks_in_place: 1.
 - use_allocation_guard: 0.


Internal statistics:

num_allocs_failed_limit: 0.
num_arena_births: 184.
num_arena_deaths: 0.
num_vsnodes_births: 2.
num_vsnodes_deaths: 0.
num_space_committed: 73.
num_space_uncommitted: 0.
num_chunks_returned_to_freelist: 0.
num_chunks_taken_from_freelist: 251.
num_chunk_merges: 0.
num_chunk_splits: 160.
num_chunks_enlarged: 95.
num_inconsistent_stats: 0.

CodeHeap 'non-profiled nmethods': size=120000Kb used=417Kb max_used=417Kb free=119582Kb
 bounds [0x000001fbf2ad0000, 0x000001fbf2d40000, 0x000001fbfa000000]
CodeHeap 'profiled nmethods': size=120000Kb used=1730Kb max_used=1730Kb free=118269Kb
 bounds [0x000001fbeb000000, 0x000001fbeb270000, 0x000001fbf2530000]
CodeHeap 'non-nmethods': size=5760Kb used=1195Kb max_used=1221Kb free=4564Kb
 bounds [0x000001fbf2530000, 0x000001fbf27a0000, 0x000001fbf2ad0000]
 total_blobs=1548 nmethods=1093 adapters=362
 compilation: enabled
              stopped_count=0, restarted_count=0
 full_count=0

Compilation events (20 events):
Event: 1.719 Thread 0x000001fbfee4c230 1074       3       java.lang.String::toLowerCase (29 bytes)
Event: 1.720 Thread 0x000001fbfee4c230 nmethod 1074 0x000001fbeb1a8b90 code [0x000001fbeb1a8d60, 0x000001fbeb1a9018]
Event: 1.721 Thread 0x000001fbfee4c230 1076       1       java.util.concurrent.locks.AbstractOwnableSynchronizer::setExclusiveOwnerThread (6 bytes)
Event: 1.721 Thread 0x000001fbfee4c230 nmethod 1076 0x000001fbf2b34610 code [0x000001fbf2b347a0, 0x000001fbf2b34880]
Event: 1.721 Thread 0x000001fbfee4c230 1077       3       java.util.AbstractCollection::addAll (42 bytes)
Event: 1.722 Thread 0x000001fbfee4c230 nmethod 1077 0x000001fbeb1a9110 code [0x000001fbeb1a9300, 0x000001fbeb1a9820]
Event: 1.722 Thread 0x000001fbfee4c230 1078       3       java.lang.StringLatin1::inflate (34 bytes)
Event: 1.723 Thread 0x000001fbfee4c230 nmethod 1078 0x000001fbeb1a9990 code [0x000001fbeb1a9b40, 0x000001fbeb1a9d40]
Event: 1.728 Thread 0x000001fbfee4c230 1079   !   3       jdk.internal.loader.BuiltinClassLoader::loadClassOrNull (143 bytes)
Event: 1.730 Thread 0x000001fbfee4c230 nmethod 1079 0x000001fbeb1a9e90 code [0x000001fbeb1aa160, 0x000001fbeb1ab080]
Event: 1.731 Thread 0x000001fbfee4c230 1080       3       java.lang.Object::toString (36 bytes)
Event: 1.732 Thread 0x000001fbfee4c230 nmethod 1080 0x000001fbeb1ab710 code [0x000001fbeb1ab980, 0x000001fbeb1ac168]
Event: 1.734 Thread 0x000001fbfee4c230 1081       3       java.util.ArrayDeque::elementAt (4 bytes)
Event: 1.735 Thread 0x000001fbfee4c230 nmethod 1081 0x000001fbeb1ac490 code [0x000001fbeb1ac620, 0x000001fbeb1ac738]
Event: 1.738 Thread 0x000001fbfee4c230 1082       3       jdk.internal.loader.BuiltinClassLoader::loadClass (22 bytes)
Event: 1.738 Thread 0x000001fbfee4c230 nmethod 1082 0x000001fbeb1ac810 code [0x000001fbeb1ac9e0, 0x000001fbeb1acc98]
Event: 1.742 Thread 0x000001fbfee4c230 1083       3       java.util.ArrayDeque::pollFirst (36 bytes)
Event: 1.743 Thread 0x000001fbfee4c230 nmethod 1083 0x000001fbeb1acd90 code [0x000001fbeb1acf60, 0x000001fbeb1ad310]
Event: 1.744 Thread 0x000001fbfede74a0 

Event: 1.744 Thread 0x000001fbfede74a0 1075       4       java.util.HashMap::put (13 bytes)

GC Heap History (1 events):
Event: 1.750 GC heap before
{Heap before GC invocations=1 (full 0):
 PSYoungGen      total 29696K, used 25600K [0x00000000d5580000, 0x00000000d7680000, 0x0000000100000000)
  eden space 25600K, 100% used [0x00000000d5580000,0x00000000d6e80000,0x00000000d6e80000)
  from space 4096K, 0% used [0x00000000d7280000,0x00000000d7280000,0x00000000d7680000)
  to   space 4096K, 0% used [0x00000000d6e80000,0x00000000d6e80000,0x00000000d7280000)
 ParOldGen       total 68608K, used 0K [0x0000000080000000, 0x0000000084300000, 0x00000000d5580000)
  object space 68608K, 0% used [0x0000000080000000,0x0000000080000000,0x0000000084300000)
 Metaspace       used 4286K, committed 4544K, reserved 1114112K
  class space    used 457K, committed 576K, reserved 1048576K
}

Dll operation events (8 events):
Event: 0.030 Loaded shared library c:\Users\ACER\.vscode\extensions\redhat.java-1.43.1-win32-x64\jre\21.0.7-win32-x86_64\bin\java.dll
Event: 0.206 Loaded shared library c:\Users\ACER\.vscode\extensions\redhat.java-1.43.1-win32-x64\jre\21.0.7-win32-x86_64\bin\zip.dll
Event: 0.252 Loaded shared library C:\Users\ACER\.vscode\extensions\redhat.java-1.43.1-win32-x64\jre\21.0.7-win32-x86_64\bin\instrument.dll
Event: 0.261 Loaded shared library C:\Users\ACER\.vscode\extensions\redhat.java-1.43.1-win32-x64\jre\21.0.7-win32-x86_64\bin\net.dll
Event: 0.265 Loaded shared library C:\Users\ACER\.vscode\extensions\redhat.java-1.43.1-win32-x64\jre\21.0.7-win32-x86_64\bin\nio.dll
Event: 0.272 Loaded shared library C:\Users\ACER\.vscode\extensions\redhat.java-1.43.1-win32-x64\jre\21.0.7-win32-x86_64\bin\zip.dll
Event: 0.317 Loaded shared library C:\Users\ACER\.vscode\extensions\redhat.java-1.43.1-win32-x64\jre\21.0.7-win32-x86_64\bin\jimage.dll
Event: 0.491 Loaded shared library c:\Users\ACER\.vscode\extensions\redhat.java-1.43.1-win32-x64\jre\21.0.7-win32-x86_64\bin\verify.dll

Deoptimization events (20 events):
Event: 1.680 Thread 0x000001fbe7d8a600 DEOPT PACKING pc=0x000001fbeb16c3b1 sp=0x000000fa243fdbc0
Event: 1.680 Thread 0x000001fbe7d8a600 DEOPT UNPACKING pc=0x000001fbf2584242 sp=0x000000fa243fd038 mode 0
Event: 1.681 Thread 0x000001fbe7d8a600 DEOPT PACKING pc=0x000001fbeb16c3b1 sp=0x000000fa243fdbc0
Event: 1.681 Thread 0x000001fbe7d8a600 DEOPT UNPACKING pc=0x000001fbf2584242 sp=0x000000fa243fd038 mode 0
Event: 1.681 Thread 0x000001fbe7d8a600 DEOPT PACKING pc=0x000001fbeb16c3b1 sp=0x000000fa243fdbc0
Event: 1.681 Thread 0x000001fbe7d8a600 DEOPT UNPACKING pc=0x000001fbf2584242 sp=0x000000fa243fd038 mode 0
Event: 1.681 Thread 0x000001fbe7d8a600 DEOPT PACKING pc=0x000001fbeb16c3b1 sp=0x000000fa243fdbc0
Event: 1.681 Thread 0x000001fbe7d8a600 DEOPT UNPACKING pc=0x000001fbf2584242 sp=0x000000fa243fd038 mode 0
Event: 1.697 Thread 0x000001fbe7d8a600 Uncommon trap: trap_request=0xffffffc6 fr.pc=0x000001fbf2b2aad0 relative=0x00000000000002f0
Event: 1.697 Thread 0x000001fbe7d8a600 Uncommon trap: reason=bimorphic_or_optimized_type_check action=maybe_recompile pc=0x000001fbf2b2aad0 method=java.util.HashMap.getNode(Ljava/lang/Object;)Ljava/util/HashMap$Node; @ 128 c2
Event: 1.697 Thread 0x000001fbe7d8a600 DEOPT PACKING pc=0x000001fbf2b2aad0 sp=0x000000fa243fd350
Event: 1.697 Thread 0x000001fbe7d8a600 DEOPT UNPACKING pc=0x000001fbf2583aa2 sp=0x000000fa243fd2c8 mode 2
Event: 1.717 Thread 0x000001fbe7d8a600 Uncommon trap: trap_request=0xffffffde fr.pc=0x000001fbf2b2ce38 relative=0x0000000000000ab8
Event: 1.717 Thread 0x000001fbe7d8a600 Uncommon trap: reason=class_check action=maybe_recompile pc=0x000001fbf2b2ce38 method=java.util.HashMap.putVal(ILjava/lang/Object;Ljava/lang/Object;ZZ)Ljava/lang/Object; @ 203 c2
Event: 1.717 Thread 0x000001fbe7d8a600 DEOPT PACKING pc=0x000001fbf2b2ce38 sp=0x000000fa243fdf70
Event: 1.717 Thread 0x000001fbe7d8a600 DEOPT UNPACKING pc=0x000001fbf2583aa2 sp=0x000000fa243fde98 mode 2
Event: 1.717 Thread 0x000001fbe7d8a600 Uncommon trap: trap_request=0xffffffde fr.pc=0x000001fbf2b2ce38 relative=0x0000000000000ab8
Event: 1.717 Thread 0x000001fbe7d8a600 Uncommon trap: reason=class_check action=maybe_recompile pc=0x000001fbf2b2ce38 method=java.util.HashMap.putVal(ILjava/lang/Object;Ljava/lang/Object;ZZ)Ljava/lang/Object; @ 203 c2
Event: 1.717 Thread 0x000001fbe7d8a600 DEOPT PACKING pc=0x000001fbf2b2ce38 sp=0x000000fa243fdf70
Event: 1.717 Thread 0x000001fbe7d8a600 DEOPT UNPACKING pc=0x000001fbf2583aa2 sp=0x000000fa243fde98 mode 2

Classes loaded (20 events):
Event: 1.691 Loading class jdk/internal/logger/SimpleConsoleLogger done
Event: 1.691 Loading class jdk/internal/logger/SurrogateLogger done
Event: 1.692 Loading class sun/util/logging/PlatformLogger
Event: 1.692 Loading class sun/util/logging/PlatformLogger done
Event: 1.692 Loading class sun/util/logging/PlatformLogger$Level
Event: 1.692 Loading class sun/util/logging/PlatformLogger$Level done
Event: 1.710 Loading class java/io/BufferedReader
Event: 1.710 Loading class java/io/BufferedReader done
Event: 1.711 Loading class sun/nio/cs/StreamDecoder
Event: 1.711 Loading class sun/nio/cs/StreamDecoder done
Event: 1.711 Loading class sun/nio/cs/UTF_8$Decoder
Event: 1.711 Loading class sun/nio/cs/UTF_8$Decoder done
Event: 1.746 Loading class java/util/UUID
Event: 1.746 Loading class java/util/UUID done
Event: 1.747 Loading class java/util/concurrent/atomic/AtomicBoolean
Event: 1.747 Loading class java/util/concurrent/atomic/AtomicBoolean done
Event: 1.747 Loading class java/lang/invoke/VarHandleInts$FieldInstanceReadWrite
Event: 1.748 Loading class java/lang/invoke/VarHandleInts$FieldInstanceReadOnly
Event: 1.748 Loading class java/lang/invoke/VarHandleInts$FieldInstanceReadOnly done
Event: 1.748 Loading class java/lang/invoke/VarHandleInts$FieldInstanceReadWrite done

Classes unloaded (0 events):
No events

Classes redefined (0 events):
No events

Internal exceptions (20 events):
Event: 0.412 Thread 0x000001fbe7d8a600 Exception <a 'java/lang/NoSuchMethodError'{0x00000000d59f8d68}: 'int java.lang.invoke.DirectMethodHandle$Holder.invokeSpecial(java.lang.Object, java.lang.Object, java.lang.Object)'> (0x00000000d59f8d68) 
thrown [s\src\hotspot\share\interpreter\linkResolver.cpp, line 773]
Event: 0.416 Thread 0x000001fbe7d8a600 Exception <a 'java/lang/NoSuchMethodError'{0x00000000d5a04a28}: 'java.lang.Object java.lang.invoke.DirectMethodHandle$Holder.invokeStatic(java.lang.Object, java.lang.Object, int)'> (0x00000000d5a04a28) 
thrown [s\src\hotspot\share\interpreter\linkResolver.cpp, line 773]
Event: 0.418 Thread 0x000001fbe7d8a600 Exception <a 'java/lang/NoSuchMethodError'{0x00000000d5a09378}: 'void java.lang.invoke.DirectMethodHandle$Holder.invokeStatic(java.lang.Object, java.lang.Object, int, java.lang.Object)'> (0x00000000d5a09378) 
thrown [s\src\hotspot\share\interpreter\linkResolver.cpp, line 773]
Event: 0.419 Thread 0x000001fbe7d8a600 Exception <a 'java/lang/NoSuchMethodError'{0x00000000d5a0cf08}: 'void java.lang.invoke.DirectMethodHandle$Holder.invokeSpecial(java.lang.Object, java.lang.Object, java.lang.Object, int, java.lang.Object)'> (0x00000000d5a0cf08) 
thrown [s\src\hotspot\share\interpreter\linkResolver.cpp, line 773]
Event: 0.421 Thread 0x000001fbe7d8a600 Exception <a 'java/lang/NoSuchMethodError'{0x00000000d5a10378}: 'void java.lang.invoke.DelegatingMethodHandle$Holder.delegate(java.lang.Object, java.lang.Object, int, java.lang.Object)'> (0x00000000d5a10378) 
thrown [s\src\hotspot\share\interpreter\linkResolver.cpp, line 773]
Event: 0.545 Thread 0x000001fbe7d8a600 Exception <a 'java/lang/NoSuchMethodError'{0x00000000d5bcf1d0}: 'void java.lang.invoke.DelegatingMethodHandle$Holder.reinvoke_L(java.lang.Object, java.lang.Object, java.lang.Object, int)'> (0x00000000d5bcf1d0) 
thrown [s\src\hotspot\share\interpreter\linkResolver.cpp, line 773]
Event: 0.892 Thread 0x000001fbe7d8a600 Exception <a 'java/lang/NoSuchMethodError'{0x00000000d605a670}: 'void java.lang.invoke.DirectMethodHandle$Holder.invokeVirtual(java.lang.Object, java.lang.Object)'> (0x00000000d605a670) 
thrown [s\src\hotspot\share\interpreter\linkResolver.cpp, line 773]
Event: 1.175 Thread 0x000001fbe7d8a600 Exception <a 'java/lang/NoSuchMethodError'{0x00000000d6440e30}: 'void java.lang.invoke.DirectMethodHandle$Holder.invokeStatic(java.lang.Object, java.lang.Object)'> (0x00000000d6440e30) 
thrown [s\src\hotspot\share\interpreter\linkResolver.cpp, line 773]
Event: 1.182 Thread 0x000001fbe7d8a600 Exception <a 'java/lang/ClassNotFoundException'{0x00000000d6468fa8}: sun/net/www/protocol/c/Handler> (0x00000000d6468fa8) 
thrown [s\src\hotspot\share\classfile\systemDictionary.cpp, line 312]
Event: 1.216 Thread 0x000001fbe7d8a600 Exception <a 'java/io/FileNotFoundException'{0x00000000d64c2f58}> (0x00000000d64c2f58) 
thrown [s\src\hotspot\share\prims\jni.cpp, line 520]
Event: 1.217 Thread 0x000001fbe7d8a600 Exception <a 'java/io/FileNotFoundException'{0x00000000d64c42c0}> (0x00000000d64c42c0) 
thrown [s\src\hotspot\share\prims\jni.cpp, line 520]
Event: 1.217 Thread 0x000001fbe7d8a600 Exception <a 'java/io/FileNotFoundException'{0x00000000d64c4f38}> (0x00000000d64c4f38) 
thrown [s\src\hotspot\share\prims\jni.cpp, line 520]
Event: 1.218 Thread 0x000001fbe7d8a600 Exception <a 'java/io/FileNotFoundException'{0x00000000d64c5a78}> (0x00000000d64c5a78) 
thrown [s\src\hotspot\share\prims\jni.cpp, line 520]
Event: 1.225 Thread 0x000001fbe7d8a600 Implicit null exception at 0x000001fbf2afe7a4 to 0x000001fbf2afed38
Event: 1.232 Thread 0x000001fbe7d8a600 Exception <a 'java/io/FileNotFoundException'{0x00000000d64ffbd8}> (0x00000000d64ffbd8) 
thrown [s\src\hotspot\share\prims\jni.cpp, line 520]
Event: 1.266 Thread 0x000001fbe7d8a600 Exception <a 'java/lang/NoSuchMethodError'{0x00000000d653b698}: 'java.lang.Object java.lang.invoke.DirectMethodHandle$Holder.invokeInterface(java.lang.Object, java.lang.Object)'> (0x00000000d653b698) 
thrown [s\src\hotspot\share\interpreter\linkResolver.cpp, line 773]
Event: 1.279 Thread 0x000001fbe7d8a600 Exception <a 'java/lang/NoSuchMethodError'{0x00000000d654f170}: 'java.lang.Object java.lang.invoke.Invokers$Holder.invokeExact_MT(java.lang.Object, java.lang.Object, java.lang.Object, java.lang.Object, java.lang.Object, java.lang.Object)'> (0x00000000d654f170) 
thrown [s\src\hotspot\share\interpreter\linkResolver.cpp, line 773]
Event: 1.297 Thread 0x000001fbe7d8a600 Exception <a 'java/lang/NoSuchMethodError'{0x00000000d65663c8}: 'int java.lang.invoke.DirectMethodHandle$Holder.invokeStatic(java.lang.Object, java.lang.Object, java.lang.Object, java.lang.Object, java.lang.Object)'> (0x00000000d65663c8) 
thrown [s\src\hotspot\share\interpreter\linkResolver.cpp, line 773]
Event: 1.371 Thread 0x000001fbe7d8a600 Exception <a 'java/lang/NoSuchMethodError'{0x00000000d65fc2b0}: 'java.lang.Object java.lang.invoke.DirectMethodHandle$Holder.invokeInterface(java.lang.Object, java.lang.Object, int)'> (0x00000000d65fc2b0) 
thrown [s\src\hotspot\share\interpreter\linkResolver.cpp, line 773]
Event: 1.630 Thread 0x000001fbe7d8a600 Exception <a 'java/lang/NoSuchMethodError'{0x00000000d6a7a0a0}: 'java.lang.ClassLoader java.lang.ClassLoader.getPlatformClassLoader(java.lang.Class)'> (0x00000000d6a7a0a0) 
thrown [s\src\hotspot\share\interpreter\linkResolver.cpp, line 773]

ZGC Phase Switch (0 events):
No events

VM Operations (9 events):
Event: 0.345 Executing VM operation: HandshakeAllThreads (Deoptimize)
Event: 0.345 Executing VM operation: HandshakeAllThreads (Deoptimize) done
Event: 1.116 Executing VM operation: HandshakeAllThreads (Deoptimize)
Event: 1.116 Executing VM operation: HandshakeAllThreads (Deoptimize) done
Event: 1.116 Executing VM operation: Cleanup
Event: 1.116 Executing VM operation: Cleanup done
Event: 1.167 Executing VM operation: HandshakeAllThreads (Deoptimize)
Event: 1.167 Executing VM operation: HandshakeAllThreads (Deoptimize) done
Event: 1.750 Executing VM operation: ParallelGCFailedAllocation (Allocation Failure)

Memory protections (0 events):
No events

Nmethod flushes (0 events):
No events

Events (12 events):
Event: 0.097 Thread 0x000001fbe7d8a600 Thread added: 0x000001fbe7d8a600
Event: 0.133 Thread 0x000001fbe7d8a600 Thread added: 0x000001fbfeddc010
Event: 0.133 Thread 0x000001fbe7d8a600 Thread added: 0x000001fbfeddded0
Event: 0.134 Thread 0x000001fbe7d8a600 Thread added: 0x000001fbfede1b60
Event: 0.134 Thread 0x000001fbe7d8a600 Thread added: 0x000001fbfede2a10
Event: 0.134 Thread 0x000001fbe7d8a600 Thread added: 0x000001fbfede5c20
Event: 0.134 Thread 0x000001fbe7d8a600 Thread added: 0x000001fbfede6670
Event: 0.135 Thread 0x000001fbe7d8a600 Thread added: 0x000001fbfede74a0
Event: 0.138 Thread 0x000001fbe7d8a600 Thread added: 0x000001fbfee4c230
Event: 0.181 Thread 0x000001fbe7d8a600 Thread added: 0x000001fbffb8f090
Event: 0.482 Thread 0x000001fbfee4c230 Thread added: 0x000001fbffd24fa0
Event: 0.733 Thread 0x000001fbe7d8a600 Thread added: 0x000001fbffd1c320


Dynamic libraries:
0x00007ff745230000 - 0x00007ff74523e000 	c:\Users\ACER\.vscode\extensions\redhat.java-1.43.1-win32-x64\jre\21.0.7-win32-x86_64\bin\java.exe
0x00007ffdc5980000 - 0x00007ffdc5be3000 	C:\WINDOWS\SYSTEM32\ntdll.dll
0x00007ffdc4c40000 - 0x00007ffdc4d07000 	C:\WINDOWS\System32\KERNEL32.DLL
0x00007ffdc2f60000 - 0x00007ffdc3327000 	C:\WINDOWS\System32\KERNELBASE.dll
0x00007ffdc3330000 - 0x00007ffdc347c000 	C:\WINDOWS\System32\ucrtbase.dll
0x00007ffdb96a0000 - 0x00007ffdb96b8000 	c:\Users\ACER\.vscode\extensions\redhat.java-1.43.1-win32-x64\jre\21.0.7-win32-x86_64\bin\jli.dll
0x00007ffdc3cd0000 - 0x00007ffdc3e99000 	C:\WINDOWS\System32\USER32.dll
0x00007ffdc2ea0000 - 0x00007ffdc2ec7000 	C:\WINDOWS\System32\win32u.dll
0x00007ffdc4c10000 - 0x00007ffdc4c3a000 	C:\WINDOWS\System32\GDI32.dll
0x00007ffdc3690000 - 0x00007ffdc37bb000 	C:\WINDOWS\System32\gdi32full.dll
0x00007ffdc3520000 - 0x00007ffdc35c3000 	C:\WINDOWS\System32\msvcp_win.dll
0x00007ffd9c8c0000 - 0x00007ffd9c8de000 	c:\Users\ACER\.vscode\extensions\redhat.java-1.43.1-win32-x64\jre\21.0.7-win32-x86_64\bin\VCRUNTIME140.dll
0x00007ffdb1e40000 - 0x00007ffdb20d0000 	C:\WINDOWS\WinSxS\amd64_microsoft.windows.common-controls_6595b64144ccf1df_6.0.26100.3037_none_3e09262ce333c378\COMCTL32.dll
0x00007ffdc4f00000 - 0x00007ffdc4fa9000 	C:\WINDOWS\System32\msvcrt.dll
0x00007ffdc5830000 - 0x00007ffdc585f000 	C:\WINDOWS\System32\IMM32.DLL
0x00007ffda6b30000 - 0x00007ffda6b3c000 	c:\Users\ACER\.vscode\extensions\redhat.java-1.43.1-win32-x64\jre\21.0.7-win32-x86_64\bin\vcruntime140_1.dll
0x00007ffd93330000 - 0x00007ffd933bd000 	c:\Users\ACER\.vscode\extensions\redhat.java-1.43.1-win32-x64\jre\21.0.7-win32-x86_64\bin\msvcp140.dll
0x00007ffd34ef0000 - 0x00007ffd35c80000 	c:\Users\ACER\.vscode\extensions\redhat.java-1.43.1-win32-x64\jre\21.0.7-win32-x86_64\bin\server\jvm.dll
0x00007ffdc5770000 - 0x00007ffdc5824000 	C:\WINDOWS\System32\ADVAPI32.dll
0x00007ffdc5880000 - 0x00007ffdc5926000 	C:\WINDOWS\System32\sechost.dll
0x00007ffdc3bb0000 - 0x00007ffdc3cc6000 	C:\WINDOWS\System32\RPCRT4.dll
0x00007ffdc56f0000 - 0x00007ffdc5764000 	C:\WINDOWS\System32\WS2_32.dll
0x00007ffdc2bb0000 - 0x00007ffdc2bfe000 	C:\WINDOWS\SYSTEM32\POWRPROF.dll
0x00007ffdbc100000 - 0x00007ffdbc136000 	C:\WINDOWS\SYSTEM32\WINMM.dll
0x00007ffdbc140000 - 0x00007ffdbc14b000 	C:\WINDOWS\SYSTEM32\VERSION.dll
0x00007ffdc2b90000 - 0x00007ffdc2ba4000 	C:\WINDOWS\SYSTEM32\UMPDC.dll
0x00007ffdc1b50000 - 0x00007ffdc1b6a000 	C:\WINDOWS\SYSTEM32\kernel.appcore.dll
0x00007ffda3450000 - 0x00007ffda345a000 	c:\Users\ACER\.vscode\extensions\redhat.java-1.43.1-win32-x64\jre\21.0.7-win32-x86_64\bin\jimage.dll
0x00007ffdb6c00000 - 0x00007ffdb6e41000 	C:\WINDOWS\SYSTEM32\DBGHELP.DLL
0x00007ffdc3ea0000 - 0x00007ffdc421e000 	C:\WINDOWS\System32\combase.dll
0x00007ffdc3970000 - 0x00007ffdc3a46000 	C:\WINDOWS\System32\OLEAUT32.dll
0x00007ffda88e0000 - 0x00007ffda8919000 	C:\WINDOWS\SYSTEM32\dbgcore.DLL
0x00007ffdc3480000 - 0x00007ffdc3519000 	C:\WINDOWS\System32\bcryptPrimitives.dll
0x00007ffda32a0000 - 0x00007ffda32af000 	c:\Users\ACER\.vscode\extensions\redhat.java-1.43.1-win32-x64\jre\21.0.7-win32-x86_64\bin\instrument.dll
0x00007ffd9c7b0000 - 0x00007ffd9c7cf000 	c:\Users\ACER\.vscode\extensions\redhat.java-1.43.1-win32-x64\jre\21.0.7-win32-x86_64\bin\java.dll
0x00007ffdc44a0000 - 0x00007ffdc4ba4000 	C:\WINDOWS\System32\SHELL32.dll
0x00007ffdc0a10000 - 0x00007ffdc1247000 	C:\WINDOWS\SYSTEM32\windows.storage.dll
0x00007ffdc4390000 - 0x00007ffdc4479000 	C:\WINDOWS\System32\SHCORE.dll
0x00007ffdc4bb0000 - 0x00007ffdc4c0d000 	C:\WINDOWS\System32\shlwapi.dll
0x00007ffdc2c30000 - 0x00007ffdc2c5e000 	C:\WINDOWS\SYSTEM32\profapi.dll
0x00007ffd9bea0000 - 0x00007ffd9beb8000 	c:\Users\ACER\.vscode\extensions\redhat.java-1.43.1-win32-x64\jre\21.0.7-win32-x86_64\bin\zip.dll
0x00007ffd9f070000 - 0x00007ffd9f080000 	C:\Users\ACER\.vscode\extensions\redhat.java-1.43.1-win32-x64\jre\21.0.7-win32-x86_64\bin\net.dll
0x00007ffdb9310000 - 0x00007ffdb942e000 	C:\WINDOWS\SYSTEM32\WINHTTP.dll
0x00007ffdc2060000 - 0x00007ffdc20ca000 	C:\WINDOWS\system32\mswsock.dll
0x00007ffd9b990000 - 0x00007ffd9b9a6000 	C:\Users\ACER\.vscode\extensions\redhat.java-1.43.1-win32-x64\jre\21.0.7-win32-x86_64\bin\nio.dll
0x00007ffd9ef10000 - 0x00007ffd9ef20000 	c:\Users\ACER\.vscode\extensions\redhat.java-1.43.1-win32-x64\jre\21.0.7-win32-x86_64\bin\verify.dll

dbghelp: loaded successfully - version: 4.0.5 - missing functions: none
symbol engine: initialized successfully - sym options: 0x614 - pdb path: .;c:\Users\ACER\.vscode\extensions\redhat.java-1.43.1-win32-x64\jre\21.0.7-win32-x86_64\bin;C:\WINDOWS\SYSTEM32;C:\WINDOWS\WinSxS\amd64_microsoft.windows.common-controls_6595b64144ccf1df_6.0.26100.3037_none_3e09262ce333c378;c:\Users\ACER\.vscode\extensions\redhat.java-1.43.1-win32-x64\jre\21.0.7-win32-x86_64\bin\server

VM Arguments:
jvm_args: --add-modules=ALL-SYSTEM --add-opens=java.base/java.util=ALL-UNNAMED --add-opens=java.base/java.lang=ALL-UNNAMED --add-opens=java.base/sun.nio.fs=ALL-UNNAMED -Declipse.application=org.eclipse.jdt.ls.core.id1 -Dosgi.bundles.defaultStartLevel=4 -Declipse.product=org.eclipse.jdt.ls.core.product -Djava.import.generatesMetadataFilesAtProjectRoot=false -DDetectVMInstallationsJob.disabled=true -Dfile.encoding=utf8 -XX:+UseParallelGC -XX:GCTimeRatio=4 -XX:AdaptiveSizePolicyWeight=90 -Dsun.zip.disableMemoryMapping=true -Xmx2G -Xms100m -Xlog:disable -javaagent:c:\Users\ACER\.vscode\extensions\redhat.java-1.43.1-win32-x64\lombok\lombok-1.18.39-4050.jar 
java_command: c:\Users\ACER\.vscode\extensions\redhat.java-1.43.1-win32-x64\server\plugins\org.eclipse.equinox.launcher_1.7.0.v20250519-0528.jar -configuration c:\Users\ACER\AppData\Roaming\Code\User\globalStorage\redhat.java\1.43.1\config_ss_win -data c:\Users\ACER\AppData\Roaming\Code\User\workspaceStorage\15219cc19e9195b5b3522279bd389d27\redhat.java\ss_ws --pipe=\\.\pipe\lsp-55c0c707412620796a6c7efb3feb7265-sock
java_class_path (initial): c:\Users\ACER\.vscode\extensions\redhat.java-1.43.1-win32-x64\server\plugins\org.eclipse.equinox.launcher_1.7.0.v20250519-0528.jar
Launcher Type: SUN_STANDARD

[Global flags]
    uintx AdaptiveSizePolicyWeight                 = 90                                        {product} {command line}
     intx CICompilerCount                          = 3                                         {product} {ergonomic}
    uintx GCTimeRatio                              = 4                                         {product} {command line}
   size_t InitialHeapSize                          = 104857600                                 {product} {command line}
   size_t MaxHeapSize                              = 2147483648                                {product} {command line}
   size_t MaxNewSize                               = 715653120                                 {product} {ergonomic}
   size_t MinHeapDeltaBytes                        = 524288                                    {product} {ergonomic}
   size_t MinHeapSize                              = 104857600                                 {product} {command line}
   size_t NewSize                                  = 34603008                                  {product} {ergonomic}
    uintx NonNMethodCodeHeapSize                   = 5832780                                {pd product} {ergonomic}
    uintx NonProfiledCodeHeapSize                  = 122912730                              {pd product} {ergonomic}
   size_t OldSize                                  = 70254592                                  {product} {ergonomic}
    uintx ProfiledCodeHeapSize                     = 122912730                              {pd product} {ergonomic}
    uintx ReservedCodeCacheSize                    = 251658240                              {pd product} {ergonomic}
     bool SegmentedCodeCache                       = true                                      {product} {ergonomic}
   size_t SoftMaxHeapSize                          = 2147483648                             {manageable} {ergonomic}
     bool UseCompressedOops                        = true                           {product lp64_product} {ergonomic}
     bool UseLargePagesIndividualAllocation        = false                                  {pd product} {ergonomic}
     bool UseParallelGC                            = true                                      {product} {command line}

Logging:
Log output configuration:
 #0: stdout all=off uptime,level,tags foldmultilines=false
 #1: stderr all=off uptime,level,tags foldmultilines=false

Environment Variables:
JAVA_HOME=C:\Program Files\Java\jdk-23
PATH=C:\Program Files\Common Files\Oracle\Java\javapath;C:\WINDOWS\system32;C:\WINDOWS;C:\WINDOWS\System32\Wbem;C:\WINDOWS\System32\WindowsPowerShell\v1.0\;C:\WINDOWS\System32\OpenSSH\;C:\Program Files\dotnet\;C:\Program Files\Java\jdk-23\bin;C:\Program Files\Git\cmd;C:\Program Files\nodejs;C:\Users\ACER\AppData\Roaming\npm;C:\Users\ACER\AppData\Local\Programs\Microsoft VS Code\bin;C:\Users\ACER\AppData\Local\Microsoft\WindowsApps;C:\Program Files\Java\jdk-23\bin;C:\Users\ACER\AppData\Roaming\npm;C:\Program Files\Apache Maven\apache-maven-3.9.9\bin;C:\Users\ACER\AppData\Local\Programs\Microsoft VS Code\bin
USERNAME=ACER
OS=Windows_NT
PROCESSOR_IDENTIFIER=AMD64 Family 23 Model 24 Stepping 1, AuthenticAMD
TMP=C:\Users\ACER\AppData\Local\Temp
TEMP=C:\Users\ACER\AppData\Local\Temp




Periodic native trim disabled

---------------  S Y S T E M  ---------------

OS:
 Windows 11 , 64 bit Build 26100 (10.0.26100.3037)
OS uptime: 0 days 12:33 hours
Hyper-V role detected

CPU: total 4 (initial active 4) (4 cores per cpu, 2 threads per core) family 23 model 24 stepping 1 microcode 0x8108109, cx8, cmov, fxsr, ht, mmx, 3dnowpref, sse, sse2, sse3, ssse3, sse4a, sse4.1, sse4.2, popcnt, lzcnt, tsc, tscinvbit, avx, avx2, aes, clmul, bmi1, bmi2, adx, sha, fma, vzeroupper, clflush, clflushopt, hv, rdtscp, f16c
Processor Information for the first 4 processors :
  Max Mhz: 2600, Current Mhz: 2600, Mhz Limit: 2600

Memory: 4k page, system-wide physical 6081M (380M free)
TotalPageFile size 10177M (AvailPageFile size 2M)
current process WorkingSet (physical memory assigned to process): 82M, peak: 82M
current process commit charge ("private bytes"): 223M, peak: 224M

vm_info: OpenJDK 64-Bit Server VM (21.0.7+6-LTS) for windows-amd64 JRE (21.0.7+6-LTS), built on 2025-04-15T00:00:00Z by "admin" with MS VC++ 17.7 (VS2022)

END.
