#
# There is insufficient memory for the Java Runtime Environment to continue.
# Native memory allocation (malloc) failed to allocate 132336 bytes. Error detail: Chunk::new
# Possible reasons:
#   The system is out of physical RAM or swap space
#   This process is running with CompressedOops enabled, and the Java Heap may be blocking the growth of the native heap
# Possible solutions:
#   Reduce memory load on the system
#   Increase physical memory or swap space
#   Check if swap backing store is full
#   Decrease Java heap size (-Xmx/-Xms)
#   Decrease number of Java threads
#   Decrease Java thread stack sizes (-Xss)
#   Set larger code cache with -XX:ReservedCodeCacheSize=
#   JVM is running with Unscaled Compressed Oops mode in which the Java heap is
#     placed in the first 4GB address space. The Java Heap base address is the
#     maximum limit for the native heap growth. Please use -XX:HeapBaseMinAddress
#     to set the Java Heap base and to place the Java Heap above 4GB virtual address.
# This output file may be truncated or incomplete.
#
#  Out of Memory Error (arena.cpp:168), pid=14608, tid=16044
#
# JRE version: OpenJDK Runtime Environment Temurin-21.0.7+6 (21.0.7+6) (build 21.0.7+6-LTS)
# Java VM: OpenJDK 64-Bit Server VM Temurin-21.0.7+6 (21.0.7+6-LTS, mixed mode, sharing, tiered, compressed oops, compressed class ptrs, parallel gc, windows-amd64)
# No core dump will be written. Minidumps are not enabled by default on client versions of Windows
#

---------------  S U M M A R Y ------------

Command Line: --add-modules=ALL-SYSTEM --add-opens=java.base/java.util=ALL-UNNAMED --add-opens=java.base/java.lang=ALL-UNNAMED --add-opens=java.base/sun.nio.fs=ALL-UNNAMED -Declipse.application=org.eclipse.jdt.ls.core.id1 -Dosgi.bundles.defaultStartLevel=4 -Declipse.product=org.eclipse.jdt.ls.core.product -Djava.import.generatesMetadataFilesAtProjectRoot=false -DDetectVMInstallationsJob.disabled=true -Dfile.encoding=utf8 -XX:+UseParallelGC -XX:GCTimeRatio=4 -XX:AdaptiveSizePolicyWeight=90 -Dsun.zip.disableMemoryMapping=true -Xmx2G -Xms100m -Xlog:disable -javaagent:c:\Users\ACER\.vscode\extensions\redhat.java-1.43.1-win32-x64\lombok\lombok-1.18.39-4050.jar c:\Users\ACER\.vscode\extensions\redhat.java-1.43.1-win32-x64\server\plugins\org.eclipse.equinox.launcher_1.7.0.v20250519-0528.jar -configuration c:\Users\ACER\AppData\Roaming\Code\User\globalStorage\redhat.java\1.43.1\config_ss_win -data c:\Users\ACER\AppData\Roaming\Code\User\workspaceStorage\15219cc19e9195b5b3522279bd389d27\redhat.java\ss_ws --pipe=\\.\pipe\lsp-7d2c14a065c54e35c327810aadbc8898-sock

Host: AMD Ryzen 3 3250U with Radeon Graphics         , 4 cores, 5G,  Windows 11 , 64 bit Build 26100 (10.0.26100.3037)
Time: Fri Jul 25 22:04:17 2025 India Standard Time elapsed time: 4.316721 seconds (0d 0h 0m 4s)

---------------  T H R E A D  ---------------

Current thread (0x00000294feca8d40):  JavaThread "C2 CompilerThread1" daemon [_thread_in_native, id=16044, stack(0x0000009af8c00000,0x0000009af8d00000) (1024K)]


Current CompileTask:
C2:4316 1610       4       jdk.internal.org.objectweb.asm.SymbolTable::addConstantUtf8 (98 bytes)

Stack: [0x0000009af8c00000,0x0000009af8d00000]
Native frames: (J=compiled Java code, j=interpreted, Vv=VM code, C=native code)
V  [jvm.dll+0x6ce119]
V  [jvm.dll+0x8a84a1]
V  [jvm.dll+0x8aa9ce]
V  [jvm.dll+0x8ab0b3]
V  [jvm.dll+0x27f8a6]
V  [jvm.dll+0xc507d]
V  [jvm.dll+0xc55b3]
V  [jvm.dll+0x2f2c6d]
V  [jvm.dll+0x5f6bca]
V  [jvm.dll+0x250cb2]
V  [jvm.dll+0x24918e]
V  [jvm.dll+0x246fc4]
V  [jvm.dll+0x1c760e]
V  [jvm.dll+0x25695a]
V  [jvm.dll+0x254efa]
V  [jvm.dll+0x3f03f6]
V  [jvm.dll+0x851f6b]
V  [jvm.dll+0x6cc7dd]
C  [ucrtbase.dll+0x37b0]
C  [KERNEL32.DLL+0x2e8d7]
C  [ntdll.dll+0xbbf2c]


---------------  P R O C E S S  ---------------

Threads class SMR info:
_java_thread_list=0x00000294fef27f80, length=13, elements={
0x00000294e6df9c30, 0x00000294e6cec0b0, 0x00000294e6cedde0, 0x00000294e6cf1e00,
0x00000294e6cf2e00, 0x00000294e6cf6750, 0x00000294e6cf8090, 0x00000294e6d04020,
0x00000294e6d24000, 0x00000294e6e69720, 0x00000294fe533da0, 0x00000294feca8d40,
0x00000294fecd9560
}

Java Threads: ( => current thread )
  0x00000294e6df9c30 JavaThread "main"                              [_thread_in_vm, id=11548, stack(0x0000009af7f00000,0x0000009af8000000) (1024K)]
  0x00000294e6cec0b0 JavaThread "Reference Handler"          daemon [_thread_blocked, id=8920, stack(0x0000009af8300000,0x0000009af8400000) (1024K)]
  0x00000294e6cedde0 JavaThread "Finalizer"                  daemon [_thread_blocked, id=7584, stack(0x0000009af8400000,0x0000009af8500000) (1024K)]
  0x00000294e6cf1e00 JavaThread "Signal Dispatcher"          daemon [_thread_blocked, id=17772, stack(0x0000009af8500000,0x0000009af8600000) (1024K)]
  0x00000294e6cf2e00 JavaThread "Attach Listener"            daemon [_thread_blocked, id=11600, stack(0x0000009af8600000,0x0000009af8700000) (1024K)]
  0x00000294e6cf6750 JavaThread "Service Thread"             daemon [_thread_blocked, id=17204, stack(0x0000009af8700000,0x0000009af8800000) (1024K)]
  0x00000294e6cf8090 JavaThread "Monitor Deflation Thread"   daemon [_thread_blocked, id=18404, stack(0x0000009af8800000,0x0000009af8900000) (1024K)]
  0x00000294e6d04020 JavaThread "C2 CompilerThread0"         daemon [_thread_blocked, id=3864, stack(0x0000009af8900000,0x0000009af8a00000) (1024K)]
  0x00000294e6d24000 JavaThread "C1 CompilerThread0"         daemon [_thread_blocked, id=1380, stack(0x0000009af8a00000,0x0000009af8b00000) (1024K)]
  0x00000294e6e69720 JavaThread "Common-Cleaner"             daemon [_thread_blocked, id=6676, stack(0x0000009af8b00000,0x0000009af8c00000) (1024K)]
  0x00000294fe533da0 JavaThread "Notification Thread"        daemon [_thread_blocked, id=13240, stack(0x0000009af8d00000,0x0000009af8e00000) (1024K)]
=>0x00000294feca8d40 JavaThread "C2 CompilerThread1"         daemon [_thread_in_native, id=16044, stack(0x0000009af8c00000,0x0000009af8d00000) (1024K)]
  0x00000294fecd9560 JavaThread "Active Thread: Equinox Container: ce3bb717-7cb1-4e54-b208-19d332a855c7"        [_thread_blocked, id=11672, stack(0x0000009af9100000,0x0000009af9200000) (1024K)]
Total: 13

Other Threads:
  0x00000294e6eb9e10 VMThread "VM Thread"                           [id=11276, stack(0x0000009af8200000,0x0000009af8300000) (1024K)]
  0x00000294e6c8ca00 WatcherThread "VM Periodic Task Thread"        [id=3988, stack(0x0000009af8100000,0x0000009af8200000) (1024K)]
  0x00000294e6e199b0 WorkerThread "GC Thread#0"                     [id=15788, stack(0x0000009af8000000,0x0000009af8100000) (1024K)]
  0x00000294fec15d80 WorkerThread "GC Thread#1"                     [id=11764, stack(0x0000009af8e00000,0x0000009af8f00000) (1024K)]
  0x00000294fec03010 WorkerThread "GC Thread#2"                     [id=8640, stack(0x0000009af8f00000,0x0000009af9000000) (1024K)]
  0x00000294fec1ae50 WorkerThread "GC Thread#3"                     [id=15092, stack(0x0000009af9000000,0x0000009af9100000) (1024K)]
Total: 6

Threads with active compile tasks:
C2 CompilerThread1  4413 1610       4       jdk.internal.org.objectweb.asm.SymbolTable::addConstantUtf8 (98 bytes)
Total: 1

VM state: not at safepoint (normal execution)

VM Mutex/Monitor currently owned by a thread: None

Heap address: 0x0000000080000000, size: 2048 MB, Compressed Oops mode: 32-bit

CDS archive(s) mapped at: [0x0000029480000000-0x0000029480ba0000-0x0000029480ba0000), size 12189696, SharedBaseAddress: 0x0000029480000000, ArchiveRelocationMode: 1.
Compressed class space mapped at: 0x0000029481000000-0x00000294c1000000, reserved size: 1073741824
Narrow klass base: 0x0000029480000000, Narrow klass shift: 0, Narrow klass range: 0x100000000

GC Precious Log:
 CardTable entry size: 512
 CPUs: 4 total, 4 available
 Memory: 6081M
 Large Page Support: Disabled
 NUMA Support: Disabled
 Compressed Oops: Enabled (32-bit)
 Alignments: Space 512K, Generation 512K, Heap 2M
 Heap Min Capacity: 100M
 Heap Initial Capacity: 100M
 Heap Max Capacity: 2G
 Pre-touch: Disabled
 Parallel Workers: 4

Heap:
 PSYoungGen      total 29696K, used 22494K [0x00000000d5580000, 0x00000000d7680000, 0x0000000100000000)
  eden space 25600K, 75% used [0x00000000d5580000,0x00000000d6841d30,0x00000000d6e80000)
  from space 4096K, 80% used [0x00000000d6e80000,0x00000000d71b5c58,0x00000000d7280000)
  to   space 4096K, 0% used [0x00000000d7280000,0x00000000d7280000,0x00000000d7680000)
 ParOldGen       total 68608K, used 16K [0x0000000080000000, 0x0000000084300000, 0x00000000d5580000)
  object space 68608K, 0% used [0x0000000080000000,0x0000000080004000,0x0000000084300000)
 Metaspace       used 7348K, committed 7680K, reserved 1114112K
  class space    used 745K, committed 896K, reserved 1048576K

Card table byte_map: [0x00000294e67a0000,0x00000294e6bb0000] _byte_map_base: 0x00000294e63a0000

Marking Bits: (ParMarkBitMap*) 0x00007ffd357931f0
 Begin Bits: [0x00000294f92a0000, 0x00000294fb2a0000)
 End Bits:   [0x00000294fb2a0000, 0x00000294fd2a0000)

Polling page: 0x00000294e6520000

Metaspace:

Usage:
  Non-class:      6.45 MB used.
      Class:    745.25 KB used.
       Both:      7.18 MB used.

Virtual space:
  Non-class space:       64.00 MB reserved,       6.62 MB ( 10%) committed,  1 nodes.
      Class space:        1.00 GB reserved,     896.00 KB ( <1%) committed,  1 nodes.
             Both:        1.06 GB reserved,       7.50 MB ( <1%) committed. 

Chunk freelists:
   Non-Class:  9.19 MB
       Class:  14.97 MB
        Both:  24.15 MB

MaxMetaspaceSize: unlimited
CompressedClassSpaceSize: 1.00 GB
Initial GC threshold: 21.00 MB
Current GC threshold: 21.00 MB
CDS: on
 - commit_granule_bytes: 65536.
 - commit_granule_words: 8192.
 - virtual_space_node_default_size: 8388608.
 - enlarge_chunks_in_place: 1.
 - use_allocation_guard: 0.


Internal statistics:

num_allocs_failed_limit: 0.
num_arena_births: 218.
num_arena_deaths: 0.
num_vsnodes_births: 2.
num_vsnodes_deaths: 0.
num_space_committed: 120.
num_space_uncommitted: 0.
num_chunks_returned_to_freelist: 0.
num_chunks_taken_from_freelist: 383.
num_chunk_merges: 0.
num_chunk_splits: 247.
num_chunks_enlarged: 166.
num_inconsistent_stats: 0.

CodeHeap 'non-profiled nmethods': size=120000Kb used=691Kb max_used=691Kb free=119308Kb
 bounds [0x00000294f1ac0000, 0x00000294f1d30000, 0x00000294f8ff0000]
CodeHeap 'profiled nmethods': size=120000Kb used=2876Kb max_used=2876Kb free=117123Kb
 bounds [0x00000294e9ff0000, 0x00000294ea2c0000, 0x00000294f1520000]
CodeHeap 'non-nmethods': size=5760Kb used=1212Kb max_used=1235Kb free=4548Kb
 bounds [0x00000294f1520000, 0x00000294f1790000, 0x00000294f1ac0000]
 total_blobs=2105 nmethods=1628 adapters=384
 compilation: enabled
              stopped_count=0, restarted_count=0
 full_count=0

Compilation events (20 events):
Event: 4.172 Thread 0x00000294e6d24000 1599       3       java.util.zip.InflaterInputStream::close (34 bytes)
Event: 4.172 Thread 0x00000294e6d24000 nmethod 1599 0x00000294ea2a7690 code [0x00000294ea2a7860, 0x00000294ea2a7b00]
Event: 4.185 Thread 0x00000294e6d24000 1600       1       org.eclipse.osgi.container.ModuleRevisions::getModule (5 bytes)
Event: 4.186 Thread 0x00000294e6d24000 nmethod 1600 0x00000294f1b68790 code [0x00000294f1b68920, 0x00000294f1b689e8]
Event: 4.204 Thread 0x00000294e6d24000 1601       1       lombok.patcher.ScriptManager::access$0 (5 bytes)
Event: 4.204 Thread 0x00000294e6d24000 nmethod 1601 0x00000294f1b68a90 code [0x00000294f1b68c20, 0x00000294f1b68cd0]
Event: 4.204 Thread 0x00000294e6d24000 1602       1       lombok.patcher.ScriptManager::access$2 (5 bytes)
Event: 4.204 Thread 0x00000294e6d24000 nmethod 1602 0x00000294f1b68d90 code [0x00000294f1b68f20, 0x00000294f1b68fd0]
Event: 4.204 Thread 0x00000294e6d24000 1603       1       lombok.patcher.ScriptManager::access$1 (5 bytes)
Event: 4.204 Thread 0x00000294e6d24000 nmethod 1603 0x00000294f1b69090 code [0x00000294f1b69220, 0x00000294f1b692d0]
Event: 4.205 Thread 0x00000294e6d24000 1604   !   3       java.lang.ClassLoader::loadClass (121 bytes)
Event: 4.206 Thread 0x00000294e6d24000 nmethod 1604 0x00000294ea2a7c10 code [0x00000294ea2a7ee0, 0x00000294ea2a8b58]
Event: 4.218 Thread 0x00000294e6d24000 1605       3       java.lang.ClassNotFoundException::<init> (7 bytes)
Event: 4.218 Thread 0x00000294e6d24000 nmethod 1605 0x00000294ea2a9210 code [0x00000294ea2a93c0, 0x00000294ea2a95c0]
Event: 4.222 Thread 0x00000294e6d24000 1606       3       java.lang.ClassLoader::compareCerts (197 bytes)
Event: 4.223 Thread 0x00000294e6d24000 nmethod 1606 0x00000294ea2a9690 code [0x00000294ea2a98c0, 0x00000294ea2aa0f8]
Event: 4.225 Thread 0x00000294feca8d40 nmethod 1593 0x00000294f1b69690 code [0x00000294f1b699c0, 0x00000294f1b6aaf8]
Event: 4.264 Thread 0x00000294e6d24000 1608       3       sun.invoke.util.VerifyAccess::isTypeVisible (47 bytes)
Event: 4.265 Thread 0x00000294e6d24000 nmethod 1608 0x00000294ea2aa410 code [0x00000294ea2aa600, 0x00000294ea2aa9e8]
Event: 4.267 Thread 0x00000294feca8d40 1610       4       jdk.internal.org.objectweb.asm.SymbolTable::addConstantUtf8 (98 bytes)

GC Heap History (2 events):
Event: 2.635 GC heap before
{Heap before GC invocations=1 (full 0):
 PSYoungGen      total 29696K, used 25600K [0x00000000d5580000, 0x00000000d7680000, 0x0000000100000000)
  eden space 25600K, 100% used [0x00000000d5580000,0x00000000d6e80000,0x00000000d6e80000)
  from space 4096K, 0% used [0x00000000d7280000,0x00000000d7280000,0x00000000d7680000)
  to   space 4096K, 0% used [0x00000000d6e80000,0x00000000d6e80000,0x00000000d7280000)
 ParOldGen       total 68608K, used 0K [0x0000000080000000, 0x0000000084300000, 0x00000000d5580000)
  object space 68608K, 0% used [0x0000000080000000,0x0000000080000000,0x0000000084300000)
 Metaspace       used 4305K, committed 4544K, reserved 1114112K
  class space    used 458K, committed 576K, reserved 1048576K
}
Event: 2.654 GC heap after
{Heap after GC invocations=1 (full 0):
 PSYoungGen      total 29696K, used 3287K [0x00000000d5580000, 0x00000000d7680000, 0x0000000100000000)
  eden space 25600K, 0% used [0x00000000d5580000,0x00000000d5580000,0x00000000d6e80000)
  from space 4096K, 80% used [0x00000000d6e80000,0x00000000d71b5c58,0x00000000d7280000)
  to   space 4096K, 0% used [0x00000000d7280000,0x00000000d7280000,0x00000000d7680000)
 ParOldGen       total 68608K, used 16K [0x0000000080000000, 0x0000000084300000, 0x00000000d5580000)
  object space 68608K, 0% used [0x0000000080000000,0x0000000080004000,0x0000000084300000)
 Metaspace       used 4305K, committed 4544K, reserved 1114112K
  class space    used 458K, committed 576K, reserved 1048576K
}

Dll operation events (8 events):
Event: 0.038 Loaded shared library c:\Users\ACER\.vscode\extensions\redhat.java-1.43.1-win32-x64\jre\21.0.7-win32-x86_64\bin\java.dll
Event: 0.292 Loaded shared library c:\Users\ACER\.vscode\extensions\redhat.java-1.43.1-win32-x64\jre\21.0.7-win32-x86_64\bin\zip.dll
Event: 0.446 Loaded shared library C:\Users\ACER\.vscode\extensions\redhat.java-1.43.1-win32-x64\jre\21.0.7-win32-x86_64\bin\instrument.dll
Event: 0.626 Loaded shared library C:\Users\ACER\.vscode\extensions\redhat.java-1.43.1-win32-x64\jre\21.0.7-win32-x86_64\bin\net.dll
Event: 0.636 Loaded shared library C:\Users\ACER\.vscode\extensions\redhat.java-1.43.1-win32-x64\jre\21.0.7-win32-x86_64\bin\nio.dll
Event: 0.659 Loaded shared library C:\Users\ACER\.vscode\extensions\redhat.java-1.43.1-win32-x64\jre\21.0.7-win32-x86_64\bin\zip.dll
Event: 0.709 Loaded shared library C:\Users\ACER\.vscode\extensions\redhat.java-1.43.1-win32-x64\jre\21.0.7-win32-x86_64\bin\jimage.dll
Event: 0.918 Loaded shared library c:\Users\ACER\.vscode\extensions\redhat.java-1.43.1-win32-x64\jre\21.0.7-win32-x86_64\bin\verify.dll

Deoptimization events (20 events):
Event: 3.451 Thread 0x00000294e6df9c30 Uncommon trap: trap_request=0xffffff45 fr.pc=0x00000294f1b14ad0 relative=0x0000000000001010
Event: 3.451 Thread 0x00000294e6df9c30 Uncommon trap: reason=unstable_if action=reinterpret pc=0x00000294f1b14ad0 method=lombok.patcher.PatchScript.classMatches(Ljava/lang/String;Ljava/util/Collection;)Z @ 25 c2
Event: 3.451 Thread 0x00000294e6df9c30 DEOPT PACKING pc=0x00000294f1b14ad0 sp=0x0000009af7ff8d50
Event: 3.451 Thread 0x00000294e6df9c30 DEOPT UNPACKING pc=0x00000294f1573aa2 sp=0x0000009af7ff8ca8 mode 2
Event: 3.605 Thread 0x00000294e6df9c30 Uncommon trap: trap_request=0xffffffc6 fr.pc=0x00000294f1b063d0 relative=0x0000000000000290
Event: 3.605 Thread 0x00000294e6df9c30 Uncommon trap: reason=bimorphic_or_optimized_type_check action=maybe_recompile pc=0x00000294f1b063d0 method=java.util.Collections$UnmodifiableCollection$1.next()Ljava/lang/Object; @ 4 c2
Event: 3.605 Thread 0x00000294e6df9c30 DEOPT PACKING pc=0x00000294f1b063d0 sp=0x0000009af7ff87e0
Event: 3.605 Thread 0x00000294e6df9c30 DEOPT UNPACKING pc=0x00000294f1573aa2 sp=0x0000009af7ff8790 mode 2
Event: 3.605 Thread 0x00000294e6df9c30 Uncommon trap: trap_request=0xffffffc6 fr.pc=0x00000294f1b063d0 relative=0x0000000000000290
Event: 3.605 Thread 0x00000294e6df9c30 Uncommon trap: reason=bimorphic_or_optimized_type_check action=maybe_recompile pc=0x00000294f1b063d0 method=java.util.Collections$UnmodifiableCollection$1.next()Ljava/lang/Object; @ 4 c2
Event: 3.605 Thread 0x00000294e6df9c30 DEOPT PACKING pc=0x00000294f1b063d0 sp=0x0000009af7ff87e0
Event: 3.605 Thread 0x00000294e6df9c30 DEOPT UNPACKING pc=0x00000294f1573aa2 sp=0x0000009af7ff8790 mode 2
Event: 3.923 Thread 0x00000294e6df9c30 Uncommon trap: trap_request=0xffffff45 fr.pc=0x00000294f1b3e44c relative=0x00000000000000ac
Event: 3.923 Thread 0x00000294e6df9c30 Uncommon trap: reason=unstable_if action=reinterpret pc=0x00000294f1b3e44c method=java.util.concurrent.locks.ReentrantLock$NonfairSync.initialTryLock()Z @ 10 c2
Event: 3.923 Thread 0x00000294e6df9c30 DEOPT PACKING pc=0x00000294f1b3e44c sp=0x0000009af7ffec90
Event: 3.923 Thread 0x00000294e6df9c30 DEOPT UNPACKING pc=0x00000294f1573aa2 sp=0x0000009af7ffec20 mode 2
Event: 3.924 Thread 0x00000294e6df9c30 Uncommon trap: trap_request=0xffffff45 fr.pc=0x00000294f1b3e0b4 relative=0x0000000000000094
Event: 3.924 Thread 0x00000294e6df9c30 Uncommon trap: reason=unstable_if action=reinterpret pc=0x00000294f1b3e0b4 method=java.util.concurrent.locks.ReentrantLock$Sync.tryRelease(I)Z @ 26 c2
Event: 3.924 Thread 0x00000294e6df9c30 DEOPT PACKING pc=0x00000294f1b3e0b4 sp=0x0000009af7ffed60
Event: 3.924 Thread 0x00000294e6df9c30 DEOPT UNPACKING pc=0x00000294f1573aa2 sp=0x0000009af7ffece0 mode 2

Classes loaded (20 events):
Event: 3.988 Loading class java/util/concurrent/RunnableFuture done
Event: 3.988 Loading class java/util/concurrent/ScheduledFuture
Event: 3.988 Loading class java/util/concurrent/Delayed
Event: 3.989 Loading class java/util/concurrent/Delayed done
Event: 3.989 Loading class java/util/concurrent/ScheduledFuture done
Event: 3.989 Loading class java/util/concurrent/RunnableScheduledFuture done
Event: 3.992 Loading class java/util/concurrent/ScheduledThreadPoolExecutor$ScheduledFutureTask
Event: 3.992 Loading class java/util/concurrent/FutureTask
Event: 3.992 Loading class java/util/concurrent/FutureTask done
Event: 3.993 Loading class java/util/concurrent/ScheduledThreadPoolExecutor$ScheduledFutureTask done
Event: 3.997 Loading class java/util/concurrent/FutureTask$WaitNode
Event: 3.997 Loading class java/util/concurrent/FutureTask$WaitNode done
Event: 3.997 Loading class java/util/concurrent/Executors$RunnableAdapter
Event: 3.998 Loading class java/util/concurrent/Executors$RunnableAdapter done
Event: 3.999 Loading class java/util/concurrent/ThreadPoolExecutor$Worker
Event: 4.000 Loading class java/util/concurrent/ThreadPoolExecutor$Worker done
Event: 4.185 Loading class java/util/ArrayList$ListItr
Event: 4.187 Loading class java/util/ArrayList$ListItr done
Event: 4.201 Loading class java/net/ContentHandlerFactory
Event: 4.201 Loading class java/net/ContentHandlerFactory done

Classes unloaded (0 events):
No events

Classes redefined (0 events):
No events

Internal exceptions (20 events):
Event: 2.121 Thread 0x00000294e6df9c30 Exception <a 'java/lang/NoSuchMethodError'{0x00000000d654cbe0}: 'java.lang.Object java.lang.invoke.Invokers$Holder.invokeExact_MT(java.lang.Object, java.lang.Object, java.lang.Object, java.lang.Object, java.lang.Object, java.lang.Object)'> (0x00000000d654cbe0) 
thrown [s\src\hotspot\share\interpreter\linkResolver.cpp, line 773]
Event: 2.130 Thread 0x00000294e6df9c30 Exception <a 'java/lang/NoSuchMethodError'{0x00000000d6563e38}: 'int java.lang.invoke.DirectMethodHandle$Holder.invokeStatic(java.lang.Object, java.lang.Object, java.lang.Object, java.lang.Object, java.lang.Object)'> (0x00000000d6563e38) 
thrown [s\src\hotspot\share\interpreter\linkResolver.cpp, line 773]
Event: 2.194 Thread 0x00000294e6df9c30 Exception <a 'java/lang/NoSuchMethodError'{0x00000000d65f99e8}: 'java.lang.Object java.lang.invoke.DirectMethodHandle$Holder.invokeInterface(java.lang.Object, java.lang.Object, int)'> (0x00000000d65f99e8) 
thrown [s\src\hotspot\share\interpreter\linkResolver.cpp, line 773]
Event: 2.488 Thread 0x00000294e6df9c30 Exception <a 'java/lang/NoSuchMethodError'{0x00000000d6a74ea0}: 'java.lang.ClassLoader java.lang.ClassLoader.getPlatformClassLoader(java.lang.Class)'> (0x00000000d6a74ea0) 
thrown [s\src\hotspot\share\interpreter\linkResolver.cpp, line 773]
Event: 2.661 Thread 0x00000294e6df9c30 Exception <a 'java/lang/ClassNotFoundException'{0x00000000d558dd20}: sun/net/www/protocol/c/Handler> (0x00000000d558dd20) 
thrown [s\src\hotspot\share\classfile\systemDictionary.cpp, line 312]
Event: 2.662 Thread 0x00000294e6df9c30 Exception <a 'java/lang/ClassNotFoundException'{0x00000000d558f0c8}: sun/net/www/protocol/d/Handler> (0x00000000d558f0c8) 
thrown [s\src\hotspot\share\classfile\systemDictionary.cpp, line 312]
Event: 2.665 Thread 0x00000294e6df9c30 Exception <a 'java/lang/ClassNotFoundException'{0x00000000d55902b8}: sun/net/www/protocol/c/Handler> (0x00000000d55902b8) 
thrown [s\src\hotspot\share\classfile\systemDictionary.cpp, line 312]
Event: 2.693 Thread 0x00000294e6df9c30 Exception <a 'java/io/FileNotFoundException'{0x00000000d55b4d70}> (0x00000000d55b4d70) 
thrown [s\src\hotspot\share\prims\jni.cpp, line 520]
Event: 2.791 Thread 0x00000294e6df9c30 Implicit null exception at 0x00000294f1b1c4a9 to 0x00000294f1b1cd1c
Event: 2.791 Thread 0x00000294e6df9c30 Implicit null exception at 0x00000294f1b2449a to 0x00000294f1b246a4
Event: 2.792 Thread 0x00000294e6df9c30 Exception <a 'java/lang/NoSuchMethodError'{0x00000000d5760c88}: 'void java.lang.invoke.DirectMethodHandle$Holder.invokeStatic(java.lang.Object, java.lang.Object, java.lang.Object, java.lang.Object)'> (0x00000000d5760c88) 
thrown [s\src\hotspot\share\interpreter\linkResolver.cpp, line 773]
Event: 2.794 Thread 0x00000294e6df9c30 Implicit null exception at 0x00000294f1b27a9a to 0x00000294f1b27ca8
Event: 2.794 Thread 0x00000294e6df9c30 Implicit null exception at 0x00000294f1b215bd to 0x00000294f1b21641
Event: 2.968 Thread 0x00000294e6df9c30 Exception <a 'java/lang/NoSuchMethodError'{0x00000000d59d5628}: 'void java.lang.invoke.DirectMethodHandle$Holder.invokeSpecial(java.lang.Object, java.lang.Object, java.lang.Object)'> (0x00000000d59d5628) 
thrown [s\src\hotspot\share\interpreter\linkResolver.cpp, line 773]
Event: 3.874 Thread 0x00000294e6df9c30 Exception <a 'java/lang/NoSuchMethodError'{0x00000000d62823c8}: 'int java.lang.invoke.DirectMethodHandle$Holder.invokeVirtual(java.lang.Object, java.lang.Object)'> (0x00000000d62823c8) 
thrown [s\src\hotspot\share\interpreter\linkResolver.cpp, line 773]
Event: 3.963 Thread 0x00000294e6df9c30 Exception <a 'java/lang/NoSuchMethodError'{0x00000000d63f55a8}: 'int java.lang.invoke.DirectMethodHandle$Holder.invokeStaticInit(java.lang.Object, java.lang.Object, java.lang.Object, java.lang.Object)'> (0x00000000d63f55a8) 
thrown [s\src\hotspot\share\interpreter\linkResolver.cpp, line 773]
Event: 3.966 Thread 0x00000294e6df9c30 Exception <a 'java/lang/IncompatibleClassChangeError'{0x00000000d63fda30}: Found class java.lang.Object, but interface was expected> (0x00000000d63fda30) 
thrown [s\src\hotspot\share\interpreter\linkResolver.cpp, line 840]
Event: 3.968 Thread 0x00000294e6df9c30 Exception <a 'java/lang/NoSuchMethodError'{0x00000000d6404040}: 'void java.lang.invoke.DirectMethodHandle$Holder.invokeStaticInit(java.lang.Object, java.lang.Object)'> (0x00000000d6404040) 
thrown [s\src\hotspot\share\interpreter\linkResolver.cpp, line 773]
Event: 3.969 Thread 0x00000294e6df9c30 Exception <a 'java/lang/NoSuchMethodError'{0x00000000d640d458}: 'int java.lang.invoke.DirectMethodHandle$Holder.invokeStaticInit(java.lang.Object, java.lang.Object)'> (0x00000000d640d458) 
thrown [s\src\hotspot\share\interpreter\linkResolver.cpp, line 773]
Event: 4.265 Thread 0x00000294e6df9c30 Exception <a 'java/lang/NoSuchMethodError'{0x00000000d66529d8}: 'java.lang.Object java.lang.invoke.DirectMethodHandle$Holder.newInvokeSpecial(java.lang.Object, int, java.lang.Object)'> (0x00000000d66529d8) 
thrown [s\src\hotspot\share\interpreter\linkResolver.cpp, line 773]

ZGC Phase Switch (0 events):
No events

VM Operations (18 events):
Event: 0.290 Executing VM operation: HandshakeAllThreads (Deoptimize)
Event: 0.290 Executing VM operation: HandshakeAllThreads (Deoptimize) done
Event: 0.746 Executing VM operation: HandshakeAllThreads (Deoptimize)
Event: 0.746 Executing VM operation: HandshakeAllThreads (Deoptimize) done
Event: 1.750 Executing VM operation: Cleanup
Event: 1.751 Executing VM operation: Cleanup done
Event: 1.906 Executing VM operation: HandshakeAllThreads (Deoptimize)
Event: 1.906 Executing VM operation: HandshakeAllThreads (Deoptimize) done
Event: 1.960 Executing VM operation: HandshakeAllThreads (Deoptimize)
Event: 1.960 Executing VM operation: HandshakeAllThreads (Deoptimize) done
Event: 2.635 Executing VM operation: ParallelGCFailedAllocation (Allocation Failure)
Event: 2.654 Executing VM operation: ParallelGCFailedAllocation (Allocation Failure) done
Event: 3.662 Executing VM operation: Cleanup
Event: 3.662 Executing VM operation: Cleanup done
Event: 4.147 Executing VM operation: HandshakeAllThreads (Deoptimize)
Event: 4.148 Executing VM operation: HandshakeAllThreads (Deoptimize) done
Event: 4.187 Executing VM operation: HandshakeAllThreads (Deoptimize)
Event: 4.187 Executing VM operation: HandshakeAllThreads (Deoptimize) done

Memory protections (0 events):
No events

Nmethod flushes (0 events):
No events

Events (17 events):
Event: 0.081 Thread 0x00000294e6df9c30 Thread added: 0x00000294e6df9c30
Event: 0.129 Thread 0x00000294e6df9c30 Thread added: 0x00000294e6cec0b0
Event: 0.130 Thread 0x00000294e6df9c30 Thread added: 0x00000294e6cedde0
Event: 0.130 Thread 0x00000294e6df9c30 Thread added: 0x00000294e6cf1e00
Event: 0.130 Thread 0x00000294e6df9c30 Thread added: 0x00000294e6cf2e00
Event: 0.130 Thread 0x00000294e6df9c30 Thread added: 0x00000294e6cf6750
Event: 0.131 Thread 0x00000294e6df9c30 Thread added: 0x00000294e6cf8090
Event: 0.131 Thread 0x00000294e6df9c30 Thread added: 0x00000294e6d04020
Event: 0.132 Thread 0x00000294e6df9c30 Thread added: 0x00000294e6d24000
Event: 0.257 Thread 0x00000294e6df9c30 Thread added: 0x00000294e6e69720
Event: 0.904 Thread 0x00000294e6d24000 Thread added: 0x00000294fe554100
Event: 1.258 Thread 0x00000294e6df9c30 Thread added: 0x00000294fe533da0
Event: 1.539 Thread 0x00000294fe554100 Thread exited: 0x00000294fe554100
Event: 1.725 Thread 0x00000294e6d24000 Thread added: 0x00000294fe91b050
Event: 2.768 Thread 0x00000294fe91b050 Thread exited: 0x00000294fe91b050
Event: 3.167 Thread 0x00000294e6d24000 Thread added: 0x00000294feca8d40
Event: 4.021 Thread 0x00000294e6df9c30 Thread added: 0x00000294fecd9560


Dynamic libraries:
0x00007ff745230000 - 0x00007ff74523e000 	c:\Users\ACER\.vscode\extensions\redhat.java-1.43.1-win32-x64\jre\21.0.7-win32-x86_64\bin\java.exe
0x00007ffdc5980000 - 0x00007ffdc5be3000 	C:\WINDOWS\SYSTEM32\ntdll.dll
0x00007ffdc4c40000 - 0x00007ffdc4d07000 	C:\WINDOWS\System32\KERNEL32.DLL
0x00007ffdc2f60000 - 0x00007ffdc3327000 	C:\WINDOWS\System32\KERNELBASE.dll
0x00007ffdc3330000 - 0x00007ffdc347c000 	C:\WINDOWS\System32\ucrtbase.dll
0x00007ffdb96a0000 - 0x00007ffdb96b8000 	c:\Users\ACER\.vscode\extensions\redhat.java-1.43.1-win32-x64\jre\21.0.7-win32-x86_64\bin\jli.dll
0x00007ffdc3cd0000 - 0x00007ffdc3e99000 	C:\WINDOWS\System32\USER32.dll
0x00007ffdc2ea0000 - 0x00007ffdc2ec7000 	C:\WINDOWS\System32\win32u.dll
0x00007ffdc4c10000 - 0x00007ffdc4c3a000 	C:\WINDOWS\System32\GDI32.dll
0x00007ffdc3690000 - 0x00007ffdc37bb000 	C:\WINDOWS\System32\gdi32full.dll
0x00007ffdc3520000 - 0x00007ffdc35c3000 	C:\WINDOWS\System32\msvcp_win.dll
0x00007ffd9c8c0000 - 0x00007ffd9c8de000 	c:\Users\ACER\.vscode\extensions\redhat.java-1.43.1-win32-x64\jre\21.0.7-win32-x86_64\bin\VCRUNTIME140.dll
0x00007ffdb1e40000 - 0x00007ffdb20d0000 	C:\WINDOWS\WinSxS\amd64_microsoft.windows.common-controls_6595b64144ccf1df_6.0.26100.3037_none_3e09262ce333c378\COMCTL32.dll
0x00007ffdc4f00000 - 0x00007ffdc4fa9000 	C:\WINDOWS\System32\msvcrt.dll
0x00007ffdc5830000 - 0x00007ffdc585f000 	C:\WINDOWS\System32\IMM32.DLL
0x00007ffda6b30000 - 0x00007ffda6b3c000 	c:\Users\ACER\.vscode\extensions\redhat.java-1.43.1-win32-x64\jre\21.0.7-win32-x86_64\bin\vcruntime140_1.dll
0x00007ffd93330000 - 0x00007ffd933bd000 	c:\Users\ACER\.vscode\extensions\redhat.java-1.43.1-win32-x64\jre\21.0.7-win32-x86_64\bin\msvcp140.dll
0x00007ffd34ae0000 - 0x00007ffd35870000 	c:\Users\ACER\.vscode\extensions\redhat.java-1.43.1-win32-x64\jre\21.0.7-win32-x86_64\bin\server\jvm.dll
0x00007ffdc5770000 - 0x00007ffdc5824000 	C:\WINDOWS\System32\ADVAPI32.dll
0x00007ffdc5880000 - 0x00007ffdc5926000 	C:\WINDOWS\System32\sechost.dll
0x00007ffdc3bb0000 - 0x00007ffdc3cc6000 	C:\WINDOWS\System32\RPCRT4.dll
0x00007ffdc56f0000 - 0x00007ffdc5764000 	C:\WINDOWS\System32\WS2_32.dll
0x00007ffdc2bb0000 - 0x00007ffdc2bfe000 	C:\WINDOWS\SYSTEM32\POWRPROF.dll
0x00007ffdbc100000 - 0x00007ffdbc136000 	C:\WINDOWS\SYSTEM32\WINMM.dll
0x00007ffdbc140000 - 0x00007ffdbc14b000 	C:\WINDOWS\SYSTEM32\VERSION.dll
0x00007ffdc2b90000 - 0x00007ffdc2ba4000 	C:\WINDOWS\SYSTEM32\UMPDC.dll
0x00007ffdc1b50000 - 0x00007ffdc1b6a000 	C:\WINDOWS\SYSTEM32\kernel.appcore.dll
0x00007ffda3450000 - 0x00007ffda345a000 	c:\Users\ACER\.vscode\extensions\redhat.java-1.43.1-win32-x64\jre\21.0.7-win32-x86_64\bin\jimage.dll
0x00007ffdb6c00000 - 0x00007ffdb6e41000 	C:\WINDOWS\SYSTEM32\DBGHELP.DLL
0x00007ffdc3ea0000 - 0x00007ffdc421e000 	C:\WINDOWS\System32\combase.dll
0x00007ffdc3970000 - 0x00007ffdc3a46000 	C:\WINDOWS\System32\OLEAUT32.dll
0x00007ffda88e0000 - 0x00007ffda8919000 	C:\WINDOWS\SYSTEM32\dbgcore.DLL
0x00007ffdc3480000 - 0x00007ffdc3519000 	C:\WINDOWS\System32\bcryptPrimitives.dll
0x00007ffda32a0000 - 0x00007ffda32af000 	c:\Users\ACER\.vscode\extensions\redhat.java-1.43.1-win32-x64\jre\21.0.7-win32-x86_64\bin\instrument.dll
0x00007ffd9c7b0000 - 0x00007ffd9c7cf000 	c:\Users\ACER\.vscode\extensions\redhat.java-1.43.1-win32-x64\jre\21.0.7-win32-x86_64\bin\java.dll
0x00007ffdc44a0000 - 0x00007ffdc4ba4000 	C:\WINDOWS\System32\SHELL32.dll
0x00007ffdc0a10000 - 0x00007ffdc1247000 	C:\WINDOWS\SYSTEM32\windows.storage.dll
0x00007ffdc4390000 - 0x00007ffdc4479000 	C:\WINDOWS\System32\SHCORE.dll
0x00007ffdc4bb0000 - 0x00007ffdc4c0d000 	C:\WINDOWS\System32\shlwapi.dll
0x00007ffdc2c30000 - 0x00007ffdc2c5e000 	C:\WINDOWS\SYSTEM32\profapi.dll
0x00007ffd9bea0000 - 0x00007ffd9beb8000 	c:\Users\ACER\.vscode\extensions\redhat.java-1.43.1-win32-x64\jre\21.0.7-win32-x86_64\bin\zip.dll
0x00007ffd9f070000 - 0x00007ffd9f080000 	C:\Users\ACER\.vscode\extensions\redhat.java-1.43.1-win32-x64\jre\21.0.7-win32-x86_64\bin\net.dll
0x00007ffdb9310000 - 0x00007ffdb942e000 	C:\WINDOWS\SYSTEM32\WINHTTP.dll
0x00007ffdc2060000 - 0x00007ffdc20ca000 	C:\WINDOWS\system32\mswsock.dll
0x00007ffd9b990000 - 0x00007ffd9b9a6000 	C:\Users\ACER\.vscode\extensions\redhat.java-1.43.1-win32-x64\jre\21.0.7-win32-x86_64\bin\nio.dll
0x00007ffd9ef10000 - 0x00007ffd9ef20000 	c:\Users\ACER\.vscode\extensions\redhat.java-1.43.1-win32-x64\jre\21.0.7-win32-x86_64\bin\verify.dll

dbghelp: loaded successfully - version: 4.0.5 - missing functions: none
symbol engine: initialized successfully - sym options: 0x614 - pdb path: .;c:\Users\ACER\.vscode\extensions\redhat.java-1.43.1-win32-x64\jre\21.0.7-win32-x86_64\bin;C:\WINDOWS\SYSTEM32;C:\WINDOWS\WinSxS\amd64_microsoft.windows.common-controls_6595b64144ccf1df_6.0.26100.3037_none_3e09262ce333c378;c:\Users\ACER\.vscode\extensions\redhat.java-1.43.1-win32-x64\jre\21.0.7-win32-x86_64\bin\server

VM Arguments:
jvm_args: --add-modules=ALL-SYSTEM --add-opens=java.base/java.util=ALL-UNNAMED --add-opens=java.base/java.lang=ALL-UNNAMED --add-opens=java.base/sun.nio.fs=ALL-UNNAMED -Declipse.application=org.eclipse.jdt.ls.core.id1 -Dosgi.bundles.defaultStartLevel=4 -Declipse.product=org.eclipse.jdt.ls.core.product -Djava.import.generatesMetadataFilesAtProjectRoot=false -DDetectVMInstallationsJob.disabled=true -Dfile.encoding=utf8 -XX:+UseParallelGC -XX:GCTimeRatio=4 -XX:AdaptiveSizePolicyWeight=90 -Dsun.zip.disableMemoryMapping=true -Xmx2G -Xms100m -Xlog:disable -javaagent:c:\Users\ACER\.vscode\extensions\redhat.java-1.43.1-win32-x64\lombok\lombok-1.18.39-4050.jar 
java_command: c:\Users\ACER\.vscode\extensions\redhat.java-1.43.1-win32-x64\server\plugins\org.eclipse.equinox.launcher_1.7.0.v20250519-0528.jar -configuration c:\Users\ACER\AppData\Roaming\Code\User\globalStorage\redhat.java\1.43.1\config_ss_win -data c:\Users\ACER\AppData\Roaming\Code\User\workspaceStorage\15219cc19e9195b5b3522279bd389d27\redhat.java\ss_ws --pipe=\\.\pipe\lsp-7d2c14a065c54e35c327810aadbc8898-sock
java_class_path (initial): c:\Users\ACER\.vscode\extensions\redhat.java-1.43.1-win32-x64\server\plugins\org.eclipse.equinox.launcher_1.7.0.v20250519-0528.jar
Launcher Type: SUN_STANDARD

[Global flags]
    uintx AdaptiveSizePolicyWeight                 = 90                                        {product} {command line}
     intx CICompilerCount                          = 3                                         {product} {ergonomic}
    uintx GCTimeRatio                              = 4                                         {product} {command line}
   size_t InitialHeapSize                          = 104857600                                 {product} {command line}
   size_t MaxHeapSize                              = 2147483648                                {product} {command line}
   size_t MaxNewSize                               = 715653120                                 {product} {ergonomic}
   size_t MinHeapDeltaBytes                        = 524288                                    {product} {ergonomic}
   size_t MinHeapSize                              = 104857600                                 {product} {command line}
   size_t NewSize                                  = 34603008                                  {product} {ergonomic}
    uintx NonNMethodCodeHeapSize                   = 5832780                                {pd product} {ergonomic}
    uintx NonProfiledCodeHeapSize                  = 122912730                              {pd product} {ergonomic}
   size_t OldSize                                  = 70254592                                  {product} {ergonomic}
    uintx ProfiledCodeHeapSize                     = 122912730                              {pd product} {ergonomic}
    uintx ReservedCodeCacheSize                    = 251658240                              {pd product} {ergonomic}
     bool SegmentedCodeCache                       = true                                      {product} {ergonomic}
   size_t SoftMaxHeapSize                          = 2147483648                             {manageable} {ergonomic}
     bool UseCompressedOops                        = true                           {product lp64_product} {ergonomic}
     bool UseLargePagesIndividualAllocation        = false                                  {pd product} {ergonomic}
     bool UseParallelGC                            = true                                      {product} {command line}

Logging:
Log output configuration:
 #0: stdout all=off uptime,level,tags foldmultilines=false
 #1: stderr all=off uptime,level,tags foldmultilines=false

Environment Variables:
JAVA_HOME=C:\Program Files\Java\jdk-23
PATH=C:\Program Files\Common Files\Oracle\Java\javapath;C:\WINDOWS\system32;C:\WINDOWS;C:\WINDOWS\System32\Wbem;C:\WINDOWS\System32\WindowsPowerShell\v1.0\;C:\WINDOWS\System32\OpenSSH\;C:\Program Files\dotnet\;C:\Program Files\Java\jdk-23\bin;C:\Program Files\Git\cmd;C:\Program Files\nodejs;C:\Users\ACER\AppData\Roaming\npm;C:\Users\ACER\AppData\Local\Programs\Microsoft VS Code\bin;C:\Users\ACER\AppData\Local\Microsoft\WindowsApps;C:\Program Files\Java\jdk-23\bin;C:\Users\ACER\AppData\Roaming\npm;C:\Program Files\Apache Maven\apache-maven-3.9.9\bin;C:\Users\ACER\AppData\Local\Programs\Microsoft VS Code\bin
USERNAME=ACER
OS=Windows_NT
PROCESSOR_IDENTIFIER=AMD64 Family 23 Model 24 Stepping 1, AuthenticAMD
TMP=C:\Users\ACER\AppData\Local\Temp
TEMP=C:\Users\ACER\AppData\Local\Temp




Periodic native trim disabled

---------------  S Y S T E M  ---------------

OS:
 Windows 11 , 64 bit Build 26100 (10.0.26100.3037)
OS uptime: 0 days 12:33 hours
Hyper-V role detected

CPU: total 4 (initial active 4) (4 cores per cpu, 2 threads per core) family 23 model 24 stepping 1 microcode 0x8108109, cx8, cmov, fxsr, ht, mmx, 3dnowpref, sse, sse2, sse3, ssse3, sse4a, sse4.1, sse4.2, popcnt, lzcnt, tsc, tscinvbit, avx, avx2, aes, clmul, bmi1, bmi2, adx, sha, fma, vzeroupper, clflush, clflushopt, hv, rdtscp, f16c
Processor Information for the first 4 processors :
  Max Mhz: 2600, Current Mhz: 2600, Mhz Limit: 2600

Memory: 4k page, system-wide physical 6081M (653M free)
TotalPageFile size 10177M (AvailPageFile size 52M)
current process WorkingSet (physical memory assigned to process): 86M, peak: 87M
current process commit charge ("private bytes"): 226M, peak: 226M

vm_info: OpenJDK 64-Bit Server VM (21.0.7+6-LTS) for windows-amd64 JRE (21.0.7+6-LTS), built on 2025-04-15T00:00:00Z by "admin" with MS VC++ 17.7 (VS2022)

END.
