#
# There is insufficient memory for the Java Runtime Environment to continue.
# Native memory allocation (malloc) failed to allocate 183056 bytes. Error detail: Chunk::new
# Possible reasons:
#   The system is out of physical RAM or swap space
#   This process is running with CompressedOops enabled, and the Java Heap may be blocking the growth of the native heap
# Possible solutions:
#   Reduce memory load on the system
#   Increase physical memory or swap space
#   Check if swap backing store is full
#   Decrease Java heap size (-Xmx/-Xms)
#   Decrease number of Java threads
#   Decrease Java thread stack sizes (-Xss)
#   Set larger code cache with -XX:ReservedCodeCacheSize=
#   JVM is running with Unscaled Compressed Oops mode in which the Java heap is
#     placed in the first 4GB address space. The Java Heap base address is the
#     maximum limit for the native heap growth. Please use -XX:HeapBaseMinAddress
#     to set the Java Heap base and to place the Java Heap above 4GB virtual address.
# This output file may be truncated or incomplete.
#
#  Out of Memory Error (arena.cpp:168), pid=6696, tid=11224
#
# JRE version: OpenJDK Runtime Environment Temurin-21.0.7+6 (21.0.7+6) (build 21.0.7+6-LTS)
# Java VM: OpenJDK 64-Bit Server VM Temurin-21.0.7+6 (21.0.7+6-LTS, mixed mode, sharing, tiered, compressed oops, compressed class ptrs, parallel gc, windows-amd64)
# No core dump will be written. Minidumps are not enabled by default on client versions of Windows
#

---------------  S U M M A R Y ------------

Command Line: --add-modules=ALL-SYSTEM --add-opens=java.base/java.util=ALL-UNNAMED --add-opens=java.base/java.lang=ALL-UNNAMED --add-opens=java.base/sun.nio.fs=ALL-UNNAMED -Declipse.application=org.eclipse.jdt.ls.core.id1 -Dosgi.bundles.defaultStartLevel=4 -Declipse.product=org.eclipse.jdt.ls.core.product -Djava.import.generatesMetadataFilesAtProjectRoot=false -DDetectVMInstallationsJob.disabled=true -Dfile.encoding=utf8 -XX:+UseParallelGC -XX:GCTimeRatio=4 -XX:AdaptiveSizePolicyWeight=90 -Dsun.zip.disableMemoryMapping=true -Xmx2G -Xms100m -Xlog:disable -javaagent:c:\Users\ACER\.vscode\extensions\redhat.java-1.43.1-win32-x64\lombok\lombok-1.18.39-4050.jar -XX:+HeapDumpOnOutOfMemoryError -XX:HeapDumpPath=c:\Users\ACER\AppData\Roaming\Code\User\workspaceStorage\15219cc19e9195b5b3522279bd389d27\redhat.java -Daether.dependencyCollector.impl=bf c:\Users\ACER\.vscode\extensions\redhat.java-1.43.1-win32-x64\server\plugins\org.eclipse.equinox.launcher_1.7.0.v20250519-0528.jar -configuration c:\Users\ACER\AppData\Roaming\Code\User\globalStorage\redhat.java\1.43.1\config_win -data c:\Users\ACER\AppData\Roaming\Code\User\workspaceStorage\15219cc19e9195b5b3522279bd389d27\redhat.java\jdt_ws --pipe=\\.\pipe\lsp-3ed23f2ddf988c7ae6558e73cc938ea0-sock

Host: AMD Ryzen 3 3250U with Radeon Graphics         , 4 cores, 5G,  Windows 11 , 64 bit Build 26100 (10.0.26100.3037)
Time: Fri Jul 25 16:33:53 2025 India Standard Time elapsed time: 7.233673 seconds (0d 0h 0m 7s)

---------------  T H R E A D  ---------------

Current thread (0x000002418cac67b0):  JavaThread "C2 CompilerThread0" daemon [_thread_in_native, id=11224, stack(0x0000006c0dc00000,0x0000006c0dd00000) (1024K)]


Current CompileTask:
C2:7233 1985       4       java.util.zip.ZipFile::getZipEntry (322 bytes)

Stack: [0x0000006c0dc00000,0x0000006c0dd00000]
Native frames: (J=compiled Java code, j=interpreted, Vv=VM code, C=native code)
V  [jvm.dll+0x6ce119]
V  [jvm.dll+0x8a84a1]
V  [jvm.dll+0x8aa9ce]
V  [jvm.dll+0x8ab0b3]
V  [jvm.dll+0x27f8a6]
V  [jvm.dll+0xc507d]
V  [jvm.dll+0xc55b3]
V  [jvm.dll+0x3b692c]
V  [jvm.dll+0x1dfe33]
V  [jvm.dll+0x247c42]
V  [jvm.dll+0x2470cf]
V  [jvm.dll+0x1c760e]
V  [jvm.dll+0x25695a]
V  [jvm.dll+0x254efa]
V  [jvm.dll+0x3f03f6]
V  [jvm.dll+0x851f6b]
V  [jvm.dll+0x6cc7dd]
C  [ucrtbase.dll+0x37b0]
C  [KERNEL32.DLL+0x2e8d7]
C  [ntdll.dll+0xbbf2c]


---------------  P R O C E S S  ---------------

Threads class SMR info:
_java_thread_list=0x00000241e5b99600, length=16, elements={
0x000002418cbcae20, 0x000002418cabb8d0, 0x000002418cabd9f0, 0x000002418cac0660,
0x000002418cac12b0, 0x000002418cac2df0, 0x000002418cac5980, 0x000002418cac67b0,
0x000002418cb298a0, 0x000002418cb7d580, 0x00000241e549f0d0, 0x00000241e5e03a50,
0x00000241e5dc46f0, 0x00000241e5dbce80, 0x00000241e5dbd8b0, 0x00000241e5d4e340
}

Java Threads: ( => current thread )
  0x000002418cbcae20 JavaThread "main"                              [_thread_blocked, id=17704, stack(0x0000006c0d200000,0x0000006c0d300000) (1024K)]
  0x000002418cabb8d0 JavaThread "Reference Handler"          daemon [_thread_blocked, id=2328, stack(0x0000006c0d600000,0x0000006c0d700000) (1024K)]
  0x000002418cabd9f0 JavaThread "Finalizer"                  daemon [_thread_blocked, id=13792, stack(0x0000006c0d700000,0x0000006c0d800000) (1024K)]
  0x000002418cac0660 JavaThread "Signal Dispatcher"          daemon [_thread_blocked, id=6664, stack(0x0000006c0d800000,0x0000006c0d900000) (1024K)]
  0x000002418cac12b0 JavaThread "Attach Listener"            daemon [_thread_blocked, id=1064, stack(0x0000006c0d900000,0x0000006c0da00000) (1024K)]
  0x000002418cac2df0 JavaThread "Service Thread"             daemon [_thread_blocked, id=17004, stack(0x0000006c0da00000,0x0000006c0db00000) (1024K)]
  0x000002418cac5980 JavaThread "Monitor Deflation Thread"   daemon [_thread_blocked, id=8008, stack(0x0000006c0db00000,0x0000006c0dc00000) (1024K)]
=>0x000002418cac67b0 JavaThread "C2 CompilerThread0"         daemon [_thread_in_native, id=11224, stack(0x0000006c0dc00000,0x0000006c0dd00000) (1024K)]
  0x000002418cb298a0 JavaThread "C1 CompilerThread0"         daemon [_thread_blocked, id=14400, stack(0x0000006c0dd00000,0x0000006c0de00000) (1024K)]
  0x000002418cb7d580 JavaThread "Common-Cleaner"             daemon [_thread_blocked, id=15228, stack(0x0000006c0de00000,0x0000006c0df00000) (1024K)]
  0x00000241e549f0d0 JavaThread "Notification Thread"        daemon [_thread_blocked, id=10012, stack(0x0000006c0df00000,0x0000006c0e000000) (1024K)]
  0x00000241e5e03a50 JavaThread "Active Thread: Equinox Container: 7e7a56be-50a2-4c9d-acd3-d2c03099be00"        [_thread_blocked, id=704, stack(0x0000006c0e300000,0x0000006c0e400000) (1024K)]
  0x00000241e5dc46f0 JavaThread "Refresh Thread: Equinox Container: 7e7a56be-50a2-4c9d-acd3-d2c03099be00" daemon [_thread_blocked, id=9944, stack(0x0000006c0e400000,0x0000006c0e500000) (1024K)]
  0x00000241e5dbce80 JavaThread "Framework Event Dispatcher: Equinox Container: 7e7a56be-50a2-4c9d-acd3-d2c03099be00" daemon [_thread_blocked, id=4672, stack(0x0000006c0e500000,0x0000006c0e600000) (1024K)]
  0x00000241e5dbd8b0 JavaThread "Start Level: Equinox Container: 7e7a56be-50a2-4c9d-acd3-d2c03099be00" daemon [_thread_in_native, id=17868, stack(0x0000006c0e600000,0x0000006c0e700000) (1024K)]
  0x00000241e5d4e340 JavaThread "C2 CompilerThread1"         daemon [_thread_in_native, id=5012, stack(0x0000006c0e700000,0x0000006c0e800000) (1024K)]
Total: 16

Other Threads:
  0x000002418cc8a660 VMThread "VM Thread"                           [id=4440, stack(0x0000006c0d500000,0x0000006c0d600000) (1024K)]
  0x000002418ca5ca00 WatcherThread "VM Periodic Task Thread"        [id=16180, stack(0x0000006c0d400000,0x0000006c0d500000) (1024K)]
  0x000002418cbe9f30 WorkerThread "GC Thread#0"                     [id=4744, stack(0x0000006c0d300000,0x0000006c0d400000) (1024K)]
  0x00000241e5647760 WorkerThread "GC Thread#1"                     [id=4236, stack(0x0000006c0e000000,0x0000006c0e100000) (1024K)]
  0x00000241e5c82b00 WorkerThread "GC Thread#2"                     [id=17464, stack(0x0000006c0e100000,0x0000006c0e200000) (1024K)]
  0x00000241e5c82ea0 WorkerThread "GC Thread#3"                     [id=11576, stack(0x0000006c0e200000,0x0000006c0e300000) (1024K)]
Total: 6

Threads with active compile tasks:
C2 CompilerThread0  7721 1985       4       java.util.zip.ZipFile::getZipEntry (322 bytes)
C2 CompilerThread1  7721 1996       4       java.util.zip.ZipFile$ZipEntryIterator::nextElement (5 bytes)
Total: 2

VM state: not at safepoint (normal execution)

VM Mutex/Monitor currently owned by a thread: None

Heap address: 0x0000000080000000, size: 2048 MB, Compressed Oops mode: 32-bit

CDS archive(s) mapped at: [0x00000241a4000000-0x00000241a4ba0000-0x00000241a4ba0000), size 12189696, SharedBaseAddress: 0x00000241a4000000, ArchiveRelocationMode: 1.
Compressed class space mapped at: 0x00000241a5000000-0x00000241e5000000, reserved size: 1073741824
Narrow klass base: 0x00000241a4000000, Narrow klass shift: 0, Narrow klass range: 0x100000000

GC Precious Log:
 CardTable entry size: 512
 CPUs: 4 total, 4 available
 Memory: 6081M
 Large Page Support: Disabled
 NUMA Support: Disabled
 Compressed Oops: Enabled (32-bit)
 Alignments: Space 512K, Generation 512K, Heap 2M
 Heap Min Capacity: 100M
 Heap Initial Capacity: 100M
 Heap Max Capacity: 2G
 Pre-touch: Disabled
 Parallel Workers: 4

Heap:
 PSYoungGen      total 29696K, used 22140K [0x00000000d5580000, 0x00000000d7680000, 0x0000000100000000)
  eden space 25600K, 70% used [0x00000000d5580000,0x00000000d6721d60,0x00000000d6e80000)
  from space 4096K, 99% used [0x00000000d7280000,0x00000000d767d5e0,0x00000000d7680000)
  to   space 4096K, 0% used [0x00000000d6e80000,0x00000000d6e80000,0x00000000d7280000)
 ParOldGen       total 68608K, used 1701K [0x0000000080000000, 0x0000000084300000, 0x00000000d5580000)
  object space 68608K, 2% used [0x0000000080000000,0x00000000801a9738,0x0000000084300000)
 Metaspace       used 9210K, committed 9536K, reserved 1114112K
  class space    used 962K, committed 1152K, reserved 1048576K

Card table byte_map: [0x000002418c570000,0x000002418c980000] _byte_map_base: 0x000002418c170000

Marking Bits: (ParMarkBitMap*) 0x00007ffd162a31f0
 Begin Bits: [0x000002419f070000, 0x00000241a1070000)
 End Bits:   [0x00000241a1070000, 0x00000241a3070000)

Polling page: 0x000002418a8c0000

Metaspace:

Usage:
  Non-class:      8.05 MB used.
      Class:    962.71 KB used.
       Both:      8.99 MB used.

Virtual space:
  Non-class space:       64.00 MB reserved,       8.19 MB ( 13%) committed,  1 nodes.
      Class space:        1.00 GB reserved,       1.12 MB ( <1%) committed,  1 nodes.
             Both:        1.06 GB reserved,       9.31 MB ( <1%) committed. 

Chunk freelists:
   Non-Class:  6.95 MB
       Class:  14.79 MB
        Both:  21.75 MB

MaxMetaspaceSize: unlimited
CompressedClassSpaceSize: 1.00 GB
Initial GC threshold: 21.00 MB
Current GC threshold: 21.00 MB
CDS: on
 - commit_granule_bytes: 65536.
 - commit_granule_words: 8192.
 - virtual_space_node_default_size: 8388608.
 - enlarge_chunks_in_place: 1.
 - use_allocation_guard: 0.


Internal statistics:

num_allocs_failed_limit: 0.
num_arena_births: 254.
num_arena_deaths: 0.
num_vsnodes_births: 2.
num_vsnodes_deaths: 0.
num_space_committed: 149.
num_space_uncommitted: 0.
num_chunks_returned_to_freelist: 0.
num_chunks_taken_from_freelist: 490.
num_chunk_merges: 0.
num_chunk_splits: 312.
num_chunks_enlarged: 214.
num_inconsistent_stats: 0.

CodeHeap 'non-profiled nmethods': size=120000Kb used=885Kb max_used=885Kb free=119114Kb
 bounds [0x0000024197890000, 0x0000024197b00000, 0x000002419edc0000]
CodeHeap 'profiled nmethods': size=120000Kb used=3742Kb max_used=3742Kb free=116257Kb
 bounds [0x000002418fdc0000, 0x0000024190170000, 0x00000241972f0000]
CodeHeap 'non-nmethods': size=5760Kb used=1227Kb max_used=1242Kb free=4532Kb
 bounds [0x00000241972f0000, 0x0000024197560000, 0x0000024197890000]
 total_blobs=2515 nmethods=2023 adapters=398
 compilation: enabled
              stopped_count=0, restarted_count=0
 full_count=0

Compilation events (20 events):
Event: 6.755 Thread 0x000002418cb298a0 nmethod 1981 0x0000024197969190 code [0x0000024197969320, 0x00000241979693e8]
Event: 6.755 Thread 0x000002418cb298a0 1982       1       sun.nio.fs.WindowsPathParser$Result::path (5 bytes)
Event: 6.755 Thread 0x000002418cb298a0 nmethod 1982 0x0000024197969490 code [0x0000024197969620, 0x00000241979696e8]
Event: 6.759 Thread 0x000002418cb298a0 1983       3       java.lang.AbstractStringBuilder::<init> (63 bytes)
Event: 6.759 Thread 0x000002418cb298a0 nmethod 1983 0x0000024190151910 code [0x0000024190151b00, 0x0000024190152038]
Event: 6.762 Thread 0x000002418cac67b0 1984       4       java.util.zip.ZipFile::ensureOpen (40 bytes)
Event: 6.763 Thread 0x000002418cac67b0 nmethod 1984 0x0000024197969790 code [0x0000024197969920, 0x00000241979699f8]
Event: 6.763 Thread 0x000002418cac67b0 1985       4       java.util.zip.ZipFile::getZipEntry (322 bytes)
Event: 6.771 Thread 0x000002418cb298a0 1989   !   3       org.eclipse.osgi.container.ModuleDatabase::getWiring (31 bytes)
Event: 6.772 Thread 0x000002418cb298a0 nmethod 1989 0x0000024190152210 code [0x0000024190152480, 0x0000024190152df0]
Event: 6.773 Thread 0x000002418cb298a0 1990       1       org.eclipse.osgi.storage.BundleInfo::getStorage (5 bytes)
Event: 6.774 Thread 0x000002418cb298a0 nmethod 1990 0x0000024197969b10 code [0x0000024197969ca0, 0x0000024197969d68]
Event: 6.774 Thread 0x000002418cb298a0 1991       3       java.util.stream.StreamSupport::stream (19 bytes)
Event: 6.774 Thread 0x000002418cb298a0 nmethod 1991 0x0000024190153290 code [0x0000024190153480, 0x00000241901538b0]
Event: 6.774 Thread 0x000002418cb298a0 1992       3       java.util.stream.ReferencePipeline$Head::<init> (8 bytes)
Event: 6.775 Thread 0x000002418cb298a0 nmethod 1992 0x0000024190153a90 code [0x0000024190153c40, 0x0000024190153dd8]
Event: 6.788 Thread 0x000002418cb298a0 1994       3       org.eclipse.osgi.util.ManifestElement::readLine (122 bytes)
Event: 6.789 Thread 0x000002418cb298a0 nmethod 1994 0x0000024190153e90 code [0x0000024190154160, 0x00000241901551b8]
Event: 6.809 Thread 0x000002418cb298a0 1998       3       java.util.HashSet::iterator (13 bytes)
Event: 6.809 Thread 0x000002418cb298a0 nmethod 1998 0x0000024190155590 code [0x0000024190155760, 0x00000241901559f8]

GC Heap History (4 events):
Event: 3.360 GC heap before
{Heap before GC invocations=1 (full 0):
 PSYoungGen      total 29696K, used 25600K [0x00000000d5580000, 0x00000000d7680000, 0x0000000100000000)
  eden space 25600K, 100% used [0x00000000d5580000,0x00000000d6e80000,0x00000000d6e80000)
  from space 4096K, 0% used [0x00000000d7280000,0x00000000d7280000,0x00000000d7680000)
  to   space 4096K, 0% used [0x00000000d6e80000,0x00000000d6e80000,0x00000000d7280000)
 ParOldGen       total 68608K, used 0K [0x0000000080000000, 0x0000000084300000, 0x00000000d5580000)
  object space 68608K, 0% used [0x0000000080000000,0x0000000080000000,0x0000000084300000)
 Metaspace       used 4328K, committed 4608K, reserved 1114112K
  class space    used 459K, committed 576K, reserved 1048576K
}
Event: 3.373 GC heap after
{Heap after GC invocations=1 (full 0):
 PSYoungGen      total 29696K, used 3303K [0x00000000d5580000, 0x00000000d7680000, 0x0000000100000000)
  eden space 25600K, 0% used [0x00000000d5580000,0x00000000d5580000,0x00000000d6e80000)
  from space 4096K, 80% used [0x00000000d6e80000,0x00000000d71b9c68,0x00000000d7280000)
  to   space 4096K, 0% used [0x00000000d7280000,0x00000000d7280000,0x00000000d7680000)
 ParOldGen       total 68608K, used 16K [0x0000000080000000, 0x0000000084300000, 0x00000000d5580000)
  object space 68608K, 0% used [0x0000000080000000,0x0000000080004000,0x0000000084300000)
 Metaspace       used 4328K, committed 4608K, reserved 1114112K
  class space    used 459K, committed 576K, reserved 1048576K
}
Event: 6.119 GC heap before
{Heap before GC invocations=2 (full 0):
 PSYoungGen      total 29696K, used 28903K [0x00000000d5580000, 0x00000000d7680000, 0x0000000100000000)
  eden space 25600K, 100% used [0x00000000d5580000,0x00000000d6e80000,0x00000000d6e80000)
  from space 4096K, 80% used [0x00000000d6e80000,0x00000000d71b9c68,0x00000000d7280000)
  to   space 4096K, 0% used [0x00000000d7280000,0x00000000d7280000,0x00000000d7680000)
 ParOldGen       total 68608K, used 16K [0x0000000080000000, 0x0000000084300000, 0x00000000d5580000)
  object space 68608K, 0% used [0x0000000080000000,0x0000000080004000,0x0000000084300000)
 Metaspace       used 7987K, committed 8320K, reserved 1114112K
  class space    used 808K, committed 960K, reserved 1048576K
}
Event: 6.130 GC heap after
{Heap after GC invocations=2 (full 0):
 PSYoungGen      total 29696K, used 4085K [0x00000000d5580000, 0x00000000d7680000, 0x0000000100000000)
  eden space 25600K, 0% used [0x00000000d5580000,0x00000000d5580000,0x00000000d6e80000)
  from space 4096K, 99% used [0x00000000d7280000,0x00000000d767d5e0,0x00000000d7680000)
  to   space 4096K, 0% used [0x00000000d6e80000,0x00000000d6e80000,0x00000000d7280000)
 ParOldGen       total 68608K, used 1701K [0x0000000080000000, 0x0000000084300000, 0x00000000d5580000)
  object space 68608K, 2% used [0x0000000080000000,0x00000000801a9738,0x0000000084300000)
 Metaspace       used 7987K, committed 8320K, reserved 1114112K
  class space    used 808K, committed 960K, reserved 1048576K
}

Dll operation events (9 events):
Event: 0.036 Loaded shared library c:\Users\ACER\.vscode\extensions\redhat.java-1.43.1-win32-x64\jre\21.0.7-win32-x86_64\bin\java.dll
Event: 0.514 Loaded shared library c:\Users\ACER\.vscode\extensions\redhat.java-1.43.1-win32-x64\jre\21.0.7-win32-x86_64\bin\zip.dll
Event: 0.575 Loaded shared library C:\Users\ACER\.vscode\extensions\redhat.java-1.43.1-win32-x64\jre\21.0.7-win32-x86_64\bin\instrument.dll
Event: 0.586 Loaded shared library C:\Users\ACER\.vscode\extensions\redhat.java-1.43.1-win32-x64\jre\21.0.7-win32-x86_64\bin\net.dll
Event: 0.595 Loaded shared library C:\Users\ACER\.vscode\extensions\redhat.java-1.43.1-win32-x64\jre\21.0.7-win32-x86_64\bin\nio.dll
Event: 0.608 Loaded shared library C:\Users\ACER\.vscode\extensions\redhat.java-1.43.1-win32-x64\jre\21.0.7-win32-x86_64\bin\zip.dll
Event: 0.688 Loaded shared library C:\Users\ACER\.vscode\extensions\redhat.java-1.43.1-win32-x64\jre\21.0.7-win32-x86_64\bin\jimage.dll
Event: 1.147 Loaded shared library c:\Users\ACER\.vscode\extensions\redhat.java-1.43.1-win32-x64\jre\21.0.7-win32-x86_64\bin\verify.dll
Event: 6.189 Loaded shared library C:\Users\ACER\AppData\Roaming\Code\User\globalStorage\redhat.java\1.43.1\config_win\org.eclipse.equinox.launcher\org.eclipse.equinox.launcher.win32.win32.x86_64_1.2.1300.v20250331-1702\eclipse_11911.dll

Deoptimization events (20 events):
Event: 6.655 Thread 0x00000241e5dbd8b0 Uncommon trap: trap_request=0xffffffde fr.pc=0x000002419791b8e8 relative=0x0000000000000248
Event: 6.655 Thread 0x00000241e5dbd8b0 Uncommon trap: reason=class_check action=maybe_recompile pc=0x000002419791b8e8 method=java.io.DataInputStream.readUnsignedByte()I @ 4 c2
Event: 6.655 Thread 0x00000241e5dbd8b0 DEOPT PACKING pc=0x000002419791b8e8 sp=0x0000006c0e6fdf20
Event: 6.655 Thread 0x00000241e5dbd8b0 DEOPT UNPACKING pc=0x0000024197343aa2 sp=0x0000006c0e6fde68 mode 2
Event: 6.655 Thread 0x00000241e5dbd8b0 Uncommon trap: trap_request=0xffffffde fr.pc=0x000002419791b8e8 relative=0x0000000000000248
Event: 6.655 Thread 0x00000241e5dbd8b0 Uncommon trap: reason=class_check action=maybe_recompile pc=0x000002419791b8e8 method=java.io.DataInputStream.readUnsignedByte()I @ 4 c2
Event: 6.655 Thread 0x00000241e5dbd8b0 DEOPT PACKING pc=0x000002419791b8e8 sp=0x0000006c0e6fdf20
Event: 6.655 Thread 0x00000241e5dbd8b0 DEOPT UNPACKING pc=0x0000024197343aa2 sp=0x0000006c0e6fde68 mode 2
Event: 6.655 Thread 0x00000241e5dbd8b0 Uncommon trap: trap_request=0xffffffde fr.pc=0x000002419791b8e8 relative=0x0000000000000248
Event: 6.655 Thread 0x00000241e5dbd8b0 Uncommon trap: reason=class_check action=maybe_recompile pc=0x000002419791b8e8 method=java.io.DataInputStream.readUnsignedByte()I @ 4 c2
Event: 6.655 Thread 0x00000241e5dbd8b0 DEOPT PACKING pc=0x000002419791b8e8 sp=0x0000006c0e6fdf20
Event: 6.655 Thread 0x00000241e5dbd8b0 DEOPT UNPACKING pc=0x0000024197343aa2 sp=0x0000006c0e6fde68 mode 2
Event: 6.728 Thread 0x00000241e5dbd8b0 Uncommon trap: trap_request=0xffffff45 fr.pc=0x00000241978ccc74 relative=0x0000000000000054
Event: 6.728 Thread 0x00000241e5dbd8b0 Uncommon trap: reason=unstable_if action=reinterpret pc=0x00000241978ccc74 method=java.lang.CharacterData.of(I)Ljava/lang/CharacterData; @ 4 c2
Event: 6.728 Thread 0x00000241e5dbd8b0 DEOPT PACKING pc=0x00000241978ccc74 sp=0x0000006c0e6fdae0
Event: 6.728 Thread 0x00000241e5dbd8b0 DEOPT UNPACKING pc=0x0000024197343aa2 sp=0x0000006c0e6fda78 mode 2
Event: 6.753 Thread 0x00000241e5dbd8b0 Uncommon trap: trap_request=0xffffff45 fr.pc=0x00000241979668b0 relative=0x00000000000009d0
Event: 6.753 Thread 0x00000241e5dbd8b0 Uncommon trap: reason=unstable_if action=reinterpret pc=0x00000241979668b0 method=java.util.concurrent.ConcurrentHashMap.putVal(Ljava/lang/Object;Ljava/lang/Object;Z)Ljava/lang/Object; @ 148 c2
Event: 6.753 Thread 0x00000241e5dbd8b0 DEOPT PACKING pc=0x00000241979668b0 sp=0x0000006c0e6fe790
Event: 6.753 Thread 0x00000241e5dbd8b0 DEOPT UNPACKING pc=0x0000024197343aa2 sp=0x0000006c0e6fe700 mode 2

Classes loaded (20 events):
Event: 6.686 Loading class sun/util/logging/resources/logging_en
Event: 6.686 Loading class sun/util/logging/resources/logging_en done
Event: 6.686 Loading class sun/util/logging/resources/logging_en
Event: 6.686 Loading class sun/util/logging/resources/logging_en done
Event: 6.688 Loading class sun/util/logging/resources/logging_en_US
Event: 6.688 Loading class sun/util/logging/resources/logging_en_US done
Event: 6.688 Loading class sun/util/logging/resources/logging_en_US
Event: 6.688 Loading class sun/util/logging/resources/logging_en_US done
Event: 6.691 Loading class java/util/Formatter$DateTime
Event: 6.692 Loading class java/util/Formatter$DateTime done
Event: 6.692 Loading class java/util/Formatter$FixedString
Event: 6.692 Loading class java/util/Formatter$FixedString done
Event: 6.693 Loading class java/time/ZonedDateTime$1
Event: 6.693 Loading class java/time/ZonedDateTime$1 done
Event: 6.700 Loading class jdk/internal/module/ModulePatcher$PatchedModuleReader
Event: 6.701 Loading class jdk/internal/module/ModulePatcher$PatchedModuleReader done
Event: 6.712 Loading class sun/text/resources/cldr/FormatData_en
Event: 6.713 Loading class sun/text/resources/cldr/FormatData_en done
Event: 6.714 Loading class sun/text/resources/cldr/FormatData_en_US
Event: 6.714 Loading class sun/text/resources/cldr/FormatData_en_US done

Classes unloaded (0 events):
No events

Classes redefined (0 events):
No events

Internal exceptions (20 events):
Event: 3.385 Thread 0x000002418cbcae20 Exception <a 'java/lang/ClassNotFoundException'{0x00000000d55902b8}: sun/net/www/protocol/c/Handler> (0x00000000d55902b8) 
thrown [s\src\hotspot\share\classfile\systemDictionary.cpp, line 312]
Event: 3.543 Thread 0x000002418cbcae20 Exception <a 'java/io/FileNotFoundException'{0x00000000d55b89d8}> (0x00000000d55b89d8) 
thrown [s\src\hotspot\share\prims\jni.cpp, line 520]
Event: 3.801 Thread 0x000002418cbcae20 Implicit null exception at 0x00000241978eedc9 to 0x00000241978ef730
Event: 3.801 Thread 0x000002418cbcae20 Implicit null exception at 0x00000241978fdb9a to 0x00000241978fddb4
Event: 3.803 Thread 0x000002418cbcae20 Exception <a 'java/lang/NoSuchMethodError'{0x00000000d5726b38}: 'void java.lang.invoke.DirectMethodHandle$Holder.invokeStatic(java.lang.Object, java.lang.Object, java.lang.Object, java.lang.Object)'> (0x00000000d5726b38) 
thrown [s\src\hotspot\share\interpreter\linkResolver.cpp, line 773]
Event: 3.809 Thread 0x000002418cbcae20 Implicit null exception at 0x000002419790191a to 0x0000024197901b34
Event: 3.809 Thread 0x000002418cbcae20 Implicit null exception at 0x00000241978f09bd to 0x00000241978f0a41
Event: 4.066 Thread 0x000002418cbcae20 Exception <a 'java/lang/NoSuchMethodError'{0x00000000d59ff6d8}: 'void java.lang.invoke.DirectMethodHandle$Holder.invokeSpecial(java.lang.Object, java.lang.Object, java.lang.Object)'> (0x00000000d59ff6d8) 
thrown [s\src\hotspot\share\interpreter\linkResolver.cpp, line 773]
Event: 5.197 Thread 0x000002418cbcae20 Exception <a 'java/lang/NoSuchMethodError'{0x00000000d6405958}: 'int java.lang.invoke.DirectMethodHandle$Holder.invokeVirtual(java.lang.Object, java.lang.Object)'> (0x00000000d6405958) 
thrown [s\src\hotspot\share\interpreter\linkResolver.cpp, line 773]
Event: 5.307 Thread 0x000002418cbcae20 Exception <a 'java/lang/NoSuchMethodError'{0x00000000d658d050}: 'int java.lang.invoke.DirectMethodHandle$Holder.invokeStaticInit(java.lang.Object, java.lang.Object, java.lang.Object, java.lang.Object)'> (0x00000000d658d050) 
thrown [s\src\hotspot\share\interpreter\linkResolver.cpp, line 773]
Event: 5.310 Thread 0x000002418cbcae20 Exception <a 'java/lang/IncompatibleClassChangeError'{0x00000000d65954d8}: Found class java.lang.Object, but interface was expected> (0x00000000d65954d8) 
thrown [s\src\hotspot\share\interpreter\linkResolver.cpp, line 840]
Event: 5.312 Thread 0x000002418cbcae20 Exception <a 'java/lang/NoSuchMethodError'{0x00000000d659c3e8}: 'void java.lang.invoke.DirectMethodHandle$Holder.invokeStaticInit(java.lang.Object, java.lang.Object)'> (0x00000000d659c3e8) 
thrown [s\src\hotspot\share\interpreter\linkResolver.cpp, line 773]
Event: 5.314 Thread 0x000002418cbcae20 Exception <a 'java/lang/NoSuchMethodError'{0x00000000d65a5f00}: 'int java.lang.invoke.DirectMethodHandle$Holder.invokeStaticInit(java.lang.Object, java.lang.Object)'> (0x00000000d65a5f00) 
thrown [s\src\hotspot\share\interpreter\linkResolver.cpp, line 773]
Event: 5.427 Thread 0x000002418cbcae20 Exception <a 'java/lang/NoSuchMethodError'{0x00000000d68178c8}: 'java.lang.Object java.lang.invoke.DirectMethodHandle$Holder.newInvokeSpecial(java.lang.Object, int, java.lang.Object)'> (0x00000000d68178c8) 
thrown [s\src\hotspot\share\interpreter\linkResolver.cpp, line 773]
Event: 5.591 Thread 0x000002418cbcae20 Exception <a 'java/lang/ClassNotFoundException'{0x00000000d6a2d720}: sun/net/www/protocol/plurl/Handler> (0x00000000d6a2d720) 
thrown [s\src\hotspot\share\classfile\systemDictionary.cpp, line 312]
Event: 6.175 Thread 0x000002418cbcae20 Exception <a 'java/lang/UnsatisfiedLinkError'{0x00000000d55bc378}: 'void org.eclipse.equinox.launcher.JNIBridge._update_splash()'> (0x00000000d55bc378) 
thrown [s\src\hotspot\share\prims\nativeLookup.cpp, line 415]
Event: 6.582 Thread 0x00000241e5dbd8b0 Exception <a 'java/lang/NoSuchMethodError'{0x00000000d5bc6600}: 'java.lang.Object java.lang.invoke.DirectMethodHandle$Holder.newInvokeSpecial(java.lang.Object, java.lang.Object, int, java.lang.Object)'> (0x00000000d5bc6600) 
thrown [s\src\hotspot\share\interpreter\linkResolver.cpp, line 773]
Event: 6.584 Thread 0x00000241e5dbd8b0 Exception <a 'java/lang/NoSuchMethodError'{0x00000000d5bca470}: 'java.lang.Object java.lang.invoke.DirectMethodHandle$Holder.invokeSpecial(java.lang.Object, java.lang.Object, java.lang.Object, int, java.lang.Object)'> (0x00000000d5bca470) 
thrown [s\src\hotspot\share\interpreter\linkResolver.cpp, line 773]
Event: 6.618 Thread 0x00000241e5dbd8b0 Exception <a 'java/lang/NoClassDefFoundError'{0x00000000d5c6a970}: jakarta/servlet/ServletContainerInitializer> (0x00000000d5c6a970) 
thrown [s\src\hotspot\share\classfile\systemDictionary.cpp, line 301]
Event: 6.680 Thread 0x00000241e5dbd8b0 Exception <a 'java/lang/ClassNotFoundException'{0x00000000d5dbe3d0}: sun/util/logging/resources/spi/loggingProvider> (0x00000000d5dbe3d0) 
thrown [s\src\hotspot\share\classfile\systemDictionary.cpp, line 312]

ZGC Phase Switch (0 events):
No events

VM Operations (20 events):
Event: 5.370 Executing VM operation: HandshakeAllThreads (Deoptimize)
Event: 5.370 Executing VM operation: HandshakeAllThreads (Deoptimize) done
Event: 5.393 Executing VM operation: HandshakeAllThreads (Deoptimize)
Event: 5.393 Executing VM operation: HandshakeAllThreads (Deoptimize) done
Event: 5.531 Executing VM operation: HandshakeAllThreads (Deoptimize)
Event: 5.531 Executing VM operation: HandshakeAllThreads (Deoptimize) done
Event: 5.531 Executing VM operation: Cleanup
Event: 5.531 Executing VM operation: Cleanup done
Event: 5.585 Executing VM operation: HandshakeAllThreads (Deoptimize)
Event: 5.585 Executing VM operation: HandshakeAllThreads (Deoptimize) done
Event: 6.119 Executing VM operation: ParallelGCFailedAllocation (Allocation Failure)
Event: 6.130 Executing VM operation: ParallelGCFailedAllocation (Allocation Failure) done
Event: 6.656 Executing VM operation: HandshakeAllThreads (Deoptimize)
Event: 6.656 Executing VM operation: HandshakeAllThreads (Deoptimize) done
Event: 6.701 Executing VM operation: HandshakeAllThreads (Deoptimize)
Event: 6.701 Executing VM operation: HandshakeAllThreads (Deoptimize) done
Event: 6.729 Executing VM operation: HandshakeAllThreads (Deoptimize)
Event: 6.729 Executing VM operation: HandshakeAllThreads (Deoptimize) done
Event: 6.753 Executing VM operation: HandshakeAllThreads (Deoptimize)
Event: 6.753 Executing VM operation: HandshakeAllThreads (Deoptimize) done

Memory protections (0 events):
No events

Nmethod flushes (0 events):
No events

Events (20 events):
Event: 0.122 Thread 0x000002418cbcae20 Thread added: 0x000002418cac0660
Event: 0.122 Thread 0x000002418cbcae20 Thread added: 0x000002418cac12b0
Event: 0.124 Thread 0x000002418cbcae20 Thread added: 0x000002418cac2df0
Event: 0.124 Thread 0x000002418cbcae20 Thread added: 0x000002418cac5980
Event: 0.124 Thread 0x000002418cbcae20 Thread added: 0x000002418cac67b0
Event: 0.135 Thread 0x000002418cbcae20 Thread added: 0x000002418cb298a0
Event: 0.286 Thread 0x000002418cbcae20 Thread added: 0x000002418cb7d580
Event: 1.483 Thread 0x000002418cbcae20 Thread added: 0x00000241e549f0d0
Event: 1.514 Thread 0x000002418cac67b0 Thread added: 0x00000241e54a3c90
Event: 1.809 Thread 0x00000241e54a3c90 Thread exited: 0x00000241e54a3c90
Event: 1.922 Thread 0x000002418cb298a0 Thread added: 0x00000241e5505340
Event: 2.478 Thread 0x00000241e5505340 Thread exited: 0x00000241e5505340
Event: 2.693 Thread 0x000002418cb298a0 Thread added: 0x00000241e54b5b50
Event: 2.944 Thread 0x00000241e54b5b50 Thread exited: 0x00000241e54b5b50
Event: 4.234 Thread 0x000002418cb298a0 Thread added: 0x00000241e58a5370
Event: 4.542 Thread 0x00000241e58a5370 Thread exited: 0x00000241e58a5370
Event: 5.345 Thread 0x000002418cbcae20 Thread added: 0x00000241e5e03a50
Event: 6.146 Thread 0x000002418cbcae20 Thread added: 0x00000241e5dc46f0
Event: 6.277 Thread 0x00000241e5dc46f0 Thread added: 0x00000241e5dbce80
Event: 6.286 Thread 0x000002418cbcae20 Thread added: 0x00000241e5dbd8b0


Dynamic libraries:
0x00007ff617870000 - 0x00007ff61787e000 	c:\Users\ACER\.vscode\extensions\redhat.java-1.43.1-win32-x64\jre\21.0.7-win32-x86_64\bin\java.exe
0x00007ffdc5980000 - 0x00007ffdc5be3000 	C:\WINDOWS\SYSTEM32\ntdll.dll
0x00007ffdc4c40000 - 0x00007ffdc4d07000 	C:\WINDOWS\System32\KERNEL32.DLL
0x00007ffdc2f60000 - 0x00007ffdc3327000 	C:\WINDOWS\System32\KERNELBASE.dll
0x00007ffdc3330000 - 0x00007ffdc347c000 	C:\WINDOWS\System32\ucrtbase.dll
0x00007ffd9b990000 - 0x00007ffd9b9a8000 	c:\Users\ACER\.vscode\extensions\redhat.java-1.43.1-win32-x64\jre\21.0.7-win32-x86_64\bin\jli.dll
0x00007ffdc3cd0000 - 0x00007ffdc3e99000 	C:\WINDOWS\System32\USER32.dll
0x00007ffdc2ea0000 - 0x00007ffdc2ec7000 	C:\WINDOWS\System32\win32u.dll
0x00007ffdc4c10000 - 0x00007ffdc4c3a000 	C:\WINDOWS\System32\GDI32.dll
0x00007ffdc3690000 - 0x00007ffdc37bb000 	C:\WINDOWS\System32\gdi32full.dll
0x00007ffdc3520000 - 0x00007ffdc35c3000 	C:\WINDOWS\System32\msvcp_win.dll
0x00007ffd9b930000 - 0x00007ffd9b94e000 	c:\Users\ACER\.vscode\extensions\redhat.java-1.43.1-win32-x64\jre\21.0.7-win32-x86_64\bin\VCRUNTIME140.dll
0x00007ffdb1e40000 - 0x00007ffdb20d0000 	C:\WINDOWS\WinSxS\amd64_microsoft.windows.common-controls_6595b64144ccf1df_6.0.26100.3037_none_3e09262ce333c378\COMCTL32.dll
0x00007ffdc4f00000 - 0x00007ffdc4fa9000 	C:\WINDOWS\System32\msvcrt.dll
0x00007ffdc5830000 - 0x00007ffdc585f000 	C:\WINDOWS\System32\IMM32.DLL
0x00007ffdba0c0000 - 0x00007ffdba0cc000 	c:\Users\ACER\.vscode\extensions\redhat.java-1.43.1-win32-x64\jre\21.0.7-win32-x86_64\bin\vcruntime140_1.dll
0x00007ffd7a3f0000 - 0x00007ffd7a47d000 	c:\Users\ACER\.vscode\extensions\redhat.java-1.43.1-win32-x64\jre\21.0.7-win32-x86_64\bin\msvcp140.dll
0x00007ffd155f0000 - 0x00007ffd16380000 	c:\Users\ACER\.vscode\extensions\redhat.java-1.43.1-win32-x64\jre\21.0.7-win32-x86_64\bin\server\jvm.dll
0x00007ffdc5770000 - 0x00007ffdc5824000 	C:\WINDOWS\System32\ADVAPI32.dll
0x00007ffdc5880000 - 0x00007ffdc5926000 	C:\WINDOWS\System32\sechost.dll
0x00007ffdc3bb0000 - 0x00007ffdc3cc6000 	C:\WINDOWS\System32\RPCRT4.dll
0x00007ffdc56f0000 - 0x00007ffdc5764000 	C:\WINDOWS\System32\WS2_32.dll
0x00007ffdc2bb0000 - 0x00007ffdc2bfe000 	C:\WINDOWS\SYSTEM32\POWRPROF.dll
0x00007ffdbc100000 - 0x00007ffdbc136000 	C:\WINDOWS\SYSTEM32\WINMM.dll
0x00007ffdbc140000 - 0x00007ffdbc14b000 	C:\WINDOWS\SYSTEM32\VERSION.dll
0x00007ffdc2b90000 - 0x00007ffdc2ba4000 	C:\WINDOWS\SYSTEM32\UMPDC.dll
0x00007ffdc1b50000 - 0x00007ffdc1b6a000 	C:\WINDOWS\SYSTEM32\kernel.appcore.dll
0x00007ffdb9f20000 - 0x00007ffdb9f2a000 	c:\Users\ACER\.vscode\extensions\redhat.java-1.43.1-win32-x64\jre\21.0.7-win32-x86_64\bin\jimage.dll
0x00007ffdb6c00000 - 0x00007ffdb6e41000 	C:\WINDOWS\SYSTEM32\DBGHELP.DLL
0x00007ffdc3ea0000 - 0x00007ffdc421e000 	C:\WINDOWS\System32\combase.dll
0x00007ffdc3970000 - 0x00007ffdc3a46000 	C:\WINDOWS\System32\OLEAUT32.dll
0x00007ffda88e0000 - 0x00007ffda8919000 	C:\WINDOWS\SYSTEM32\dbgcore.DLL
0x00007ffdc3480000 - 0x00007ffdc3519000 	C:\WINDOWS\System32\bcryptPrimitives.dll
0x00007ffdb9e90000 - 0x00007ffdb9e9f000 	c:\Users\ACER\.vscode\extensions\redhat.java-1.43.1-win32-x64\jre\21.0.7-win32-x86_64\bin\instrument.dll
0x00007ffd9b070000 - 0x00007ffd9b08f000 	c:\Users\ACER\.vscode\extensions\redhat.java-1.43.1-win32-x64\jre\21.0.7-win32-x86_64\bin\java.dll
0x00007ffdc44a0000 - 0x00007ffdc4ba4000 	C:\WINDOWS\System32\SHELL32.dll
0x00007ffdc0a10000 - 0x00007ffdc1247000 	C:\WINDOWS\SYSTEM32\windows.storage.dll
0x00007ffdc4390000 - 0x00007ffdc4479000 	C:\WINDOWS\System32\SHCORE.dll
0x00007ffdc4bb0000 - 0x00007ffdc4c0d000 	C:\WINDOWS\System32\shlwapi.dll
0x00007ffdc2c30000 - 0x00007ffdc2c5e000 	C:\WINDOWS\SYSTEM32\profapi.dll
0x00007ffd9a250000 - 0x00007ffd9a268000 	c:\Users\ACER\.vscode\extensions\redhat.java-1.43.1-win32-x64\jre\21.0.7-win32-x86_64\bin\zip.dll
0x00007ffda6b10000 - 0x00007ffda6b20000 	C:\Users\ACER\.vscode\extensions\redhat.java-1.43.1-win32-x64\jre\21.0.7-win32-x86_64\bin\net.dll
0x00007ffdb9310000 - 0x00007ffdb942e000 	C:\WINDOWS\SYSTEM32\WINHTTP.dll
0x00007ffdc2060000 - 0x00007ffdc20ca000 	C:\WINDOWS\system32\mswsock.dll
0x00007ffd9a130000 - 0x00007ffd9a146000 	C:\Users\ACER\.vscode\extensions\redhat.java-1.43.1-win32-x64\jre\21.0.7-win32-x86_64\bin\nio.dll
0x00007ffda68e0000 - 0x00007ffda68f0000 	c:\Users\ACER\.vscode\extensions\redhat.java-1.43.1-win32-x64\jre\21.0.7-win32-x86_64\bin\verify.dll
0x00007ffd9b160000 - 0x00007ffd9b1a5000 	C:\Users\ACER\AppData\Roaming\Code\User\globalStorage\redhat.java\1.43.1\config_win\org.eclipse.equinox.launcher\org.eclipse.equinox.launcher.win32.win32.x86_64_1.2.1300.v20250331-1702\eclipse_11911.dll
0x00007ffdc37c0000 - 0x00007ffdc3955000 	C:\WINDOWS\System32\ole32.dll

dbghelp: loaded successfully - version: 4.0.5 - missing functions: none
symbol engine: initialized successfully - sym options: 0x614 - pdb path: .;c:\Users\ACER\.vscode\extensions\redhat.java-1.43.1-win32-x64\jre\21.0.7-win32-x86_64\bin;C:\WINDOWS\SYSTEM32;C:\WINDOWS\WinSxS\amd64_microsoft.windows.common-controls_6595b64144ccf1df_6.0.26100.3037_none_3e09262ce333c378;c:\Users\ACER\.vscode\extensions\redhat.java-1.43.1-win32-x64\jre\21.0.7-win32-x86_64\bin\server;C:\Users\ACER\AppData\Roaming\Code\User\globalStorage\redhat.java\1.43.1\config_win\org.eclipse.equinox.launcher\org.eclipse.equinox.launcher.win32.win32.x86_64_1.2.1300.v20250331-1702

VM Arguments:
jvm_args: --add-modules=ALL-SYSTEM --add-opens=java.base/java.util=ALL-UNNAMED --add-opens=java.base/java.lang=ALL-UNNAMED --add-opens=java.base/sun.nio.fs=ALL-UNNAMED -Declipse.application=org.eclipse.jdt.ls.core.id1 -Dosgi.bundles.defaultStartLevel=4 -Declipse.product=org.eclipse.jdt.ls.core.product -Djava.import.generatesMetadataFilesAtProjectRoot=false -DDetectVMInstallationsJob.disabled=true -Dfile.encoding=utf8 -XX:+UseParallelGC -XX:GCTimeRatio=4 -XX:AdaptiveSizePolicyWeight=90 -Dsun.zip.disableMemoryMapping=true -Xmx2G -Xms100m -Xlog:disable -javaagent:c:\Users\ACER\.vscode\extensions\redhat.java-1.43.1-win32-x64\lombok\lombok-1.18.39-4050.jar -XX:+HeapDumpOnOutOfMemoryError -XX:HeapDumpPath=c:\Users\ACER\AppData\Roaming\Code\User\workspaceStorage\15219cc19e9195b5b3522279bd389d27\redhat.java -Daether.dependencyCollector.impl=bf 
java_command: c:\Users\ACER\.vscode\extensions\redhat.java-1.43.1-win32-x64\server\plugins\org.eclipse.equinox.launcher_1.7.0.v20250519-0528.jar -configuration c:\Users\ACER\AppData\Roaming\Code\User\globalStorage\redhat.java\1.43.1\config_win -data c:\Users\ACER\AppData\Roaming\Code\User\workspaceStorage\15219cc19e9195b5b3522279bd389d27\redhat.java\jdt_ws --pipe=\\.\pipe\lsp-3ed23f2ddf988c7ae6558e73cc938ea0-sock
java_class_path (initial): c:\Users\ACER\.vscode\extensions\redhat.java-1.43.1-win32-x64\server\plugins\org.eclipse.equinox.launcher_1.7.0.v20250519-0528.jar
Launcher Type: SUN_STANDARD

[Global flags]
    uintx AdaptiveSizePolicyWeight                 = 90                                        {product} {command line}
     intx CICompilerCount                          = 3                                         {product} {ergonomic}
    uintx GCTimeRatio                              = 4                                         {product} {command line}
     bool HeapDumpOnOutOfMemoryError               = true                                   {manageable} {command line}
    ccstr HeapDumpPath                             = c:\Users\ACER\AppData\Roaming\Code\User\workspaceStorage\15219cc19e9195b5b3522279bd389d27\redhat.java         {manageable} {command line}
   size_t InitialHeapSize                          = 104857600                                 {product} {command line}
   size_t MaxHeapSize                              = 2147483648                                {product} {command line}
   size_t MaxNewSize                               = 715653120                                 {product} {ergonomic}
   size_t MinHeapDeltaBytes                        = 524288                                    {product} {ergonomic}
   size_t MinHeapSize                              = 104857600                                 {product} {command line}
   size_t NewSize                                  = 34603008                                  {product} {ergonomic}
    uintx NonNMethodCodeHeapSize                   = 5832780                                {pd product} {ergonomic}
    uintx NonProfiledCodeHeapSize                  = 122912730                              {pd product} {ergonomic}
   size_t OldSize                                  = 70254592                                  {product} {ergonomic}
    uintx ProfiledCodeHeapSize                     = 122912730                              {pd product} {ergonomic}
    uintx ReservedCodeCacheSize                    = 251658240                              {pd product} {ergonomic}
     bool SegmentedCodeCache                       = true                                      {product} {ergonomic}
   size_t SoftMaxHeapSize                          = 2147483648                             {manageable} {ergonomic}
     bool UseCompressedOops                        = true                           {product lp64_product} {ergonomic}
     bool UseLargePagesIndividualAllocation        = false                                  {pd product} {ergonomic}
     bool UseParallelGC                            = true                                      {product} {command line}

Logging:
Log output configuration:
 #0: stdout all=off uptime,level,tags foldmultilines=false
 #1: stderr all=off uptime,level,tags foldmultilines=false

Environment Variables:
JAVA_HOME=C:\Program Files\Java\jdk-23
PATH=C:\Program Files\Common Files\Oracle\Java\javapath;C:\WINDOWS\system32;C:\WINDOWS;C:\WINDOWS\System32\Wbem;C:\WINDOWS\System32\WindowsPowerShell\v1.0\;C:\WINDOWS\System32\OpenSSH\;C:\Program Files\dotnet\;C:\Program Files\Java\jdk-23\bin;C:\Program Files\Git\cmd;C:\Program Files\nodejs;C:\Users\ACER\AppData\Roaming\npm;C:\Users\ACER\AppData\Local\Programs\Microsoft VS Code\bin;C:\Users\ACER\AppData\Local\Microsoft\WindowsApps;C:\Program Files\Java\jdk-23\bin;C:\Users\ACER\AppData\Roaming\npm;C:\Program Files\Apache Maven\apache-maven-3.9.9\bin;C:\Users\ACER\AppData\Local\Programs\Microsoft VS Code\bin
USERNAME=ACER
OS=Windows_NT
PROCESSOR_IDENTIFIER=AMD64 Family 23 Model 24 Stepping 1, AuthenticAMD
TMP=C:\Users\ACER\AppData\Local\Temp
TEMP=C:\Users\ACER\AppData\Local\Temp




Periodic native trim disabled

---------------  S Y S T E M  ---------------

OS:
 Windows 11 , 64 bit Build 26100 (10.0.26100.3037)
OS uptime: 0 days 7:03 hours
Hyper-V role detected

CPU: total 4 (initial active 4) (4 cores per cpu, 2 threads per core) family 23 model 24 stepping 1 microcode 0x8108109, cx8, cmov, fxsr, ht, mmx, 3dnowpref, sse, sse2, sse3, ssse3, sse4a, sse4.1, sse4.2, popcnt, lzcnt, tsc, tscinvbit, avx, avx2, aes, clmul, bmi1, bmi2, adx, sha, fma, vzeroupper, clflush, clflushopt, hv, rdtscp, f16c
Processor Information for the first 4 processors :
  Max Mhz: 2600, Current Mhz: 2600, Mhz Limit: 2600

Memory: 4k page, system-wide physical 6081M (616M free)
TotalPageFile size 10177M (AvailPageFile size 233M)
current process WorkingSet (physical memory assigned to process): 97M, peak: 97M
current process commit charge ("private bytes"): 231M, peak: 231M

vm_info: OpenJDK 64-Bit Server VM (21.0.7+6-LTS) for windows-amd64 JRE (21.0.7+6-LTS), built on 2025-04-15T00:00:00Z by "admin" with MS VC++ 17.7 (VS2022)

END.
