#
# There is insufficient memory for the Java Runtime Environment to continue.
# Native memory allocation (malloc) failed to allocate 217696 bytes. Error detail: Chunk::new
# Possible reasons:
#   The system is out of physical RAM or swap space
#   This process is running with CompressedOops enabled, and the Java Heap may be blocking the growth of the native heap
# Possible solutions:
#   Reduce memory load on the system
#   Increase physical memory or swap space
#   Check if swap backing store is full
#   Decrease Java heap size (-Xmx/-Xms)
#   Decrease number of Java threads
#   Decrease Java thread stack sizes (-Xss)
#   Set larger code cache with -XX:ReservedCodeCacheSize=
#   JVM is running with Unscaled Compressed Oops mode in which the Java heap is
#     placed in the first 4GB address space. The Java Heap base address is the
#     maximum limit for the native heap growth. Please use -XX:HeapBaseMinAddress
#     to set the Java Heap base and to place the Java Heap above 4GB virtual address.
# This output file may be truncated or incomplete.
#
#  Out of Memory Error (arena.cpp:168), pid=12188, tid=10044
#
# JRE version: OpenJDK Runtime Environment Temurin-21.0.7+6 (21.0.7+6) (build 21.0.7+6-LTS)
# Java VM: OpenJDK 64-Bit Server VM Temurin-21.0.7+6 (21.0.7+6-LTS, mixed mode, sharing, tiered, compressed oops, compressed class ptrs, parallel gc, windows-amd64)
# No core dump will be written. Minidumps are not enabled by default on client versions of Windows
#

---------------  S U M M A R Y ------------

Command Line: --add-modules=ALL-SYSTEM --add-opens=java.base/java.util=ALL-UNNAMED --add-opens=java.base/java.lang=ALL-UNNAMED --add-opens=java.base/sun.nio.fs=ALL-UNNAMED -Declipse.application=org.eclipse.jdt.ls.core.id1 -Dosgi.bundles.defaultStartLevel=4 -Declipse.product=org.eclipse.jdt.ls.core.product -Djava.import.generatesMetadataFilesAtProjectRoot=false -DDetectVMInstallationsJob.disabled=true -Dfile.encoding=utf8 -XX:+UseParallelGC -XX:GCTimeRatio=4 -XX:AdaptiveSizePolicyWeight=90 -Dsun.zip.disableMemoryMapping=true -Xmx2G -Xms100m -Xlog:disable -javaagent:c:\Users\ACER\.vscode\extensions\redhat.java-1.43.1-win32-x64\lombok\lombok-1.18.39-4050.jar c:\Users\ACER\.vscode\extensions\redhat.java-1.43.1-win32-x64\server\plugins\org.eclipse.equinox.launcher_1.7.0.v20250519-0528.jar -configuration c:\Users\ACER\AppData\Roaming\Code\User\globalStorage\redhat.java\1.43.1\config_ss_win -data c:\Users\ACER\AppData\Roaming\Code\User\workspaceStorage\2a31020875cd14b8f4b94cdf5e011bdc\redhat.java\ss_ws --pipe=\\.\pipe\lsp-a43cf67beabb2ff3939a3aaa4cc1e751-sock

Host: AMD Ryzen 3 3250U with Radeon Graphics         , 4 cores, 5G,  Windows 11 , 64 bit Build 26100 (10.0.26100.3037)
Time: Fri Jul 25 14:41:20 2025 India Standard Time elapsed time: 4.258707 seconds (0d 0h 0m 4s)

---------------  T H R E A D  ---------------

Current thread (0x000001827e17b590):  JavaThread "C2 CompilerThread0" daemon [_thread_in_native, id=10044, stack(0x0000005cd7400000,0x0000005cd7500000) (1024K)]


Current CompileTask:
C2:4258 1913       4       java.io.DataInputStream::readFully (59 bytes)

Stack: [0x0000005cd7400000,0x0000005cd7500000]
Native frames: (J=compiled Java code, j=interpreted, Vv=VM code, C=native code)
V  [jvm.dll+0x6ce119]
V  [jvm.dll+0x8a84a1]
V  [jvm.dll+0x8aa9ce]
V  [jvm.dll+0x8ab0b3]
V  [jvm.dll+0x27f8a6]
V  [jvm.dll+0xc507d]
V  [jvm.dll+0xc55b3]
V  [jvm.dll+0x2f2c6d]
V  [jvm.dll+0x5f6bca]
V  [jvm.dll+0x250cb2]
V  [jvm.dll+0x24975f]
V  [jvm.dll+0x246fc4]
V  [jvm.dll+0x1c760e]
V  [jvm.dll+0x25695a]
V  [jvm.dll+0x254efa]
V  [jvm.dll+0x3f03f6]
V  [jvm.dll+0x851f6b]
V  [jvm.dll+0x6cc7dd]
C  [ucrtbase.dll+0x37b0]
C  [KERNEL32.DLL+0x2e8d7]
C  [ntdll.dll+0xbbf2c]


---------------  P R O C E S S  ---------------

Threads class SMR info:
_java_thread_list=0x000001827f7071f0, length=16, elements={
0x000001822666d910, 0x000001827e13afd0, 0x000001827e13c290, 0x000001827e148f40,
0x000001827e149e10, 0x000001827e14cb60, 0x000001827e1571f0, 0x000001827e17b590,
0x000001827e17fda0, 0x00000182266daf30, 0x000001827f050690, 0x000001827f7cb040,
0x000001827f755160, 0x000001827f8eb810, 0x000001827f7e46c0, 0x000001827f700090
}

Java Threads: ( => current thread )
  0x000001822666d910 JavaThread "main"                              [_thread_blocked, id=2864, stack(0x0000005cd6a00000,0x0000005cd6b00000) (1024K)]
  0x000001827e13afd0 JavaThread "Reference Handler"          daemon [_thread_blocked, id=10936, stack(0x0000005cd6e00000,0x0000005cd6f00000) (1024K)]
  0x000001827e13c290 JavaThread "Finalizer"                  daemon [_thread_blocked, id=16688, stack(0x0000005cd6f00000,0x0000005cd7000000) (1024K)]
  0x000001827e148f40 JavaThread "Signal Dispatcher"          daemon [_thread_blocked, id=1480, stack(0x0000005cd7000000,0x0000005cd7100000) (1024K)]
  0x000001827e149e10 JavaThread "Attach Listener"            daemon [_thread_blocked, id=16028, stack(0x0000005cd7100000,0x0000005cd7200000) (1024K)]
  0x000001827e14cb60 JavaThread "Service Thread"             daemon [_thread_blocked, id=6648, stack(0x0000005cd7200000,0x0000005cd7300000) (1024K)]
  0x000001827e1571f0 JavaThread "Monitor Deflation Thread"   daemon [_thread_blocked, id=3812, stack(0x0000005cd7300000,0x0000005cd7400000) (1024K)]
=>0x000001827e17b590 JavaThread "C2 CompilerThread0"         daemon [_thread_in_native, id=10044, stack(0x0000005cd7400000,0x0000005cd7500000) (1024K)]
  0x000001827e17fda0 JavaThread "C1 CompilerThread0"         daemon [_thread_blocked, id=9776, stack(0x0000005cd7500000,0x0000005cd7600000) (1024K)]
  0x00000182266daf30 JavaThread "Common-Cleaner"             daemon [_thread_blocked, id=12548, stack(0x0000005cd7600000,0x0000005cd7700000) (1024K)]
  0x000001827f050690 JavaThread "Notification Thread"        daemon [_thread_blocked, id=9232, stack(0x0000005cd7700000,0x0000005cd7800000) (1024K)]
  0x000001827f7cb040 JavaThread "Active Thread: Equinox Container: 572db0c3-efd5-40a6-9a93-34abd8ab1d80"        [_thread_blocked, id=2164, stack(0x0000005cd7800000,0x0000005cd7900000) (1024K)]
  0x000001827f755160 JavaThread "Framework Event Dispatcher: Equinox Container: 572db0c3-efd5-40a6-9a93-34abd8ab1d80" daemon [_thread_blocked, id=16928, stack(0x0000005cd7c00000,0x0000005cd7d00000) (1024K)]
  0x000001827f8eb810 JavaThread "Start Level: Equinox Container: 572db0c3-efd5-40a6-9a93-34abd8ab1d80" daemon [_thread_in_native, id=2188, stack(0x0000005cd7d00000,0x0000005cd7e00000) (1024K)]
  0x000001827f7e46c0 JavaThread "SCR Component Actor"        daemon [_thread_blocked, id=14024, stack(0x0000005cd7e00000,0x0000005cd7f00000) (1024K)]
  0x000001827f700090 JavaThread "SCR Component Registry"     daemon [_thread_blocked, id=1788, stack(0x0000005cd7f00000,0x0000005cd8000000) (1024K)]
Total: 16

Other Threads:
  0x000001822672a4a0 VMThread "VM Thread"                           [id=2928, stack(0x0000005cd6d00000,0x0000005cd6e00000) (1024K)]
  0x000001827e0dcb20 WatcherThread "VM Periodic Task Thread"        [id=15460, stack(0x0000005cd6c00000,0x0000005cd6d00000) (1024K)]
  0x000001822668caf0 WorkerThread "GC Thread#0"                     [id=13064, stack(0x0000005cd6b00000,0x0000005cd6c00000) (1024K)]
  0x000001827f4eeb50 WorkerThread "GC Thread#1"                     [id=14376, stack(0x0000005cd7900000,0x0000005cd7a00000) (1024K)]
  0x000001827f418a90 WorkerThread "GC Thread#2"                     [id=6864, stack(0x0000005cd7a00000,0x0000005cd7b00000) (1024K)]
  0x000001827f418e30 WorkerThread "GC Thread#3"                     [id=17284, stack(0x0000005cd7b00000,0x0000005cd7c00000) (1024K)]
Total: 6

Threads with active compile tasks:
C2 CompilerThread0  4319 1913       4       java.io.DataInputStream::readFully (59 bytes)
Total: 1

VM state: not at safepoint (normal execution)

VM Mutex/Monitor currently owned by a thread:  ([mutex/lock_event])
[0x00007ffd2447c708] AdapterHandlerLibrary_lock - owner thread: 0x0000000000000000

Heap address: 0x0000000080000000, size: 2048 MB, Compressed Oops mode: 32-bit

CDS archive(s) mapped at: [0x000001823d000000-0x000001823dba0000-0x000001823dba0000), size 12189696, SharedBaseAddress: 0x000001823d000000, ArchiveRelocationMode: 1.
Compressed class space mapped at: 0x000001823e000000-0x000001827e000000, reserved size: 1073741824
Narrow klass base: 0x000001823d000000, Narrow klass shift: 0, Narrow klass range: 0x100000000

GC Precious Log:
 CardTable entry size: 512
 CPUs: 4 total, 4 available
 Memory: 6081M
 Large Page Support: Disabled
 NUMA Support: Disabled
 Compressed Oops: Enabled (32-bit)
 Alignments: Space 512K, Generation 512K, Heap 2M
 Heap Min Capacity: 100M
 Heap Initial Capacity: 100M
 Heap Max Capacity: 2G
 Pre-touch: Disabled
 Parallel Workers: 4

Heap:
 PSYoungGen      total 29696K, used 18032K [0x00000000d5580000, 0x00000000d7680000, 0x0000000100000000)
  eden space 25600K, 54% used [0x00000000d5580000,0x00000000d63214e0,0x00000000d6e80000)
  from space 4096K, 99% used [0x00000000d7280000,0x00000000d767adc0,0x00000000d7680000)
  to   space 4096K, 0% used [0x00000000d6e80000,0x00000000d6e80000,0x00000000d7280000)
 ParOldGen       total 68608K, used 909K [0x0000000080000000, 0x0000000084300000, 0x00000000d5580000)
  object space 68608K, 1% used [0x0000000080000000,0x00000000800e36a8,0x0000000084300000)
 Metaspace       used 10959K, committed 11392K, reserved 1114112K
  class space    used 1144K, committed 1344K, reserved 1048576K

Card table byte_map: [0x0000018226040000,0x0000018226450000] _byte_map_base: 0x0000018225c40000

Marking Bits: (ParMarkBitMap*) 0x00007ffd244831f0
 Begin Bits: [0x0000018238b10000, 0x000001823ab10000)
 End Bits:   [0x000001823ab10000, 0x000001823cb10000)

Polling page: 0x0000018225e30000

Metaspace:

Usage:
  Non-class:      9.59 MB used.
      Class:      1.12 MB used.
       Both:     10.70 MB used.

Virtual space:
  Non-class space:       64.00 MB reserved,       9.81 MB ( 15%) committed,  1 nodes.
      Class space:        1.00 GB reserved,       1.31 MB ( <1%) committed,  1 nodes.
             Both:        1.06 GB reserved,      11.12 MB (  1%) committed. 

Chunk freelists:
   Non-Class:  5.79 MB
       Class:  14.67 MB
        Both:  20.45 MB

MaxMetaspaceSize: unlimited
CompressedClassSpaceSize: 1.00 GB
Initial GC threshold: 21.00 MB
Current GC threshold: 21.00 MB
CDS: on
 - commit_granule_bytes: 65536.
 - commit_granule_words: 8192.
 - virtual_space_node_default_size: 8388608.
 - enlarge_chunks_in_place: 1.
 - use_allocation_guard: 0.


Internal statistics:

num_allocs_failed_limit: 0.
num_arena_births: 262.
num_arena_deaths: 0.
num_vsnodes_births: 2.
num_vsnodes_deaths: 0.
num_space_committed: 178.
num_space_uncommitted: 0.
num_chunks_returned_to_freelist: 0.
num_chunks_taken_from_freelist: 564.
num_chunk_merges: 0.
num_chunk_splits: 374.
num_chunks_enlarged: 259.
num_inconsistent_stats: 0.

CodeHeap 'non-profiled nmethods': size=120000Kb used=796Kb max_used=796Kb free=119203Kb
 bounds [0x0000018231330000, 0x00000182315a0000, 0x0000018238860000]
CodeHeap 'profiled nmethods': size=120000Kb used=3642Kb max_used=3642Kb free=116357Kb
 bounds [0x0000018229860000, 0x0000018229bf0000, 0x0000018230d90000]
CodeHeap 'non-nmethods': size=5760Kb used=1231Kb max_used=1240Kb free=4528Kb
 bounds [0x0000018230d90000, 0x0000018231000000, 0x0000018231330000]
 total_blobs=2455 nmethods=1956 adapters=406
 compilation: enabled
              stopped_count=0, restarted_count=0
 full_count=0

Compilation events (20 events):
Event: 4.188 Thread 0x000001827e17fda0 1906       3       java.io.DataInputStream::readLong (20 bytes)
Event: 4.189 Thread 0x000001827e17fda0 nmethod 1906 0x0000018229bc6110 code [0x0000018229bc6320, 0x0000018229bc6930]
Event: 4.189 Thread 0x000001827e17fda0 1907       3       jdk.internal.util.ByteArray::getLong (9 bytes)
Event: 4.190 Thread 0x000001827e17fda0 nmethod 1907 0x0000018229bc6c10 code [0x0000018229bc6e00, 0x0000018229bc7330]
Event: 4.190 Thread 0x000001827e17fda0 1908       3       java.lang.invoke.VarHandleGuards::guard_LI_J (78 bytes)
Event: 4.192 Thread 0x000001827e17fda0 nmethod 1908 0x0000018229bc7590 code [0x0000018229bc78c0, 0x0000018229bc9090]
Event: 4.193 Thread 0x000001827e17fda0 1909       3       java.lang.invoke.VarHandleByteArrayAsLongs$ArrayHandle::get (36 bytes)
Event: 4.193 Thread 0x000001827e17fda0 nmethod 1909 0x0000018229bc9790 code [0x0000018229bc9960, 0x0000018229bc9d38]
Event: 4.193 Thread 0x000001827e17fda0 1910       3       java.lang.invoke.VarHandleByteArrayAsLongs$ArrayHandle::index (13 bytes)
Event: 4.194 Thread 0x000001827e17fda0 nmethod 1910 0x0000018229bc9f10 code [0x0000018229bca0c0, 0x0000018229bca208]
Event: 4.204 Thread 0x000001827e17fda0 1919       1       org.eclipse.osgi.storage.BundleInfo::getBundleId (5 bytes)
Event: 4.204 Thread 0x000001827e17fda0 nmethod 1919 0x00000182313f3910 code [0x00000182313f3aa0, 0x00000182313f3b68]
Event: 4.204 Thread 0x000001827e17b590 nmethod 1903 0x00000182313f3c10 code [0x00000182313f3de0, 0x00000182313f4648]
Event: 4.204 Thread 0x000001827e17fda0 1920   !   3       org.eclipse.osgi.internal.framework.BundleContextImpl::dispatchEvent (577 bytes)
Event: 4.205 Thread 0x000001827e17b590 1913       4       java.io.DataInputStream::readFully (59 bytes)
Event: 4.212 Thread 0x000001827e17fda0 nmethod 1920 0x0000018229bca310 code [0x0000018229bcad80, 0x0000018229bd0868]
Event: 4.213 Thread 0x000001827e17fda0 1921       3       org.eclipse.osgi.internal.framework.EquinoxBundle::getState (101 bytes)
Event: 4.214 Thread 0x000001827e17fda0 nmethod 1921 0x0000018229bd3c90 code [0x0000018229bd3f00, 0x0000018229bd4878]
Event: 4.214 Thread 0x000001827e17fda0 1922   !   3       org.eclipse.osgi.internal.framework.EquinoxBundle::$SWITCH_TABLE$org$eclipse$osgi$container$Module$State (115 bytes)
Event: 4.214 Thread 0x000001827e17fda0 nmethod 1922 0x0000018229bd4c10 code [0x0000018229bd4e00, 0x0000018229bd5358]

GC Heap History (4 events):
Event: 1.802 GC heap before
{Heap before GC invocations=1 (full 0):
 PSYoungGen      total 29696K, used 25600K [0x00000000d5580000, 0x00000000d7680000, 0x0000000100000000)
  eden space 25600K, 100% used [0x00000000d5580000,0x00000000d6e80000,0x00000000d6e80000)
  from space 4096K, 0% used [0x00000000d7280000,0x00000000d7280000,0x00000000d7680000)
  to   space 4096K, 0% used [0x00000000d6e80000,0x00000000d6e80000,0x00000000d7280000)
 ParOldGen       total 68608K, used 0K [0x0000000080000000, 0x0000000084300000, 0x00000000d5580000)
  object space 68608K, 0% used [0x0000000080000000,0x0000000080000000,0x0000000084300000)
 Metaspace       used 4292K, committed 4544K, reserved 1114112K
  class space    used 457K, committed 576K, reserved 1048576K
}
Event: 1.815 GC heap after
{Heap after GC invocations=1 (full 0):
 PSYoungGen      total 29696K, used 3343K [0x00000000d5580000, 0x00000000d7680000, 0x0000000100000000)
  eden space 25600K, 0% used [0x00000000d5580000,0x00000000d5580000,0x00000000d6e80000)
  from space 4096K, 81% used [0x00000000d6e80000,0x00000000d71c3f18,0x00000000d7280000)
  to   space 4096K, 0% used [0x00000000d7280000,0x00000000d7280000,0x00000000d7680000)
 ParOldGen       total 68608K, used 8K [0x0000000080000000, 0x0000000084300000, 0x00000000d5580000)
  object space 68608K, 0% used [0x0000000080000000,0x0000000080002000,0x0000000084300000)
 Metaspace       used 4292K, committed 4544K, reserved 1114112K
  class space    used 457K, committed 576K, reserved 1048576K
}
Event: 3.699 GC heap before
{Heap before GC invocations=2 (full 0):
 PSYoungGen      total 29696K, used 28943K [0x00000000d5580000, 0x00000000d7680000, 0x0000000100000000)
  eden space 25600K, 100% used [0x00000000d5580000,0x00000000d6e80000,0x00000000d6e80000)
  from space 4096K, 81% used [0x00000000d6e80000,0x00000000d71c3f18,0x00000000d7280000)
  to   space 4096K, 0% used [0x00000000d7280000,0x00000000d7280000,0x00000000d7680000)
 ParOldGen       total 68608K, used 8K [0x0000000080000000, 0x0000000084300000, 0x00000000d5580000)
  object space 68608K, 0% used [0x0000000080000000,0x0000000080002000,0x0000000084300000)
 Metaspace       used 8152K, committed 8448K, reserved 1114112K
  class space    used 844K, committed 1024K, reserved 1048576K
}
Event: 3.709 GC heap after
{Heap after GC invocations=2 (full 0):
 PSYoungGen      total 29696K, used 4075K [0x00000000d5580000, 0x00000000d7680000, 0x0000000100000000)
  eden space 25600K, 0% used [0x00000000d5580000,0x00000000d5580000,0x00000000d6e80000)
  from space 4096K, 99% used [0x00000000d7280000,0x00000000d767adc0,0x00000000d7680000)
  to   space 4096K, 0% used [0x00000000d6e80000,0x00000000d6e80000,0x00000000d7280000)
 ParOldGen       total 68608K, used 909K [0x0000000080000000, 0x0000000084300000, 0x00000000d5580000)
  object space 68608K, 1% used [0x0000000080000000,0x00000000800e36a8,0x0000000084300000)
 Metaspace       used 8152K, committed 8448K, reserved 1114112K
  class space    used 844K, committed 1024K, reserved 1048576K
}

Dll operation events (9 events):
Event: 0.022 Loaded shared library c:\Users\ACER\.vscode\extensions\redhat.java-1.43.1-win32-x64\jre\21.0.7-win32-x86_64\bin\java.dll
Event: 0.157 Loaded shared library c:\Users\ACER\.vscode\extensions\redhat.java-1.43.1-win32-x64\jre\21.0.7-win32-x86_64\bin\zip.dll
Event: 0.204 Loaded shared library C:\Users\ACER\.vscode\extensions\redhat.java-1.43.1-win32-x64\jre\21.0.7-win32-x86_64\bin\instrument.dll
Event: 0.214 Loaded shared library C:\Users\ACER\.vscode\extensions\redhat.java-1.43.1-win32-x64\jre\21.0.7-win32-x86_64\bin\net.dll
Event: 0.219 Loaded shared library C:\Users\ACER\.vscode\extensions\redhat.java-1.43.1-win32-x64\jre\21.0.7-win32-x86_64\bin\nio.dll
Event: 0.226 Loaded shared library C:\Users\ACER\.vscode\extensions\redhat.java-1.43.1-win32-x64\jre\21.0.7-win32-x86_64\bin\zip.dll
Event: 0.258 Loaded shared library C:\Users\ACER\.vscode\extensions\redhat.java-1.43.1-win32-x64\jre\21.0.7-win32-x86_64\bin\jimage.dll
Event: 0.430 Loaded shared library c:\Users\ACER\.vscode\extensions\redhat.java-1.43.1-win32-x64\jre\21.0.7-win32-x86_64\bin\verify.dll
Event: 3.627 Loaded shared library C:\Users\ACER\AppData\Roaming\Code\User\globalStorage\redhat.java\1.43.1\config_ss_win\org.eclipse.equinox.launcher\org.eclipse.equinox.launcher.win32.win32.x86_64_1.2.1300.v20250331-1702\eclipse_11911.dll

Deoptimization events (20 events):
Event: 3.390 Thread 0x000001822666d910 DEOPT PACKING pc=0x00000182299dae88 sp=0x0000005cd6afced0
Event: 3.390 Thread 0x000001822666d910 DEOPT UNPACKING pc=0x0000018230de4242 sp=0x0000005cd6afc350 mode 0
Event: 3.660 Thread 0x000001827f8eb810 Uncommon trap: trap_request=0xffffff6e fr.pc=0x00000182313a5728 relative=0x0000000000000368
Event: 3.660 Thread 0x000001827f8eb810 Uncommon trap: reason=loop_limit_check action=maybe_recompile pc=0x00000182313a5728 method=java.lang.StringLatin1.indexOf([BI[BII)I @ 37 c2
Event: 3.660 Thread 0x000001827f8eb810 DEOPT PACKING pc=0x00000182313a5728 sp=0x0000005cd7df8d70
Event: 3.660 Thread 0x000001827f8eb810 DEOPT UNPACKING pc=0x0000018230de3aa2 sp=0x0000005cd7df8cd0 mode 2
Event: 3.860 Thread 0x000001827f8eb810 DEOPT PACKING pc=0x0000018229b0fb60 sp=0x0000005cd7dfbde0
Event: 3.860 Thread 0x000001827f8eb810 DEOPT UNPACKING pc=0x0000018230de4242 sp=0x0000005cd7dfb300 mode 0
Event: 4.120 Thread 0x000001827f8eb810 Uncommon trap: trap_request=0xffffff45 fr.pc=0x00000182313f03b0 relative=0x00000000000009d0
Event: 4.120 Thread 0x000001827f8eb810 Uncommon trap: reason=unstable_if action=reinterpret pc=0x00000182313f03b0 method=java.util.concurrent.ConcurrentHashMap.putVal(Ljava/lang/Object;Ljava/lang/Object;Z)Ljava/lang/Object; @ 148 c2
Event: 4.120 Thread 0x000001827f8eb810 DEOPT PACKING pc=0x00000182313f03b0 sp=0x0000005cd7df8f20
Event: 4.120 Thread 0x000001827f8eb810 DEOPT UNPACKING pc=0x0000018230de3aa2 sp=0x0000005cd7df8e90 mode 2
Event: 4.129 Thread 0x000001827f8eb810 Uncommon trap: trap_request=0xffffff45 fr.pc=0x00000182313e2d40 relative=0x0000000000001440
Event: 4.129 Thread 0x000001827f8eb810 Uncommon trap: reason=unstable_if action=reinterpret pc=0x00000182313e2d40 method=java.io.WinNTFileSystem.normalize(Ljava/lang/String;II)Ljava/lang/String; @ 100 c2
Event: 4.129 Thread 0x000001827f8eb810 DEOPT PACKING pc=0x00000182313e2d40 sp=0x0000005cd7df9250
Event: 4.129 Thread 0x000001827f8eb810 DEOPT UNPACKING pc=0x0000018230de3aa2 sp=0x0000005cd7df9190 mode 2
Event: 4.179 Thread 0x000001827f8eb810 Uncommon trap: trap_request=0xffffff45 fr.pc=0x00000182313b2734 relative=0x0000000000000094
Event: 4.179 Thread 0x000001827f8eb810 Uncommon trap: reason=unstable_if action=reinterpret pc=0x00000182313b2734 method=java.io.BufferedInputStream.getBufIfOpen(Z)[B @ 13 c2
Event: 4.179 Thread 0x000001827f8eb810 DEOPT PACKING pc=0x00000182313b2734 sp=0x0000005cd7df8b30
Event: 4.179 Thread 0x000001827f8eb810 DEOPT UNPACKING pc=0x0000018230de3aa2 sp=0x0000005cd7df8ab0 mode 2

Classes loaded (20 events):
Event: 3.973 Loading class java/io/CharConversionException done
Event: 3.973 Loading class com/sun/org/apache/xerces/internal/impl/io/MalformedByteSequenceException done
Event: 4.004 Loading class java/util/concurrent/RejectedExecutionException
Event: 4.004 Loading class java/util/concurrent/RejectedExecutionException done
Event: 4.004 Loading class java/util/concurrent/CompletionStage
Event: 4.005 Loading class java/util/concurrent/CompletionStage done
Event: 4.008 Loading class java/util/Timer
Event: 4.008 Loading class java/util/Timer done
Event: 4.008 Loading class java/util/TaskQueue
Event: 4.008 Loading class java/util/TaskQueue done
Event: 4.008 Loading class java/util/TimerThread
Event: 4.009 Loading class java/util/TimerThread done
Event: 4.009 Loading class java/util/Timer$ThreadReaper
Event: 4.009 Loading class java/util/Timer$ThreadReaper done
Event: 4.035 Loading class java/util/concurrent/locks/ReentrantLock$FairSync
Event: 4.037 Loading class java/util/concurrent/locks/ReentrantLock$FairSync done
Event: 4.041 Loading class java/util/Collections$ReverseComparator
Event: 4.041 Loading class java/util/Collections$ReverseComparator done
Event: 4.176 Loading class java/lang/CloneNotSupportedException
Event: 4.176 Loading class java/lang/CloneNotSupportedException done

Classes unloaded (0 events):
No events

Classes redefined (0 events):
No events

Internal exceptions (20 events):
Event: 1.826 Thread 0x000001822666d910 Exception <a 'java/lang/ClassNotFoundException'{0x00000000d5593d08}: sun/net/www/protocol/c/Handler> (0x00000000d5593d08) 
thrown [s\src\hotspot\share\classfile\systemDictionary.cpp, line 312]
Event: 1.826 Thread 0x000001822666d910 Exception <a 'java/lang/ClassNotFoundException'{0x00000000d55950b0}: sun/net/www/protocol/d/Handler> (0x00000000d55950b0) 
thrown [s\src\hotspot\share\classfile\systemDictionary.cpp, line 312]
Event: 1.826 Thread 0x000001822666d910 Exception <a 'java/lang/ClassNotFoundException'{0x00000000d55962a0}: sun/net/www/protocol/c/Handler> (0x00000000d55962a0) 
thrown [s\src\hotspot\share\classfile\systemDictionary.cpp, line 312]
Event: 1.846 Thread 0x000001822666d910 Exception <a 'java/io/FileNotFoundException'{0x00000000d55bad58}> (0x00000000d55bad58) 
thrown [s\src\hotspot\share\prims\jni.cpp, line 520]
Event: 1.924 Thread 0x000001822666d910 Implicit null exception at 0x0000018231397e66 to 0x0000018231397f0a
Event: 1.925 Thread 0x000001822666d910 Implicit null exception at 0x000001823138dc1a to 0x000001823138de24
Event: 1.926 Thread 0x000001822666d910 Exception <a 'java/lang/NoSuchMethodError'{0x00000000d5767998}: 'void java.lang.invoke.DirectMethodHandle$Holder.invokeStatic(java.lang.Object, java.lang.Object, java.lang.Object, java.lang.Object)'> (0x00000000d5767998) 
thrown [s\src\hotspot\share\interpreter\linkResolver.cpp, line 773]
Event: 1.927 Thread 0x000001822666d910 Implicit null exception at 0x000001823139281a to 0x0000018231392a24
Event: 1.928 Thread 0x000001822666d910 Implicit null exception at 0x000001823138913d to 0x00000182313891c1
Event: 2.128 Thread 0x000001822666d910 Exception <a 'java/lang/NoSuchMethodError'{0x00000000d59de258}: 'void java.lang.invoke.DirectMethodHandle$Holder.invokeSpecial(java.lang.Object, java.lang.Object, java.lang.Object)'> (0x00000000d59de258) 
thrown [s\src\hotspot\share\interpreter\linkResolver.cpp, line 773]
Event: 2.884 Thread 0x000001822666d910 Exception <a 'java/lang/NoSuchMethodError'{0x00000000d628a9e8}: 'int java.lang.invoke.DirectMethodHandle$Holder.invokeVirtual(java.lang.Object, java.lang.Object)'> (0x00000000d628a9e8) 
thrown [s\src\hotspot\share\interpreter\linkResolver.cpp, line 773]
Event: 3.012 Thread 0x000001822666d910 Exception <a 'java/lang/NoSuchMethodError'{0x00000000d63fdc88}: 'int java.lang.invoke.DirectMethodHandle$Holder.invokeStaticInit(java.lang.Object, java.lang.Object, java.lang.Object, java.lang.Object)'> (0x00000000d63fdc88) 
thrown [s\src\hotspot\share\interpreter\linkResolver.cpp, line 773]
Event: 3.015 Thread 0x000001822666d910 Exception <a 'java/lang/IncompatibleClassChangeError'{0x00000000d6406110}: Found class java.lang.Object, but interface was expected> (0x00000000d6406110) 
thrown [s\src\hotspot\share\interpreter\linkResolver.cpp, line 840]
Event: 3.017 Thread 0x000001822666d910 Exception <a 'java/lang/NoSuchMethodError'{0x00000000d640c720}: 'void java.lang.invoke.DirectMethodHandle$Holder.invokeStaticInit(java.lang.Object, java.lang.Object)'> (0x00000000d640c720) 
thrown [s\src\hotspot\share\interpreter\linkResolver.cpp, line 773]
Event: 3.020 Thread 0x000001822666d910 Exception <a 'java/lang/NoSuchMethodError'{0x00000000d6415938}: 'int java.lang.invoke.DirectMethodHandle$Holder.invokeStaticInit(java.lang.Object, java.lang.Object)'> (0x00000000d6415938) 
thrown [s\src\hotspot\share\interpreter\linkResolver.cpp, line 773]
Event: 3.124 Thread 0x000001822666d910 Exception <a 'java/lang/NoSuchMethodError'{0x00000000d665cc60}: 'java.lang.Object java.lang.invoke.DirectMethodHandle$Holder.newInvokeSpecial(java.lang.Object, int, java.lang.Object)'> (0x00000000d665cc60) 
thrown [s\src\hotspot\share\interpreter\linkResolver.cpp, line 773]
Event: 3.228 Thread 0x000001822666d910 Exception <a 'java/lang/ClassNotFoundException'{0x00000000d6869df0}: sun/net/www/protocol/plurl/Handler> (0x00000000d6869df0) 
thrown [s\src\hotspot\share\classfile\systemDictionary.cpp, line 312]
Event: 3.621 Thread 0x000001822666d910 Exception <a 'java/lang/UnsatisfiedLinkError'{0x00000000d6cd3bb8}: 'void org.eclipse.equinox.launcher.JNIBridge._update_splash()'> (0x00000000d6cd3bb8) 
thrown [s\src\hotspot\share\prims\nativeLookup.cpp, line 415]
Event: 3.824 Thread 0x000001827f8eb810 Exception <a 'java/lang/NullPointerException'{0x00000000d5848a20}> (0x00000000d5848a20) 
thrown [s\src\hotspot\share\interpreter\linkResolver.cpp, line 1372]
Event: 3.824 Thread 0x000001827f8eb810 Exception <a 'java/lang/NullPointerException'{0x00000000d5848d00}> (0x00000000d5848d00) 
thrown [s\src\hotspot\share\interpreter\linkResolver.cpp, line 1372]

ZGC Phase Switch (0 events):
No events

VM Operations (20 events):
Event: 1.153 Executing VM operation: Cleanup
Event: 1.153 Executing VM operation: Cleanup done
Event: 1.205 Executing VM operation: HandshakeAllThreads (Deoptimize)
Event: 1.205 Executing VM operation: HandshakeAllThreads (Deoptimize) done
Event: 1.802 Executing VM operation: ParallelGCFailedAllocation (Allocation Failure)
Event: 1.815 Executing VM operation: ParallelGCFailedAllocation (Allocation Failure) done
Event: 2.823 Executing VM operation: Cleanup
Event: 2.823 Executing VM operation: Cleanup done
Event: 3.064 Executing VM operation: HandshakeAllThreads (Deoptimize)
Event: 3.064 Executing VM operation: HandshakeAllThreads (Deoptimize) done
Event: 3.091 Executing VM operation: HandshakeAllThreads (Deoptimize)
Event: 3.091 Executing VM operation: HandshakeAllThreads (Deoptimize) done
Event: 3.188 Executing VM operation: HandshakeAllThreads (Deoptimize)
Event: 3.188 Executing VM operation: HandshakeAllThreads (Deoptimize) done
Event: 3.221 Executing VM operation: HandshakeAllThreads (Deoptimize)
Event: 3.221 Executing VM operation: HandshakeAllThreads (Deoptimize) done
Event: 3.699 Executing VM operation: ParallelGCFailedAllocation (Allocation Failure)
Event: 3.709 Executing VM operation: ParallelGCFailedAllocation (Allocation Failure) done
Event: 4.038 Executing VM operation: HandshakeAllThreads (Deoptimize)
Event: 4.038 Executing VM operation: HandshakeAllThreads (Deoptimize) done

Memory protections (0 events):
No events

Nmethod flushes (0 events):
No events

Events (20 events):
Event: 0.049 Thread 0x000001822666d910 Thread added: 0x000001822666d910
Event: 0.076 Thread 0x000001822666d910 Thread added: 0x000001827e13afd0
Event: 0.077 Thread 0x000001822666d910 Thread added: 0x000001827e13c290
Event: 0.078 Thread 0x000001822666d910 Thread added: 0x000001827e148f40
Event: 0.078 Thread 0x000001822666d910 Thread added: 0x000001827e149e10
Event: 0.078 Thread 0x000001822666d910 Thread added: 0x000001827e14cb60
Event: 0.079 Thread 0x000001822666d910 Thread added: 0x000001827e1571f0
Event: 0.079 Thread 0x000001822666d910 Thread added: 0x000001827e17b590
Event: 0.080 Thread 0x000001822666d910 Thread added: 0x000001827e17fda0
Event: 0.130 Thread 0x000001822666d910 Thread added: 0x00000182266daf30
Event: 0.416 Thread 0x000001827e17fda0 Thread added: 0x000001827ef91b90
Event: 0.627 Thread 0x000001827ef91b90 Thread exited: 0x000001827ef91b90
Event: 0.754 Thread 0x000001822666d910 Thread added: 0x000001827f050690
Event: 0.958 Thread 0x000001827e17fda0 Thread added: 0x000001827f141480
Event: 2.725 Thread 0x000001827f141480 Thread exited: 0x000001827f141480
Event: 3.043 Thread 0x000001822666d910 Thread added: 0x000001827f7cb040
Event: 3.606 Thread 0x000001822666d910 Thread added: 0x000001827f755160
Event: 3.618 Thread 0x000001822666d910 Thread added: 0x000001827f8eb810
Event: 3.731 Thread 0x000001827f8eb810 Thread added: 0x000001827f7e46c0
Event: 4.009 Thread 0x000001827f8eb810 Thread added: 0x000001827f700090


Dynamic libraries:
0x00007ff64e310000 - 0x00007ff64e31e000 	c:\Users\ACER\.vscode\extensions\redhat.java-1.43.1-win32-x64\jre\21.0.7-win32-x86_64\bin\java.exe
0x00007ffdc5980000 - 0x00007ffdc5be3000 	C:\WINDOWS\SYSTEM32\ntdll.dll
0x00007ffdc4c40000 - 0x00007ffdc4d07000 	C:\WINDOWS\System32\KERNEL32.DLL
0x00007ffdc2f60000 - 0x00007ffdc3327000 	C:\WINDOWS\System32\KERNELBASE.dll
0x00007ffdc3330000 - 0x00007ffdc347c000 	C:\WINDOWS\System32\ucrtbase.dll
0x00007ffdb9fc0000 - 0x00007ffdb9fde000 	c:\Users\ACER\.vscode\extensions\redhat.java-1.43.1-win32-x64\jre\21.0.7-win32-x86_64\bin\VCRUNTIME140.dll
0x00007ffdbdc30000 - 0x00007ffdbdc48000 	c:\Users\ACER\.vscode\extensions\redhat.java-1.43.1-win32-x64\jre\21.0.7-win32-x86_64\bin\jli.dll
0x00007ffdc3cd0000 - 0x00007ffdc3e99000 	C:\WINDOWS\System32\USER32.dll
0x00007ffdc2ea0000 - 0x00007ffdc2ec7000 	C:\WINDOWS\System32\win32u.dll
0x00007ffdb1e40000 - 0x00007ffdb20d0000 	C:\WINDOWS\WinSxS\amd64_microsoft.windows.common-controls_6595b64144ccf1df_6.0.26100.3037_none_3e09262ce333c378\COMCTL32.dll
0x00007ffdc4c10000 - 0x00007ffdc4c3a000 	C:\WINDOWS\System32\GDI32.dll
0x00007ffdc4f00000 - 0x00007ffdc4fa9000 	C:\WINDOWS\System32\msvcrt.dll
0x00007ffdc3690000 - 0x00007ffdc37bb000 	C:\WINDOWS\System32\gdi32full.dll
0x00007ffdc3520000 - 0x00007ffdc35c3000 	C:\WINDOWS\System32\msvcp_win.dll
0x00007ffdc5830000 - 0x00007ffdc585f000 	C:\WINDOWS\System32\IMM32.DLL
0x00007ffdbcca0000 - 0x00007ffdbccac000 	c:\Users\ACER\.vscode\extensions\redhat.java-1.43.1-win32-x64\jre\21.0.7-win32-x86_64\bin\vcruntime140_1.dll
0x00007ffd91130000 - 0x00007ffd911bd000 	c:\Users\ACER\.vscode\extensions\redhat.java-1.43.1-win32-x64\jre\21.0.7-win32-x86_64\bin\msvcp140.dll
0x00007ffd237d0000 - 0x00007ffd24560000 	c:\Users\ACER\.vscode\extensions\redhat.java-1.43.1-win32-x64\jre\21.0.7-win32-x86_64\bin\server\jvm.dll
0x00007ffdc5770000 - 0x00007ffdc5824000 	C:\WINDOWS\System32\ADVAPI32.dll
0x00007ffdc5880000 - 0x00007ffdc5926000 	C:\WINDOWS\System32\sechost.dll
0x00007ffdc3bb0000 - 0x00007ffdc3cc6000 	C:\WINDOWS\System32\RPCRT4.dll
0x00007ffdc56f0000 - 0x00007ffdc5764000 	C:\WINDOWS\System32\WS2_32.dll
0x00007ffdc2bb0000 - 0x00007ffdc2bfe000 	C:\WINDOWS\SYSTEM32\POWRPROF.dll
0x00007ffdbc100000 - 0x00007ffdbc136000 	C:\WINDOWS\SYSTEM32\WINMM.dll
0x00007ffdbc140000 - 0x00007ffdbc14b000 	C:\WINDOWS\SYSTEM32\VERSION.dll
0x00007ffdc2b90000 - 0x00007ffdc2ba4000 	C:\WINDOWS\SYSTEM32\UMPDC.dll
0x00007ffdc1b50000 - 0x00007ffdc1b6a000 	C:\WINDOWS\SYSTEM32\kernel.appcore.dll
0x00007ffdba0a0000 - 0x00007ffdba0aa000 	c:\Users\ACER\.vscode\extensions\redhat.java-1.43.1-win32-x64\jre\21.0.7-win32-x86_64\bin\jimage.dll
0x00007ffdb6c00000 - 0x00007ffdb6e41000 	C:\WINDOWS\SYSTEM32\DBGHELP.DLL
0x00007ffdc3ea0000 - 0x00007ffdc421e000 	C:\WINDOWS\System32\combase.dll
0x00007ffdc3970000 - 0x00007ffdc3a46000 	C:\WINDOWS\System32\OLEAUT32.dll
0x00007ffda88e0000 - 0x00007ffda8919000 	C:\WINDOWS\SYSTEM32\dbgcore.DLL
0x00007ffdc3480000 - 0x00007ffdc3519000 	C:\WINDOWS\System32\bcryptPrimitives.dll
0x00007ffdb9f90000 - 0x00007ffdb9f9f000 	c:\Users\ACER\.vscode\extensions\redhat.java-1.43.1-win32-x64\jre\21.0.7-win32-x86_64\bin\instrument.dll
0x00007ffdace60000 - 0x00007ffdace7f000 	c:\Users\ACER\.vscode\extensions\redhat.java-1.43.1-win32-x64\jre\21.0.7-win32-x86_64\bin\java.dll
0x00007ffdc44a0000 - 0x00007ffdc4ba4000 	C:\WINDOWS\System32\SHELL32.dll
0x00007ffdc0a10000 - 0x00007ffdc1247000 	C:\WINDOWS\SYSTEM32\windows.storage.dll
0x00007ffdc4390000 - 0x00007ffdc4479000 	C:\WINDOWS\System32\SHCORE.dll
0x00007ffdc4bb0000 - 0x00007ffdc4c0d000 	C:\WINDOWS\System32\shlwapi.dll
0x00007ffdc2c30000 - 0x00007ffdc2c5e000 	C:\WINDOWS\SYSTEM32\profapi.dll
0x00007ffda8710000 - 0x00007ffda8728000 	c:\Users\ACER\.vscode\extensions\redhat.java-1.43.1-win32-x64\jre\21.0.7-win32-x86_64\bin\zip.dll
0x00007ffdb9e90000 - 0x00007ffdb9ea0000 	C:\Users\ACER\.vscode\extensions\redhat.java-1.43.1-win32-x64\jre\21.0.7-win32-x86_64\bin\net.dll
0x00007ffdb9310000 - 0x00007ffdb942e000 	C:\WINDOWS\SYSTEM32\WINHTTP.dll
0x00007ffdc2060000 - 0x00007ffdc20ca000 	C:\WINDOWS\system32\mswsock.dll
0x00007ffda6b20000 - 0x00007ffda6b36000 	C:\Users\ACER\.vscode\extensions\redhat.java-1.43.1-win32-x64\jre\21.0.7-win32-x86_64\bin\nio.dll
0x00007ffdabfc0000 - 0x00007ffdabfd0000 	c:\Users\ACER\.vscode\extensions\redhat.java-1.43.1-win32-x64\jre\21.0.7-win32-x86_64\bin\verify.dll
0x00007ffd9b990000 - 0x00007ffd9b9d5000 	C:\Users\ACER\AppData\Roaming\Code\User\globalStorage\redhat.java\1.43.1\config_ss_win\org.eclipse.equinox.launcher\org.eclipse.equinox.launcher.win32.win32.x86_64_1.2.1300.v20250331-1702\eclipse_11911.dll
0x00007ffdc37c0000 - 0x00007ffdc3955000 	C:\WINDOWS\System32\ole32.dll

dbghelp: loaded successfully - version: 4.0.5 - missing functions: none
symbol engine: initialized successfully - sym options: 0x614 - pdb path: .;c:\Users\ACER\.vscode\extensions\redhat.java-1.43.1-win32-x64\jre\21.0.7-win32-x86_64\bin;C:\WINDOWS\SYSTEM32;C:\WINDOWS\WinSxS\amd64_microsoft.windows.common-controls_6595b64144ccf1df_6.0.26100.3037_none_3e09262ce333c378;c:\Users\ACER\.vscode\extensions\redhat.java-1.43.1-win32-x64\jre\21.0.7-win32-x86_64\bin\server;C:\Users\ACER\AppData\Roaming\Code\User\globalStorage\redhat.java\1.43.1\config_ss_win\org.eclipse.equinox.launcher\org.eclipse.equinox.launcher.win32.win32.x86_64_1.2.1300.v20250331-1702

VM Arguments:
jvm_args: --add-modules=ALL-SYSTEM --add-opens=java.base/java.util=ALL-UNNAMED --add-opens=java.base/java.lang=ALL-UNNAMED --add-opens=java.base/sun.nio.fs=ALL-UNNAMED -Declipse.application=org.eclipse.jdt.ls.core.id1 -Dosgi.bundles.defaultStartLevel=4 -Declipse.product=org.eclipse.jdt.ls.core.product -Djava.import.generatesMetadataFilesAtProjectRoot=false -DDetectVMInstallationsJob.disabled=true -Dfile.encoding=utf8 -XX:+UseParallelGC -XX:GCTimeRatio=4 -XX:AdaptiveSizePolicyWeight=90 -Dsun.zip.disableMemoryMapping=true -Xmx2G -Xms100m -Xlog:disable -javaagent:c:\Users\ACER\.vscode\extensions\redhat.java-1.43.1-win32-x64\lombok\lombok-1.18.39-4050.jar 
java_command: c:\Users\ACER\.vscode\extensions\redhat.java-1.43.1-win32-x64\server\plugins\org.eclipse.equinox.launcher_1.7.0.v20250519-0528.jar -configuration c:\Users\ACER\AppData\Roaming\Code\User\globalStorage\redhat.java\1.43.1\config_ss_win -data c:\Users\ACER\AppData\Roaming\Code\User\workspaceStorage\2a31020875cd14b8f4b94cdf5e011bdc\redhat.java\ss_ws --pipe=\\.\pipe\lsp-a43cf67beabb2ff3939a3aaa4cc1e751-sock
java_class_path (initial): c:\Users\ACER\.vscode\extensions\redhat.java-1.43.1-win32-x64\server\plugins\org.eclipse.equinox.launcher_1.7.0.v20250519-0528.jar
Launcher Type: SUN_STANDARD

[Global flags]
    uintx AdaptiveSizePolicyWeight                 = 90                                        {product} {command line}
     intx CICompilerCount                          = 3                                         {product} {ergonomic}
    uintx GCTimeRatio                              = 4                                         {product} {command line}
   size_t InitialHeapSize                          = 104857600                                 {product} {command line}
   size_t MaxHeapSize                              = 2147483648                                {product} {command line}
   size_t MaxNewSize                               = 715653120                                 {product} {ergonomic}
   size_t MinHeapDeltaBytes                        = 524288                                    {product} {ergonomic}
   size_t MinHeapSize                              = 104857600                                 {product} {command line}
   size_t NewSize                                  = 34603008                                  {product} {ergonomic}
    uintx NonNMethodCodeHeapSize                   = 5832780                                {pd product} {ergonomic}
    uintx NonProfiledCodeHeapSize                  = 122912730                              {pd product} {ergonomic}
   size_t OldSize                                  = 70254592                                  {product} {ergonomic}
    uintx ProfiledCodeHeapSize                     = 122912730                              {pd product} {ergonomic}
    uintx ReservedCodeCacheSize                    = 251658240                              {pd product} {ergonomic}
     bool SegmentedCodeCache                       = true                                      {product} {ergonomic}
   size_t SoftMaxHeapSize                          = 2147483648                             {manageable} {ergonomic}
     bool UseCompressedOops                        = true                           {product lp64_product} {ergonomic}
     bool UseLargePagesIndividualAllocation        = false                                  {pd product} {ergonomic}
     bool UseParallelGC                            = true                                      {product} {command line}

Logging:
Log output configuration:
 #0: stdout all=off uptime,level,tags foldmultilines=false
 #1: stderr all=off uptime,level,tags foldmultilines=false

Environment Variables:
JAVA_HOME=C:\Program Files\Java\jdk-23
PATH=C:\Program Files\Common Files\Oracle\Java\javapath;C:\WINDOWS\system32;C:\WINDOWS;C:\WINDOWS\System32\Wbem;C:\WINDOWS\System32\WindowsPowerShell\v1.0\;C:\WINDOWS\System32\OpenSSH\;C:\Program Files\dotnet\;C:\Program Files\Java\jdk-23\bin;C:\Program Files\Git\cmd;C:\Program Files\nodejs;C:\Users\ACER\AppData\Roaming\npm;C:\Users\ACER\AppData\Local\Programs\Microsoft VS Code\bin;C:\Users\ACER\AppData\Local\Microsoft\WindowsApps;C:\Program Files\Java\jdk-23\bin;C:\Users\ACER\AppData\Roaming\npm;C:\Program Files\Apache Maven\apache-maven-3.9.9\bin;C:\Users\ACER\AppData\Local\Programs\Microsoft VS Code\bin
USERNAME=ACER
OS=Windows_NT
PROCESSOR_IDENTIFIER=AMD64 Family 23 Model 24 Stepping 1, AuthenticAMD
TMP=C:\Users\ACER\AppData\Local\Temp
TEMP=C:\Users\ACER\AppData\Local\Temp




Periodic native trim disabled

---------------  S Y S T E M  ---------------

OS:
 Windows 11 , 64 bit Build 26100 (10.0.26100.3037)
OS uptime: 0 days 5:10 hours
Hyper-V role detected

CPU: total 4 (initial active 4) (4 cores per cpu, 2 threads per core) family 23 model 24 stepping 1 microcode 0x8108109, cx8, cmov, fxsr, ht, mmx, 3dnowpref, sse, sse2, sse3, ssse3, sse4a, sse4.1, sse4.2, popcnt, lzcnt, tsc, tscinvbit, avx, avx2, aes, clmul, bmi1, bmi2, adx, sha, fma, vzeroupper, clflush, clflushopt, hv, rdtscp, f16c
Processor Information for the first 4 processors :
  Max Mhz: 2600, Current Mhz: 2600, Mhz Limit: 2600

Memory: 4k page, system-wide physical 6081M (365M free)
TotalPageFile size 10177M (AvailPageFile size 3M)
current process WorkingSet (physical memory assigned to process): 100M, peak: 100M
current process commit charge ("private bytes"): 232M, peak: 233M

vm_info: OpenJDK 64-Bit Server VM (21.0.7+6-LTS) for windows-amd64 JRE (21.0.7+6-LTS), built on 2025-04-15T00:00:00Z by "admin" with MS VC++ 17.7 (VS2022)

END.
