#
# There is insufficient memory for the Java Runtime Environment to continue.
# Native memory allocation (malloc) failed to allocate 1486256 bytes. Error detail: Chunk::new
# Possible reasons:
#   The system is out of physical RAM or swap space
#   This process is running with CompressedOops enabled, and the Java Heap may be blocking the growth of the native heap
# Possible solutions:
#   Reduce memory load on the system
#   Increase physical memory or swap space
#   Check if swap backing store is full
#   Decrease Java heap size (-Xmx/-Xms)
#   Decrease number of Java threads
#   Decrease Java thread stack sizes (-Xss)
#   Set larger code cache with -XX:ReservedCodeCacheSize=
#   JVM is running with Unscaled Compressed Oops mode in which the Java heap is
#     placed in the first 4GB address space. The Java Heap base address is the
#     maximum limit for the native heap growth. Please use -XX:HeapBaseMinAddress
#     to set the Java Heap base and to place the Java Heap above 4GB virtual address.
# This output file may be truncated or incomplete.
#
#  Out of Memory Error (arena.cpp:168), pid=14764, tid=2380
#
# JRE version: OpenJDK Runtime Environment Temurin-21.0.7+6 (21.0.7+6) (build 21.0.7+6-LTS)
# Java VM: OpenJDK 64-Bit Server VM Temurin-21.0.7+6 (21.0.7+6-LTS, mixed mode, sharing, tiered, compressed oops, compressed class ptrs, parallel gc, windows-amd64)
# No core dump will be written. Minidumps are not enabled by default on client versions of Windows
#

---------------  S U M M A R Y ------------

Command Line: --add-modules=ALL-SYSTEM --add-opens=java.base/java.util=ALL-UNNAMED --add-opens=java.base/java.lang=ALL-UNNAMED --add-opens=java.base/sun.nio.fs=ALL-UNNAMED -Declipse.application=org.eclipse.jdt.ls.core.id1 -Dosgi.bundles.defaultStartLevel=4 -Declipse.product=org.eclipse.jdt.ls.core.product -Djava.import.generatesMetadataFilesAtProjectRoot=false -DDetectVMInstallationsJob.disabled=true -Dfile.encoding=utf8 -XX:+UseParallelGC -XX:GCTimeRatio=4 -XX:AdaptiveSizePolicyWeight=90 -Dsun.zip.disableMemoryMapping=true -Xmx2G -Xms100m -Xlog:disable -javaagent:c:\Users\ACER\.vscode\extensions\redhat.java-1.43.1-win32-x64\lombok\lombok-1.18.39-4050.jar -XX:+HeapDumpOnOutOfMemoryError -XX:HeapDumpPath=c:\Users\ACER\AppData\Roaming\Code\User\workspaceStorage\2a31020875cd14b8f4b94cdf5e011bdc\redhat.java -Daether.dependencyCollector.impl=bf c:\Users\ACER\.vscode\extensions\redhat.java-1.43.1-win32-x64\server\plugins\org.eclipse.equinox.launcher_1.7.0.v20250519-0528.jar -configuration c:\Users\ACER\AppData\Roaming\Code\User\globalStorage\redhat.java\1.43.1\config_win -data c:\Users\ACER\AppData\Roaming\Code\User\workspaceStorage\2a31020875cd14b8f4b94cdf5e011bdc\redhat.java\jdt_ws --pipe=\\.\pipe\lsp-575ff245a4a66e8d44ab849832da8d06-sock

Host: AMD Ryzen 3 3250U with Radeon Graphics         , 4 cores, 5G,  Windows 11 , 64 bit Build 26100 (10.0.26100.3037)
Time: Thu Jul 24 11:32:10 2025 India Standard Time elapsed time: 63.541305 seconds (0d 0h 1m 3s)

---------------  T H R E A D  ---------------

Current thread (0x000001ff1d99c8d0):  JavaThread "C2 CompilerThread0" daemon [_thread_in_native, id=2380, stack(0x000000943d000000,0x000000943d100000) (1024K)]


Current CompileTask:
C2:63541 8647   !   4       org.eclipse.jdt.internal.core.search.indexing.BinaryIndexer::indexDocument (1168 bytes)

Stack: [0x000000943d000000,0x000000943d100000]
Native frames: (J=compiled Java code, j=interpreted, Vv=VM code, C=native code)
V  [jvm.dll+0x6ce119]
V  [jvm.dll+0x8a84a1]
V  [jvm.dll+0x8aa9ce]
V  [jvm.dll+0x8ab0b3]
V  [jvm.dll+0x27f8a6]
V  [jvm.dll+0xc507d]
V  [jvm.dll+0xc55b3]
V  [jvm.dll+0x3b68f2]
V  [jvm.dll+0x1dfe33]
V  [jvm.dll+0x247c42]
V  [jvm.dll+0x2470cf]
V  [jvm.dll+0x1c760e]
V  [jvm.dll+0x25695a]
V  [jvm.dll+0x254efa]
V  [jvm.dll+0x3f03f6]
V  [jvm.dll+0x851f6b]
V  [jvm.dll+0x6cc7dd]
C  [ucrtbase.dll+0x37b0]
C  [KERNEL32.DLL+0x2e8d7]
C  [ntdll.dll+0xbbf2c]


---------------  P R O C E S S  ---------------

Threads class SMR info:
_java_thread_list=0x000001ff66bc4a60, length=39, elements={
0x000001ff06faaf60, 0x000001ff1d98ecd0, 0x000001ff1d991b50, 0x000001ff1d994350,
0x000001ff1d994fa0, 0x000001ff1d995bf0, 0x000001ff1d999f30, 0x000001ff1d99c8d0,
0x000001ff1da079e0, 0x000001ff0701a580, 0x000001ff5f8f1bb0, 0x000001ff5f939000,
0x000001ff646cb750, 0x000001ff642faf50, 0x000001ff642fb5b0, 0x000001ff6435aaf0,
0x000001ff643a0f40, 0x000001ff644e6bd0, 0x000001ff644e8610, 0x000001ff644e7f80,
0x000001ff644e8ca0, 0x000001ff644e9330, 0x000001ff644e5eb0, 0x000001ff644e6540,
0x000001ff644e78f0, 0x000001ff66075df0, 0x000001ff66076b10, 0x000001ff66077ec0,
0x000001ff66075760, 0x000001ff66074a40, 0x000001ff66076480, 0x000001ff660750d0,
0x000001ff66077830, 0x000001ff66610580, 0x000001ff66610c10, 0x000001ff6660fef0,
0x000001ff666112a0, 0x000001ff645c8a60, 0x000001ff66611930
}

Java Threads: ( => current thread )
  0x000001ff06faaf60 JavaThread "main"                              [_thread_blocked, id=7504, stack(0x000000943c600000,0x000000943c700000) (1024K)]
  0x000001ff1d98ecd0 JavaThread "Reference Handler"          daemon [_thread_blocked, id=15528, stack(0x000000943ca00000,0x000000943cb00000) (1024K)]
  0x000001ff1d991b50 JavaThread "Finalizer"                  daemon [_thread_blocked, id=14924, stack(0x000000943cb00000,0x000000943cc00000) (1024K)]
  0x000001ff1d994350 JavaThread "Signal Dispatcher"          daemon [_thread_blocked, id=2204, stack(0x000000943cc00000,0x000000943cd00000) (1024K)]
  0x000001ff1d994fa0 JavaThread "Attach Listener"            daemon [_thread_blocked, id=8664, stack(0x000000943cd00000,0x000000943ce00000) (1024K)]
  0x000001ff1d995bf0 JavaThread "Service Thread"             daemon [_thread_blocked, id=2292, stack(0x000000943ce00000,0x000000943cf00000) (1024K)]
  0x000001ff1d999f30 JavaThread "Monitor Deflation Thread"   daemon [_thread_blocked, id=7624, stack(0x000000943cf00000,0x000000943d000000) (1024K)]
=>0x000001ff1d99c8d0 JavaThread "C2 CompilerThread0"         daemon [_thread_in_native, id=2380, stack(0x000000943d000000,0x000000943d100000) (1024K)]
  0x000001ff1da079e0 JavaThread "C1 CompilerThread0"         daemon [_thread_blocked, id=700, stack(0x000000943d100000,0x000000943d200000) (1024K)]
  0x000001ff0701a580 JavaThread "Common-Cleaner"             daemon [_thread_blocked, id=16232, stack(0x000000943d200000,0x000000943d300000) (1024K)]
  0x000001ff5f8f1bb0 JavaThread "Notification Thread"        daemon [_thread_blocked, id=14688, stack(0x000000943d300000,0x000000943d400000) (1024K)]
  0x000001ff5f939000 JavaThread "Active Thread: Equinox Container: 513cd05d-a8cf-4b62-a461-55dd65cdf2df"        [_thread_blocked, id=1888, stack(0x000000943d800000,0x000000943d900000) (1024K)]
  0x000001ff646cb750 JavaThread "Refresh Thread: Equinox Container: 513cd05d-a8cf-4b62-a461-55dd65cdf2df" daemon [_thread_blocked, id=5764, stack(0x000000943d400000,0x000000943d500000) (1024K)]
  0x000001ff642faf50 JavaThread "Framework Event Dispatcher: Equinox Container: 513cd05d-a8cf-4b62-a461-55dd65cdf2df" daemon [_thread_blocked, id=10992, stack(0x000000943d900000,0x000000943da00000) (1024K)]
  0x000001ff642fb5b0 JavaThread "Start Level: Equinox Container: 513cd05d-a8cf-4b62-a461-55dd65cdf2df" daemon [_thread_blocked, id=12012, stack(0x000000943da00000,0x000000943db00000) (1024K)]
  0x000001ff6435aaf0 JavaThread "Bundle File Closer"         daemon [_thread_blocked, id=16948, stack(0x000000943dc00000,0x000000943dd00000) (1024K)]
  0x000001ff643a0f40 JavaThread "SCR Component Actor"        daemon [_thread_blocked, id=8468, stack(0x000000943c300000,0x000000943c400000) (1024K)]
  0x000001ff644e6bd0 JavaThread "Worker-JM"                         [_thread_blocked, id=13732, stack(0x000000943dd00000,0x000000943de00000) (1024K)]
  0x000001ff644e8610 JavaThread "<un-named>"                        [_thread_blocked, id=4672, stack(0x000000943de00000,0x000000943df00000) (1024K)]
  0x000001ff644e7f80 JavaThread "<un-named>"                
[error occurred during error reporting (printing all threads), id 0xc0000005, EXCEPTION_ACCESS_VIOLATION (0xc0000005) at pc=0x00007ffbcda788ed]
VM state: at safepoint (normal execution)

VM Mutex/Monitor currently owned by a thread:  ([mutex/lock_event])
[0x00007ffbce33e308] Threads_lock - owner thread: 0x000001ff0706c7b0
[0x00007ffbce33e408] Heap_lock - owner thread: 0x000001ff644e5eb0

Heap address: 0x0000000080000000, size: 2048 MB, Compressed Oops mode: 32-bit

CDS archive(s) mapped at: [0x000001ff1e000000-0x000001ff1eba0000-0x000001ff1eba0000), size 12189696, SharedBaseAddress: 0x000001ff1e000000, ArchiveRelocationMode: 1.
Compressed class space mapped at: 0x000001ff1f000000-0x000001ff5f000000, reserved size: 1073741824
Narrow klass base: 0x000001ff1e000000, Narrow klass shift: 0, Narrow klass range: 0x100000000

GC Precious Log:
 CardTable entry size: 512
 CPUs: 4 total, 4 available
 Memory: 6081M
 Large Page Support: Disabled
 NUMA Support: Disabled
 Compressed Oops: Enabled (32-bit)
 Alignments: Space 512K, Generation 512K, Heap 2M
 Heap Min Capacity: 100M
 Heap Initial Capacity: 100M
 Heap Max Capacity: 2G
 Pre-touch: Disabled
 Parallel Workers: 4

Heap:
 PSYoungGen      total 19456K, used 19450K [0x00000000d5580000, 0x00000000d7400000, 0x0000000100000000)
  eden space 15872K, 100% used [0x00000000d5580000,0x00000000d6500000,0x00000000d6500000)
  from space 3584K, 99% used [0x00000000d6580000,0x00000000d68fe800,0x00000000d6900000)
  to   space 7680K, 48% used [0x00000000d6c80000,0x00000000d7026ed0,0x00000000d7400000)
 ParOldGen       total 79360K, used 79356K [0x0000000080000000, 0x0000000084d80000, 0x00000000d5580000)
  object space 79360K, 99% used [0x0000000080000000,0x0000000084d7f3c0,0x0000000084d80000)
 Metaspace       used 61619K, committed 62976K, reserved 1114112K
  class space    used 6595K, committed 7232K, reserved 1048576K

Card table byte_map: [0x000001ff06970000,0x000001ff06d80000] _byte_map_base: 0x000001ff06570000

Marking Bits: (ParMarkBitMap*) 0x00007ffbce3431f0
 Begin Bits: [0x000001ff19450000, 0x000001ff1b450000)
 End Bits:   [0x000001ff1b450000, 0x000001ff1d450000)

Polling page: 0x000001ff06640000

Metaspace:

Usage:
  Non-class:     53.73 MB used.
      Class:      6.44 MB used.
       Both:     60.17 MB used.

Virtual space:
  Non-class space:       64.00 MB reserved,      54.44 MB ( 85%) committed,  1 nodes.
      Class space:        1.00 GB reserved,       7.06 MB ( <1%) committed,  1 nodes.
             Both:        1.06 GB reserved,      61.50 MB (  6%) committed. 

Chunk freelists:
   Non-Class:  8.62 MB
       Class:  8.95 MB
        Both:  17.58 MB

MaxMetaspaceSize: unlimited
CompressedClassSpaceSize: 1.00 GB
Initial GC threshold: 21.00 MB
Current GC threshold: 97.31 MB
CDS: on
 - commit_granule_bytes: 65536.
 - commit_granule_words: 8192.
 - virtual_space_node_default_size: 8388608.
 - enlarge_chunks_in_place: 1.
 - use_allocation_guard: 0.


Internal statistics:

num_allocs_failed_limit: 9.
num_arena_births: 962.
num_arena_deaths: 22.
num_vsnodes_births: 2.
num_vsnodes_deaths: 0.
num_space_committed: 984.
num_space_uncommitted: 0.
num_chunks_returned_to_freelist: 32.
num_chunks_taken_from_freelist: 3677.
num_chunk_merges: 11.
num_chunk_splits: 2199.
num_chunks_enlarged: 1226.
num_inconsistent_stats: 0.

CodeHeap 'non-profiled nmethods': size=120000Kb used=4170Kb max_used=4913Kb free=115830Kb
 bounds [0x000001ff11c70000, 0x000001ff12140000, 0x000001ff191a0000]
CodeHeap 'profiled nmethods': size=120000Kb used=14190Kb max_used=16359Kb free=105810Kb
 bounds [0x000001ff0a1a0000, 0x000001ff0b1b0000, 0x000001ff116d0000]
CodeHeap 'non-nmethods': size=5760Kb used=1460Kb max_used=1537Kb free=4300Kb
 bounds [0x000001ff116d0000, 0x000001ff11940000, 0x000001ff11c70000]
 total_blobs=7860 nmethods=7086 adapters=680
 compilation: enabled
              stopped_count=0, restarted_count=0
 full_count=0

Compilation events (20 events):
Event: 63.285 Thread 0x000001ff645c8a60 8654       4       jdk.internal.misc.Unsafe::copyMemory (33 bytes)
Event: 63.286 Thread 0x000001ff1da079e0 nmethod 8676 0x000001ff0a7b1810 code [0x000001ff0a7b1a80, 0x000001ff0a7b2530]
Event: 63.286 Thread 0x000001ff1da079e0 8677       3       org.eclipse.jdt.internal.core.search.indexing.BinaryIndexer::extractReferenceFromConstantPool (358 bytes)
Event: 63.289 Thread 0x000001ff1da079e0 nmethod 8677 0x000001ff0aa97910 code [0x000001ff0aa97ce0, 0x000001ff0aa99700]
Event: 63.290 Thread 0x000001ff1da079e0 8678       1       org.eclipse.jdt.internal.compiler.classfmt.ClassFileReader::getConstantPoolOffsets (5 bytes)
Event: 63.290 Thread 0x000001ff1da079e0 nmethod 8678 0x000001ff12137c10 code [0x000001ff12137da0, 0x000001ff12137e68]
Event: 63.293 Thread 0x000001ff645c8a60 nmethod 8654 0x000001ff12137f10 code [0x000001ff121380c0, 0x000001ff12138488]
Event: 63.293 Thread 0x000001ff645c8a60 8674       4       java.lang.StringConcatHelper::prepend (22 bytes)
Event: 63.295 Thread 0x000001ff645c8a60 nmethod 8674 0x000001ff12138890 code [0x000001ff12138a20, 0x000001ff12138b50]
Event: 63.297 Thread 0x000001ff645c8a60 8679       4       org.eclipse.jdt.internal.core.search.indexing.BinaryIndexer::extractClassReference (30 bytes)
Event: 63.306 Thread 0x000001ff645c8a60 nmethod 8679 0x000001ff12138c90 code [0x000001ff12138e60, 0x000001ff12139310]
Event: 63.307 Thread 0x000001ff645c8a60 8680       4       java.util.TimSort::sort (229 bytes)
Event: 63.384 Thread 0x000001ff645c8a60 nmethod 8680 0x000001ff12139690 code [0x000001ff12139980, 0x000001ff1213b2b8]
Event: 63.385 Thread 0x000001ff645c8a60 8683 %     4       org.eclipse.jdt.internal.core.search.indexing.BinaryIndexer::extractReferenceFromConstantPool @ 15 (358 bytes)
Event: 63.408 Thread 0x000001ff1da079e0 8686       1       org.eclipse.jdt.internal.compiler.classfmt.RecordComponentInfo::sizeInBytes (5 bytes)
Event: 63.408 Thread 0x000001ff1da079e0 nmethod 8686 0x000001ff1213c390 code [0x000001ff1213c520, 0x000001ff1213c5e8]
Event: 63.469 Thread 0x000001ff1da079e0 8688       3       org.eclipse.jdt.internal.compiler.classfmt.RecordComponentInfo::createComponent (450 bytes)
Event: 63.472 Thread 0x000001ff1da079e0 nmethod 8688 0x000001ff0aa94c90 code [0x000001ff0aa95040, 0x000001ff0aa96db0]
Event: 63.472 Thread 0x000001ff1da079e0 8689       3       org.eclipse.jdt.internal.compiler.classfmt.RecordComponentInfo::<init> (19 bytes)
Event: 63.473 Thread 0x000001ff1da079e0 nmethod 8689 0x000001ff0a7b1310 code [0x000001ff0a7b14c0, 0x000001ff0a7b16c0]

GC Heap History (20 events):
Event: 61.724 GC heap after
{Heap after GC invocations=39 (full 3):
 PSYoungGen      total 18432K, used 416K [0x00000000d5580000, 0x00000000d6a80000, 0x0000000100000000)
  eden space 17920K, 0% used [0x00000000d5580000,0x00000000d5580000,0x00000000d6700000)
  from space 512K, 81% used [0x00000000d6a00000,0x00000000d6a68248,0x00000000d6a80000)
  to   space 1536K, 0% used [0x00000000d6780000,0x00000000d6780000,0x00000000d6900000)
 ParOldGen       total 68608K, used 53128K [0x0000000080000000, 0x0000000084300000, 0x00000000d5580000)
  object space 68608K, 77% used [0x0000000080000000,0x00000000833e23a0,0x0000000084300000)
 Metaspace       used 59388K, committed 60672K, reserved 1114112K
  class space    used 6395K, committed 6976K, reserved 1048576K
}
Event: 61.927 GC heap before
{Heap before GC invocations=40 (full 3):
 PSYoungGen      total 18432K, used 18336K [0x00000000d5580000, 0x00000000d6a80000, 0x0000000100000000)
  eden space 17920K, 99% used [0x00000000d5580000,0x00000000d66ffff0,0x00000000d6700000)
  from space 512K, 81% used [0x00000000d6a00000,0x00000000d6a68248,0x00000000d6a80000)
  to   space 1536K, 0% used [0x00000000d6780000,0x00000000d6780000,0x00000000d6900000)
 ParOldGen       total 68608K, used 53128K [0x0000000080000000, 0x0000000084300000, 0x00000000d5580000)
  object space 68608K, 77% used [0x0000000080000000,0x00000000833e23a0,0x0000000084300000)
 Metaspace       used 60628K, committed 61888K, reserved 1114112K
  class space    used 6501K, committed 7040K, reserved 1048576K
}
Event: 61.930 GC heap after
{Heap after GC invocations=40 (full 3):
 PSYoungGen      total 19456K, used 908K [0x00000000d5580000, 0x00000000d6a80000, 0x0000000100000000)
  eden space 17920K, 0% used [0x00000000d5580000,0x00000000d5580000,0x00000000d6700000)
  from space 1536K, 59% used [0x00000000d6780000,0x00000000d68633e8,0x00000000d6900000)
  to   space 1024K, 0% used [0x00000000d6980000,0x00000000d6980000,0x00000000d6a80000)
 ParOldGen       total 68608K, used 53270K [0x0000000080000000, 0x0000000084300000, 0x00000000d5580000)
  object space 68608K, 77% used [0x0000000080000000,0x0000000083405bc8,0x0000000084300000)
 Metaspace       used 60628K, committed 61888K, reserved 1114112K
  class space    used 6501K, committed 7040K, reserved 1048576K
}
Event: 62.377 GC heap before
{Heap before GC invocations=41 (full 3):
 PSYoungGen      total 19456K, used 18828K [0x00000000d5580000, 0x00000000d6a80000, 0x0000000100000000)
  eden space 17920K, 100% used [0x00000000d5580000,0x00000000d6700000,0x00000000d6700000)
  from space 1536K, 59% used [0x00000000d6780000,0x00000000d68633e8,0x00000000d6900000)
  to   space 1024K, 0% used [0x00000000d6980000,0x00000000d6980000,0x00000000d6a80000)
 ParOldGen       total 68608K, used 53270K [0x0000000080000000, 0x0000000084300000, 0x00000000d5580000)
  object space 68608K, 77% used [0x0000000080000000,0x0000000083405bc8,0x0000000084300000)
 Metaspace       used 61507K, committed 62848K, reserved 1114112K
  class space    used 6588K, committed 7232K, reserved 1048576K
}
Event: 62.382 GC heap after
{Heap after GC invocations=41 (full 3):
 PSYoungGen      total 17408K, used 1021K [0x00000000d5580000, 0x00000000d6f00000, 0x0000000100000000)
  eden space 16384K, 0% used [0x00000000d5580000,0x00000000d5580000,0x00000000d6580000)
  from space 1024K, 99% used [0x00000000d6980000,0x00000000d6a7f7c8,0x00000000d6a80000)
  to   space 4096K, 0% used [0x00000000d6580000,0x00000000d6580000,0x00000000d6980000)
 ParOldGen       total 68608K, used 55819K [0x0000000080000000, 0x0000000084300000, 0x00000000d5580000)
  object space 68608K, 81% used [0x0000000080000000,0x0000000083682cd8,0x0000000084300000)
 Metaspace       used 61507K, committed 62848K, reserved 1114112K
  class space    used 6588K, committed 7232K, reserved 1048576K
}
Event: 62.681 GC heap before
{Heap before GC invocations=42 (full 3):
 PSYoungGen      total 17408K, used 17405K [0x00000000d5580000, 0x00000000d6f00000, 0x0000000100000000)
  eden space 16384K, 100% used [0x00000000d5580000,0x00000000d6580000,0x00000000d6580000)
  from space 1024K, 99% used [0x00000000d6980000,0x00000000d6a7f7c8,0x00000000d6a80000)
  to   space 4096K, 0% used [0x00000000d6580000,0x00000000d6580000,0x00000000d6980000)
 ParOldGen       total 68608K, used 55819K [0x0000000080000000, 0x0000000084300000, 0x00000000d5580000)
  object space 68608K, 81% used [0x0000000080000000,0x0000000083682cd8,0x0000000084300000)
 Metaspace       used 61585K, committed 62912K, reserved 1114112K
  class space    used 6594K, committed 7232K, reserved 1048576K
}
Event: 62.686 GC heap after
{Heap after GC invocations=42 (full 3):
 PSYoungGen      total 20480K, used 3581K [0x00000000d5580000, 0x00000000d6d80000, 0x0000000100000000)
  eden space 16384K, 0% used [0x00000000d5580000,0x00000000d5580000,0x00000000d6580000)
  from space 4096K, 87% used [0x00000000d6580000,0x00000000d68ff450,0x00000000d6980000)
  to   space 4096K, 0% used [0x00000000d6980000,0x00000000d6980000,0x00000000d6d80000)
 ParOldGen       total 68608K, used 56821K [0x0000000080000000, 0x0000000084300000, 0x00000000d5580000)
  object space 68608K, 82% used [0x0000000080000000,0x000000008377d6e0,0x0000000084300000)
 Metaspace       used 61585K, committed 62912K, reserved 1114112K
  class space    used 6594K, committed 7232K, reserved 1048576K
}
Event: 62.827 GC heap before
{Heap before GC invocations=43 (full 3):
 PSYoungGen      total 20480K, used 19965K [0x00000000d5580000, 0x00000000d6d80000, 0x0000000100000000)
  eden space 16384K, 100% used [0x00000000d5580000,0x00000000d6580000,0x00000000d6580000)
  from space 4096K, 87% used [0x00000000d6580000,0x00000000d68ff450,0x00000000d6980000)
  to   space 4096K, 0% used [0x00000000d6980000,0x00000000d6980000,0x00000000d6d80000)
 ParOldGen       total 68608K, used 56821K [0x0000000080000000, 0x0000000084300000, 0x00000000d5580000)
  object space 68608K, 82% used [0x0000000080000000,0x000000008377d6e0,0x0000000084300000)
 Metaspace       used 61585K, committed 62912K, reserved 1114112K
  class space    used 6594K, committed 7232K, reserved 1048576K
}
Event: 62.835 GC heap after
{Heap after GC invocations=43 (full 3):
 PSYoungGen      total 19968K, used 4022K [0x00000000d5580000, 0x00000000d6e80000, 0x0000000100000000)
  eden space 15872K, 0% used [0x00000000d5580000,0x00000000d5580000,0x00000000d6500000)
  from space 4096K, 98% used [0x00000000d6980000,0x00000000d6d6dba8,0x00000000d6d80000)
  to   space 4608K, 0% used [0x00000000d6500000,0x00000000d6500000,0x00000000d6980000)
 ParOldGen       total 68608K, used 60187K [0x0000000080000000, 0x0000000084300000, 0x00000000d5580000)
  object space 68608K, 87% used [0x0000000080000000,0x0000000083ac6d58,0x0000000084300000)
 Metaspace       used 61585K, committed 62912K, reserved 1114112K
  class space    used 6594K, committed 7232K, reserved 1048576K
}
Event: 62.947 GC heap before
{Heap before GC invocations=44 (full 3):
 PSYoungGen      total 19968K, used 19894K [0x00000000d5580000, 0x00000000d6e80000, 0x0000000100000000)
  eden space 15872K, 100% used [0x00000000d5580000,0x00000000d6500000,0x00000000d6500000)
  from space 4096K, 98% used [0x00000000d6980000,0x00000000d6d6dba8,0x00000000d6d80000)
  to   space 4608K, 0% used [0x00000000d6500000,0x00000000d6500000,0x00000000d6980000)
 ParOldGen       total 68608K, used 60187K [0x0000000080000000, 0x0000000084300000, 0x00000000d5580000)
  object space 68608K, 87% used [0x0000000080000000,0x0000000083ac6d58,0x0000000084300000)
 Metaspace       used 61605K, committed 62976K, reserved 1114112K
  class space    used 6595K, committed 7232K, reserved 1048576K
}
Event: 62.958 GC heap after
{Heap after GC invocations=44 (full 3):
 PSYoungGen      total 19968K, used 3648K [0x00000000d5580000, 0x00000000d6d00000, 0x0000000100000000)
  eden space 15872K, 0% used [0x00000000d5580000,0x00000000d5580000,0x00000000d6500000)
  from space 4096K, 89% used [0x00000000d6500000,0x00000000d6890048,0x00000000d6900000)
  to   space 4096K, 0% used [0x00000000d6900000,0x00000000d6900000,0x00000000d6d00000)
 ParOldGen       total 68608K, used 63936K [0x0000000080000000, 0x0000000084300000, 0x00000000d5580000)
  object space 68608K, 93% used [0x0000000080000000,0x0000000083e70008,0x0000000084300000)
 Metaspace       used 61605K, committed 62976K, reserved 1114112K
  class space    used 6595K, committed 7232K, reserved 1048576K
}
Event: 63.067 GC heap before
{Heap before GC invocations=45 (full 3):
 PSYoungGen      total 19968K, used 19520K [0x00000000d5580000, 0x00000000d6d00000, 0x0000000100000000)
  eden space 15872K, 100% used [0x00000000d5580000,0x00000000d6500000,0x00000000d6500000)
  from space 4096K, 89% used [0x00000000d6500000,0x00000000d6890048,0x00000000d6900000)
  to   space 4096K, 0% used [0x00000000d6900000,0x00000000d6900000,0x00000000d6d00000)
 ParOldGen       total 68608K, used 63936K [0x0000000080000000, 0x0000000084300000, 0x00000000d5580000)
  object space 68608K, 93% used [0x0000000080000000,0x0000000083e70008,0x0000000084300000)
 Metaspace       used 61610K, committed 62976K, reserved 1114112K
  class space    used 6595K, committed 7232K, reserved 1048576K
}
Event: 63.076 GC heap after
{Heap after GC invocations=45 (full 3):
 PSYoungGen      total 19968K, used 3677K [0x00000000d5580000, 0x00000000d6d00000, 0x0000000100000000)
  eden space 15872K, 0% used [0x00000000d5580000,0x00000000d5580000,0x00000000d6500000)
  from space 4096K, 89% used [0x00000000d6900000,0x00000000d6c97408,0x00000000d6d00000)
  to   space 4096K, 0% used [0x00000000d6500000,0x00000000d6500000,0x00000000d6900000)
 ParOldGen       total 68608K, used 67430K [0x0000000080000000, 0x0000000084300000, 0x00000000d5580000)
  object space 68608K, 98% used [0x0000000080000000,0x00000000841d9b78,0x0000000084300000)
 Metaspace       used 61610K, committed 62976K, reserved 1114112K
  class space    used 6595K, committed 7232K, reserved 1048576K
}
Event: 63.190 GC heap before
{Heap before GC invocations=46 (full 3):
 PSYoungGen      total 19968K, used 19549K [0x00000000d5580000, 0x00000000d6d00000, 0x0000000100000000)
  eden space 15872K, 100% used [0x00000000d5580000,0x00000000d6500000,0x00000000d6500000)
  from space 4096K, 89% used [0x00000000d6900000,0x00000000d6c97408,0x00000000d6d00000)
  to   space 4096K, 0% used [0x00000000d6500000,0x00000000d6500000,0x00000000d6900000)
 ParOldGen       total 68608K, used 67430K [0x0000000080000000, 0x0000000084300000, 0x00000000d5580000)
  object space 68608K, 98% used [0x0000000080000000,0x00000000841d9b78,0x0000000084300000)
 Metaspace       used 61612K, committed 62976K, reserved 1114112K
  class space    used 6595K, committed 7232K, reserved 1048576K
}
Event: 63.201 GC heap after
{Heap after GC invocations=46 (full 3):
 PSYoungGen      total 19968K, used 3560K [0x00000000d5580000, 0x00000000d6d00000, 0x0000000100000000)
  eden space 15872K, 0% used [0x00000000d5580000,0x00000000d5580000,0x00000000d6500000)
  from space 4096K, 86% used [0x00000000d6500000,0x00000000d687a1a0,0x00000000d6900000)
  to   space 4096K, 0% used [0x00000000d6900000,0x00000000d6900000,0x00000000d6d00000)
 ParOldGen       total 72192K, used 71821K [0x0000000080000000, 0x0000000084680000, 0x00000000d5580000)
  object space 72192K, 99% used [0x0000000080000000,0x00000000846234a0,0x0000000084680000)
 Metaspace       used 61612K, committed 62976K, reserved 1114112K
  class space    used 6595K, committed 7232K, reserved 1048576K
}
Event: 63.311 GC heap before
{Heap before GC invocations=47 (full 3):
 PSYoungGen      total 19968K, used 19432K [0x00000000d5580000, 0x00000000d6d00000, 0x0000000100000000)
  eden space 15872K, 100% used [0x00000000d5580000,0x00000000d6500000,0x00000000d6500000)
  from space 4096K, 86% used [0x00000000d6500000,0x00000000d687a1a0,0x00000000d6900000)
  to   space 4096K, 0% used [0x00000000d6900000,0x00000000d6900000,0x00000000d6d00000)
 ParOldGen       total 72192K, used 71821K [0x0000000080000000, 0x0000000084680000, 0x00000000d5580000)
  object space 72192K, 99% used [0x0000000080000000,0x00000000846234a0,0x0000000084680000)
 Metaspace       used 61615K, committed 62976K, reserved 1114112K
  class space    used 6595K, committed 7232K, reserved 1048576K
}
Event: 63.319 GC heap after
{Heap after GC invocations=47 (full 3):
 PSYoungGen      total 19456K, used 3489K [0x00000000d5580000, 0x00000000d6c80000, 0x0000000100000000)
  eden space 15872K, 0% used [0x00000000d5580000,0x00000000d5580000,0x00000000d6500000)
  from space 3584K, 97% used [0x00000000d6900000,0x00000000d6c687a0,0x00000000d6c80000)
  to   space 3584K, 0% used [0x00000000d6580000,0x00000000d6580000,0x00000000d6900000)
 ParOldGen       total 75264K, used 75163K [0x0000000080000000, 0x0000000084980000, 0x00000000d5580000)
  object space 75264K, 99% used [0x0000000080000000,0x0000000084966e78,0x0000000084980000)
 Metaspace       used 61615K, committed 62976K, reserved 1114112K
  class space    used 6595K, committed 7232K, reserved 1048576K
}
Event: 63.421 GC heap before
{Heap before GC invocations=48 (full 3):
 PSYoungGen      total 19456K, used 19361K [0x00000000d5580000, 0x00000000d6c80000, 0x0000000100000000)
  eden space 15872K, 100% used [0x00000000d5580000,0x00000000d6500000,0x00000000d6500000)
  from space 3584K, 97% used [0x00000000d6900000,0x00000000d6c687a0,0x00000000d6c80000)
  to   space 3584K, 0% used [0x00000000d6580000,0x00000000d6580000,0x00000000d6900000)
 ParOldGen       total 75264K, used 75163K [0x0000000080000000, 0x0000000084980000, 0x00000000d5580000)
  object space 75264K, 99% used [0x0000000080000000,0x0000000084966e78,0x0000000084980000)
 Metaspace       used 61615K, committed 62976K, reserved 1114112K
  class space    used 6595K, committed 7232K, reserved 1048576K
}
Event: 63.428 GC heap after
{Heap after GC invocations=48 (full 3):
 PSYoungGen      total 19456K, used 3578K [0x00000000d5580000, 0x00000000d7400000, 0x0000000100000000)
  eden space 15872K, 0% used [0x00000000d5580000,0x00000000d5580000,0x00000000d6500000)
  from space 3584K, 99% used [0x00000000d6580000,0x00000000d68fe800,0x00000000d6900000)
  to   space 7680K, 0% used [0x00000000d6c80000,0x00000000d6c80000,0x00000000d7400000)
 ParOldGen       total 78848K, used 78538K [0x0000000080000000, 0x0000000084d00000, 0x00000000d5580000)
  object space 78848K, 99% used [0x0000000080000000,0x0000000084cb2958,0x0000000084d00000)
 Metaspace       used 61615K, committed 62976K, reserved 1114112K
  class space    used 6595K, committed 7232K, reserved 1048576K
}
Event: 63.525 GC heap before
{Heap before GC invocations=49 (full 3):
 PSYoungGen      total 19456K, used 19450K [0x00000000d5580000, 0x00000000d7400000, 0x0000000100000000)
  eden space 15872K, 100% used [0x00000000d5580000,0x00000000d6500000,0x00000000d6500000)
  from space 3584K, 99% used [0x00000000d6580000,0x00000000d68fe800,0x00000000d6900000)
  to   space 7680K, 0% used [0x00000000d6c80000,0x00000000d6c80000,0x00000000d7400000)
 ParOldGen       total 78848K, used 78538K [0x0000000080000000, 0x0000000084d00000, 0x00000000d5580000)
  object space 78848K, 99% used [0x0000000080000000,0x0000000084cb2958,0x0000000084d00000)
 Metaspace       used 61619K, committed 62976K, reserved 1114112K
  class space    used 6595K, committed 7232K, reserved 1048576K
}

Dll operation events (14 events):
Event: 0.038 Loaded shared library c:\Users\ACER\.vscode\extensions\redhat.java-1.43.1-win32-x64\jre\21.0.7-win32-x86_64\bin\java.dll
Event: 0.294 Loaded shared library c:\Users\ACER\.vscode\extensions\redhat.java-1.43.1-win32-x64\jre\21.0.7-win32-x86_64\bin\zip.dll
Event: 0.410 Loaded shared library C:\Users\ACER\.vscode\extensions\redhat.java-1.43.1-win32-x64\jre\21.0.7-win32-x86_64\bin\instrument.dll
Event: 0.481 Loaded shared library C:\Users\ACER\.vscode\extensions\redhat.java-1.43.1-win32-x64\jre\21.0.7-win32-x86_64\bin\net.dll
Event: 0.490 Loaded shared library C:\Users\ACER\.vscode\extensions\redhat.java-1.43.1-win32-x64\jre\21.0.7-win32-x86_64\bin\nio.dll
Event: 0.499 Loaded shared library C:\Users\ACER\.vscode\extensions\redhat.java-1.43.1-win32-x64\jre\21.0.7-win32-x86_64\bin\zip.dll
Event: 0.566 Loaded shared library C:\Users\ACER\.vscode\extensions\redhat.java-1.43.1-win32-x64\jre\21.0.7-win32-x86_64\bin\jimage.dll
Event: 0.825 Loaded shared library c:\Users\ACER\.vscode\extensions\redhat.java-1.43.1-win32-x64\jre\21.0.7-win32-x86_64\bin\verify.dll
Event: 17.020 Loaded shared library C:\Users\ACER\AppData\Roaming\Code\User\globalStorage\redhat.java\1.43.1\config_win\org.eclipse.equinox.launcher\org.eclipse.equinox.launcher.win32.win32.x86_64_1.2.1300.v20250331-1702\eclipse_11911.dll
Event: 41.862 Loaded shared library C:\Users\ACER\.vscode\extensions\redhat.java-1.43.1-win32-x64\jre\21.0.7-win32-x86_64\bin\management.dll
Event: 41.876 Loaded shared library C:\Users\ACER\.vscode\extensions\redhat.java-1.43.1-win32-x64\jre\21.0.7-win32-x86_64\bin\management_ext.dll
Event: 47.280 Loaded shared library C:\Users\ACER\AppData\Local\Temp\jna-2003023\jna15470044741667935455.dll
Event: 50.165 Loaded shared library C:\Users\ACER\.vscode\extensions\redhat.java-1.43.1-win32-x64\jre\21.0.7-win32-x86_64\bin\sunmscapi.dll
Event: 51.173 Loaded shared library C:\Users\ACER\.vscode\extensions\redhat.java-1.43.1-win32-x64\jre\21.0.7-win32-x86_64\bin\extnet.dll

Deoptimization events (20 events):
Event: 62.853 Thread 0x000001ff644e5eb0 Uncommon trap: trap_request=0xffffff45 fr.pc=0x000001ff11d99bc0 relative=0x0000000000000ba0
Event: 62.853 Thread 0x000001ff644e5eb0 Uncommon trap: reason=unstable_if action=reinterpret pc=0x000001ff11d99bc0 method=org.eclipse.jdt.internal.compiler.classfmt.MethodInfo.createMethod([B[IIJ)Lorg/eclipse/jdt/internal/compiler/classfmt/MethodInfo; @ 352 c2
Event: 62.853 Thread 0x000001ff644e5eb0 DEOPT PACKING pc=0x000001ff11d99bc0 sp=0x000000943e3fe510
Event: 62.853 Thread 0x000001ff644e5eb0 DEOPT UNPACKING pc=0x000001ff11723aa2 sp=0x000000943e3fe450 mode 2
Event: 63.279 Thread 0x000001ff644e5eb0 Uncommon trap: trap_request=0xffffff45 fr.pc=0x000001ff120bea98 relative=0x0000000000002d58
Event: 63.279 Thread 0x000001ff644e5eb0 Uncommon trap: reason=unstable_if action=reinterpret pc=0x000001ff120bea98 method=org.eclipse.jdt.internal.core.search.indexing.BinaryIndexer.extractArgCount([C[CZ)I @ 247 c2
Event: 63.279 Thread 0x000001ff644e5eb0 DEOPT PACKING pc=0x000001ff120bea98 sp=0x000000943e3fe580
Event: 63.280 Thread 0x000001ff644e5eb0 DEOPT UNPACKING pc=0x000001ff11723aa2 sp=0x000000943e3fe490 mode 2
Event: 63.280 Thread 0x000001ff644e5eb0 Uncommon trap: trap_request=0xffffff45 fr.pc=0x000001ff120c9eec relative=0x000000000000050c
Event: 63.280 Thread 0x000001ff644e5eb0 Uncommon trap: reason=unstable_if action=reinterpret pc=0x000001ff120c9eec method=org.eclipse.jdt.internal.core.search.indexing.BinaryIndexer.extractArgCount([C[CZ)I @ 247 c2
Event: 63.280 Thread 0x000001ff644e5eb0 DEOPT PACKING pc=0x000001ff120c9eec sp=0x000000943e3fe510
Event: 63.280 Thread 0x000001ff644e5eb0 DEOPT UNPACKING pc=0x000001ff11723aa2 sp=0x000000943e3fe488 mode 2
Event: 63.286 Thread 0x000001ff644e5eb0 Uncommon trap: trap_request=0xffffff45 fr.pc=0x000001ff120b3350 relative=0x0000000000002b50
Event: 63.287 Thread 0x000001ff644e5eb0 Uncommon trap: reason=unstable_if action=reinterpret pc=0x000001ff120b3350 method=org.eclipse.jdt.internal.core.search.indexing.BinaryIndexer.extractArgCount([C[CZ)I @ 247 c2
Event: 63.287 Thread 0x000001ff644e5eb0 DEOPT PACKING pc=0x000001ff120b3350 sp=0x000000943e3fe580
Event: 63.287 Thread 0x000001ff644e5eb0 DEOPT UNPACKING pc=0x000001ff11723aa2 sp=0x000000943e3fe490 mode 2
Event: 63.374 Thread 0x000001ff644e5eb0 Uncommon trap: trap_request=0xffffff45 fr.pc=0x000001ff11dff01c relative=0x000000000000007c
Event: 63.374 Thread 0x000001ff644e5eb0 Uncommon trap: reason=unstable_if action=reinterpret pc=0x000001ff11dff01c method=org.eclipse.jdt.internal.compiler.ast.TypeDeclaration.kind(I)I @ 5 c2
Event: 63.374 Thread 0x000001ff644e5eb0 DEOPT PACKING pc=0x000001ff11dff01c sp=0x000000943e3fe640
Event: 63.374 Thread 0x000001ff644e5eb0 DEOPT UNPACKING pc=0x000001ff11723aa2 sp=0x000000943e3fe5c8 mode 2

Classes loaded (20 events):
Event: 60.340 Loading class java/nio/file/Files$2
Event: 60.340 Loading class java/nio/file/Files$2 done
Event: 60.345 Loading class java/util/concurrent/ArrayBlockingQueue
Event: 60.346 Loading class java/util/concurrent/ArrayBlockingQueue done
Event: 61.279 Loading class java/lang/UnsupportedClassVersionError
Event: 61.279 Loading class java/lang/UnsupportedClassVersionError done
Event: 62.093 Loading class java/util/concurrent/CompletableFuture$UniApply
Event: 62.094 Loading class java/util/concurrent/CompletableFuture$UniCompletion
Event: 62.094 Loading class java/util/concurrent/CompletableFuture$UniCompletion done
Event: 62.094 Loading class java/util/concurrent/CompletableFuture$UniApply done
Event: 62.096 Loading class java/util/concurrent/CompletableFuture$UniAccept
Event: 62.096 Loading class java/util/concurrent/CompletableFuture$UniAccept done
Event: 62.097 Loading class java/util/concurrent/CompletableFuture$UniExceptionally
Event: 62.097 Loading class java/util/concurrent/CompletableFuture$UniExceptionally done
Event: 62.876 Loading class sun/security/ssl/Alert
Event: 62.877 Loading class sun/security/ssl/Alert done
Event: 62.877 Loading class sun/security/ssl/Alert$AlertConsumer
Event: 62.877 Loading class sun/security/ssl/Alert$AlertConsumer done
Event: 62.878 Loading class sun/security/ssl/Alert$Level
Event: 62.878 Loading class sun/security/ssl/Alert$Level done

Classes unloaded (11 events):
Event: 44.391 Thread 0x000001ff0706c7b0 Unloading class 0x000001ff1f1a4800 'java/lang/invoke/LambdaForm$MH+0x000001ff1f1a4800'
Event: 44.391 Thread 0x000001ff0706c7b0 Unloading class 0x000001ff1f1a4400 'java/lang/invoke/LambdaForm$MH+0x000001ff1f1a4400'
Event: 44.391 Thread 0x000001ff0706c7b0 Unloading class 0x000001ff1f1a4000 'java/lang/invoke/LambdaForm$MH+0x000001ff1f1a4000'
Event: 44.391 Thread 0x000001ff0706c7b0 Unloading class 0x000001ff1f1a3c00 'java/lang/invoke/LambdaForm$MH+0x000001ff1f1a3c00'
Event: 44.391 Thread 0x000001ff0706c7b0 Unloading class 0x000001ff1f1a3800 'java/lang/invoke/LambdaForm$BMH+0x000001ff1f1a3800'
Event: 44.391 Thread 0x000001ff0706c7b0 Unloading class 0x000001ff1f1a3400 'java/lang/invoke/LambdaForm$DMH+0x000001ff1f1a3400'
Event: 44.391 Thread 0x000001ff0706c7b0 Unloading class 0x000001ff1f1a2000 'java/lang/invoke/LambdaForm$DMH+0x000001ff1f1a2000'
Event: 47.671 Thread 0x000001ff0706c7b0 Unloading class 0x000001ff1f2b8400 'java/lang/invoke/LambdaForm$MH+0x000001ff1f2b8400'
Event: 47.671 Thread 0x000001ff0706c7b0 Unloading class 0x000001ff1f2b3400 'java/lang/invoke/LambdaForm$MH+0x000001ff1f2b3400'
Event: 47.671 Thread 0x000001ff0706c7b0 Unloading class 0x000001ff1f2b3000 'java/lang/invoke/LambdaForm$DMH+0x000001ff1f2b3000'
Event: 47.671 Thread 0x000001ff0706c7b0 Unloading class 0x000001ff1f2b2400 'java/lang/invoke/LambdaForm$MH+0x000001ff1f2b2400'

Classes redefined (0 events):
No events

Internal exceptions (20 events):
Event: 62.199 Thread 0x000001ff644e7f80 Exception <a 'sun/nio/fs/WindowsException'{0x00000000d5f9e348}> (0x00000000d5f9e348) 
thrown [s\src\hotspot\share\prims\jni.cpp, line 520]
Event: 62.200 Thread 0x000001ff644e7f80 Exception <a 'sun/nio/fs/WindowsException'{0x00000000d5f9efb0}> (0x00000000d5f9efb0) 
thrown [s\src\hotspot\share\prims\jni.cpp, line 520]
Event: 62.200 Thread 0x000001ff644e7f80 Exception <a 'sun/nio/fs/WindowsException'{0x00000000d5f9f5e0}> (0x00000000d5f9f5e0) 
thrown [s\src\hotspot\share\prims\jni.cpp, line 520]
Event: 62.211 Thread 0x000001ff644e7f80 Exception <a 'java/io/FileNotFoundException'{0x00000000d5fb76a8}> (0x00000000d5fb76a8) 
thrown [s\src\hotspot\share\prims\jni.cpp, line 520]
Event: 62.223 Thread 0x000001ff644e7f80 Exception <a 'java/io/FileNotFoundException'{0x00000000d5fb8418}> (0x00000000d5fb8418) 
thrown [s\src\hotspot\share\prims\jni.cpp, line 520]
Event: 62.232 Thread 0x000001ff66610580 Exception <a 'java/lang/IncompatibleClassChangeError'{0x00000000d5d6c4a0}: Found class java.lang.Object, but interface was expected> (0x00000000d5d6c4a0) 
thrown [s\src\hotspot\share\interpreter\linkResolver.cpp, line 840]
Event: 62.251 Thread 0x000001ff644e7f80 Exception <a 'sun/nio/fs/WindowsException'{0x00000000d5feb368}> (0x00000000d5feb368) 
thrown [s\src\hotspot\share\prims\jni.cpp, line 520]
Event: 62.251 Thread 0x000001ff644e7f80 Exception <a 'sun/nio/fs/WindowsException'{0x00000000d5feb998}> (0x00000000d5feb998) 
thrown [s\src\hotspot\share\prims\jni.cpp, line 520]
Event: 62.349 Thread 0x000001ff644e7f80 Exception <a 'sun/nio/fs/WindowsException'{0x00000000d6545400}> (0x00000000d6545400) 
thrown [s\src\hotspot\share\prims\jni.cpp, line 520]
Event: 62.349 Thread 0x000001ff644e7f80 Exception <a 'sun/nio/fs/WindowsException'{0x00000000d6545a30}> (0x00000000d6545a30) 
thrown [s\src\hotspot\share\prims\jni.cpp, line 520]
Event: 62.350 Thread 0x000001ff644e7f80 Exception <a 'sun/nio/fs/WindowsException'{0x00000000d6546698}> (0x00000000d6546698) 
thrown [s\src\hotspot\share\prims\jni.cpp, line 520]
Event: 62.350 Thread 0x000001ff644e7f80 Exception <a 'sun/nio/fs/WindowsException'{0x00000000d6546cc8}> (0x00000000d6546cc8) 
thrown [s\src\hotspot\share\prims\jni.cpp, line 520]
Event: 62.355 Thread 0x000001ff644e7f80 Exception <a 'sun/nio/fs/WindowsException'{0x00000000d6548018}> (0x00000000d6548018) 
thrown [s\src\hotspot\share\prims\jni.cpp, line 520]
Event: 62.355 Thread 0x000001ff644e7f80 Exception <a 'sun/nio/fs/WindowsException'{0x00000000d6548648}> (0x00000000d6548648) 
thrown [s\src\hotspot\share\prims\jni.cpp, line 520]
Event: 62.377 Thread 0x000001ff644e7f80 Exception <a 'sun/nio/fs/WindowsException'{0x00000000d66ff610}> (0x00000000d66ff610) 
thrown [s\src\hotspot\share\prims\jni.cpp, line 520]
Event: 62.377 Thread 0x000001ff644e7f80 Exception <a 'sun/nio/fs/WindowsException'{0x00000000d66ffc40}> (0x00000000d66ffc40) 
thrown [s\src\hotspot\share\prims\jni.cpp, line 520]
Event: 62.383 Thread 0x000001ff644e7f80 Exception <a 'sun/nio/fs/WindowsException'{0x00000000d5580af8}> (0x00000000d5580af8) 
thrown [s\src\hotspot\share\prims\jni.cpp, line 520]
Event: 62.383 Thread 0x000001ff644e7f80 Exception <a 'sun/nio/fs/WindowsException'{0x00000000d5581128}> (0x00000000d5581128) 
thrown [s\src\hotspot\share\prims\jni.cpp, line 520]
Event: 62.386 Thread 0x000001ff644e7f80 Exception <a 'sun/nio/fs/WindowsException'{0x00000000d5582478}> (0x00000000d5582478) 
thrown [s\src\hotspot\share\prims\jni.cpp, line 520]
Event: 62.386 Thread 0x000001ff644e7f80 Exception <a 'sun/nio/fs/WindowsException'{0x00000000d5582aa8}> (0x00000000d5582aa8) 
thrown [s\src\hotspot\share\prims\jni.cpp, line 520]

ZGC Phase Switch (0 events):
No events

VM Operations (20 events):
Event: 61.930 Executing VM operation: ParallelGCFailedAllocation (Allocation Failure) done
Event: 62.297 Executing VM operation: HandshakeAllThreads (Deoptimize)
Event: 62.308 Executing VM operation: HandshakeAllThreads (Deoptimize) done
Event: 62.377 Executing VM operation: ParallelGCFailedAllocation (Allocation Failure)
Event: 62.382 Executing VM operation: ParallelGCFailedAllocation (Allocation Failure) done
Event: 62.681 Executing VM operation: ParallelGCFailedAllocation (Allocation Failure)
Event: 62.686 Executing VM operation: ParallelGCFailedAllocation (Allocation Failure) done
Event: 62.827 Executing VM operation: ParallelGCFailedAllocation (Allocation Failure)
Event: 62.835 Executing VM operation: ParallelGCFailedAllocation (Allocation Failure) done
Event: 62.947 Executing VM operation: ParallelGCFailedAllocation (Allocation Failure)
Event: 62.958 Executing VM operation: ParallelGCFailedAllocation (Allocation Failure) done
Event: 63.067 Executing VM operation: ParallelGCFailedAllocation (Allocation Failure)
Event: 63.076 Executing VM operation: ParallelGCFailedAllocation (Allocation Failure) done
Event: 63.190 Executing VM operation: ParallelGCFailedAllocation (Allocation Failure)
Event: 63.201 Executing VM operation: ParallelGCFailedAllocation (Allocation Failure) done
Event: 63.311 Executing VM operation: ParallelGCFailedAllocation (Allocation Failure)
Event: 63.319 Executing VM operation: ParallelGCFailedAllocation (Allocation Failure) done
Event: 63.421 Executing VM operation: ParallelGCFailedAllocation (Allocation Failure)
Event: 63.428 Executing VM operation: ParallelGCFailedAllocation (Allocation Failure) done
Event: 63.525 Executing VM operation: ParallelGCFailedAllocation (Allocation Failure)

Memory protections (0 events):
No events

Nmethod flushes (20 events):
Event: 60.478 Thread 0x000001ff0706c7b0 flushing  nmethod 0x000001ff0aaf2a90
Event: 60.478 Thread 0x000001ff0706c7b0 flushing  nmethod 0x000001ff0aaf2f10
Event: 60.478 Thread 0x000001ff0706c7b0 flushing  nmethod 0x000001ff0aaf3810
Event: 60.478 Thread 0x000001ff0706c7b0 flushing  nmethod 0x000001ff0aaf3d90
Event: 60.478 Thread 0x000001ff0706c7b0 flushing  nmethod 0x000001ff0aaf4110
Event: 60.478 Thread 0x000001ff0706c7b0 flushing  nmethod 0x000001ff0aaf5010
Event: 60.478 Thread 0x000001ff0706c7b0 flushing  nmethod 0x000001ff0aaf5610
Event: 60.478 Thread 0x000001ff0706c7b0 flushing  nmethod 0x000001ff0aaf5e90
Event: 60.478 Thread 0x000001ff0706c7b0 flushing  nmethod 0x000001ff0aaf6910
Event: 60.478 Thread 0x000001ff0706c7b0 flushing  nmethod 0x000001ff0aaf8f10
Event: 60.478 Thread 0x000001ff0706c7b0 flushing  nmethod 0x000001ff0aaf9c10
Event: 60.478 Thread 0x000001ff0706c7b0 flushing  nmethod 0x000001ff0ab04810
Event: 60.478 Thread 0x000001ff0706c7b0 flushing  nmethod 0x000001ff0ab08e90
Event: 60.478 Thread 0x000001ff0706c7b0 flushing  nmethod 0x000001ff0ab18990
Event: 60.478 Thread 0x000001ff0706c7b0 flushing  nmethod 0x000001ff0ab18e90
Event: 60.478 Thread 0x000001ff0706c7b0 flushing  nmethod 0x000001ff0ab19410
Event: 60.478 Thread 0x000001ff0706c7b0 flushing  nmethod 0x000001ff0ab22b90
Event: 60.478 Thread 0x000001ff0706c7b0 flushing  nmethod 0x000001ff0ab39d90
Event: 60.478 Thread 0x000001ff0706c7b0 flushing  nmethod 0x000001ff0ab3c390
Event: 60.478 Thread 0x000001ff0706c7b0 flushing  nmethod 0x000001ff0ab4d190

Events (20 events):
Event: 48.634 Thread 0x000001ff06faaf60 Thread added: 0x000001ff660750d0
Event: 48.751 Thread 0x000001ff645c8a60 Thread exited: 0x000001ff645c8a60
Event: 50.014 Thread 0x000001ff649a2320 Thread exited: 0x000001ff649a2320
Event: 50.115 Thread 0x000001ff1da079e0 Thread added: 0x000001ff645c8a60
Event: 50.413 Thread 0x000001ff06faaf60 Thread added: 0x000001ff66077830
Event: 50.418 Thread 0x000001ff06faaf60 Thread added: 0x000001ff66610580
Event: 50.756 Thread 0x000001ff645c8a60 Thread exited: 0x000001ff645c8a60
Event: 51.426 Thread 0x000001ff1da079e0 Thread added: 0x000001ff645c8a60
Event: 52.691 Thread 0x000001ff644e8ca0 Thread added: 0x000001ff6660f1d0
Event: 52.693 Thread 0x000001ff6660f1d0 Thread exited: 0x000001ff6660f1d0
Event: 52.871 Thread 0x000001ff644e8ca0 Thread added: 0x000001ff66610c10
Event: 55.957 Thread 0x000001ff645c8a60 Thread exited: 0x000001ff645c8a60
Event: 56.047 Thread 0x000001ff1da079e0 Thread added: 0x000001ff645c8a60
Event: 57.937 Thread 0x000001ff66075df0 Thread added: 0x000001ff6660f1d0
Event: 57.954 Thread 0x000001ff6660f1d0 Thread exited: 0x000001ff6660f1d0
Event: 58.584 Thread 0x000001ff66075df0 Thread added: 0x000001ff6660fef0
Event: 60.347 Thread 0x000001ff66075df0 Thread added: 0x000001ff666112a0
Event: 61.188 Thread 0x000001ff645c8a60 Thread exited: 0x000001ff645c8a60
Event: 61.311 Thread 0x000001ff1da079e0 Thread added: 0x000001ff645c8a60
Event: 62.096 Thread 0x000001ff66610580 Thread added: 0x000001ff66611930


Dynamic libraries:
0x00007ff672c20000 - 0x00007ff672c2e000 	c:\Users\ACER\.vscode\extensions\redhat.java-1.43.1-win32-x64\jre\21.0.7-win32-x86_64\bin\java.exe
0x00007ffc6de40000 - 0x00007ffc6e0a3000 	C:\WINDOWS\SYSTEM32\ntdll.dll
0x00007ffc6d9e0000 - 0x00007ffc6daa7000 	C:\WINDOWS\System32\KERNEL32.DLL
0x00007ffc6b4b0000 - 0x00007ffc6b877000 	C:\WINDOWS\System32\KERNELBASE.dll
0x00007ffc6bb00000 - 0x00007ffc6bc4c000 	C:\WINDOWS\System32\ucrtbase.dll
0x00007ffc62f70000 - 0x00007ffc62f88000 	c:\Users\ACER\.vscode\extensions\redhat.java-1.43.1-win32-x64\jre\21.0.7-win32-x86_64\bin\jli.dll
0x00007ffc6d220000 - 0x00007ffc6d3e9000 	C:\WINDOWS\System32\USER32.dll
0x00007ffc6bc50000 - 0x00007ffc6bc77000 	C:\WINDOWS\System32\win32u.dll
0x00007ffc6c2d0000 - 0x00007ffc6c2fa000 	C:\WINDOWS\System32\GDI32.dll
0x00007ffc62f50000 - 0x00007ffc62f6e000 	c:\Users\ACER\.vscode\extensions\redhat.java-1.43.1-win32-x64\jre\21.0.7-win32-x86_64\bin\VCRUNTIME140.dll
0x00007ffc6b880000 - 0x00007ffc6b9ab000 	C:\WINDOWS\System32\gdi32full.dll
0x00007ffc6b400000 - 0x00007ffc6b4a3000 	C:\WINDOWS\System32\msvcp_win.dll
0x00007ffc5b610000 - 0x00007ffc5b8a0000 	C:\WINDOWS\WinSxS\amd64_microsoft.windows.common-controls_6595b64144ccf1df_6.0.26100.3037_none_3e09262ce333c378\COMCTL32.dll
0x00007ffc6d5a0000 - 0x00007ffc6d649000 	C:\WINDOWS\System32\msvcrt.dll
0x00007ffc6ddc0000 - 0x00007ffc6ddef000 	C:\WINDOWS\System32\IMM32.DLL
0x00007ffc68200000 - 0x00007ffc6820c000 	c:\Users\ACER\.vscode\extensions\redhat.java-1.43.1-win32-x64\jre\21.0.7-win32-x86_64\bin\vcruntime140_1.dll
0x00007ffc5d7f0000 - 0x00007ffc5d87d000 	c:\Users\ACER\.vscode\extensions\redhat.java-1.43.1-win32-x64\jre\21.0.7-win32-x86_64\bin\msvcp140.dll
0x00007ffbcd690000 - 0x00007ffbce420000 	c:\Users\ACER\.vscode\extensions\redhat.java-1.43.1-win32-x64\jre\21.0.7-win32-x86_64\bin\server\jvm.dll
0x00007ffc6bff0000 - 0x00007ffc6c0a4000 	C:\WINDOWS\System32\ADVAPI32.dll
0x00007ffc6d4f0000 - 0x00007ffc6d596000 	C:\WINDOWS\System32\sechost.dll
0x00007ffc6c0b0000 - 0x00007ffc6c1c6000 	C:\WINDOWS\System32\RPCRT4.dll
0x00007ffc6dbe0000 - 0x00007ffc6dc54000 	C:\WINDOWS\System32\WS2_32.dll
0x00007ffc6b070000 - 0x00007ffc6b0be000 	C:\WINDOWS\SYSTEM32\POWRPROF.dll
0x00007ffc64e10000 - 0x00007ffc64e46000 	C:\WINDOWS\SYSTEM32\WINMM.dll
0x00007ffc64e50000 - 0x00007ffc64e5b000 	C:\WINDOWS\SYSTEM32\VERSION.dll
0x00007ffc6b050000 - 0x00007ffc6b064000 	C:\WINDOWS\SYSTEM32\UMPDC.dll
0x00007ffc6a010000 - 0x00007ffc6a02a000 	C:\WINDOWS\SYSTEM32\kernel.appcore.dll
0x00007ffc63010000 - 0x00007ffc6301a000 	c:\Users\ACER\.vscode\extensions\redhat.java-1.43.1-win32-x64\jre\21.0.7-win32-x86_64\bin\jimage.dll
0x00007ffc606a0000 - 0x00007ffc608e1000 	C:\WINDOWS\SYSTEM32\DBGHELP.DLL
0x00007ffc6d650000 - 0x00007ffc6d9ce000 	C:\WINDOWS\System32\combase.dll
0x00007ffc6c1e0000 - 0x00007ffc6c2b6000 	C:\WINDOWS\System32\OLEAUT32.dll
0x00007ffc52580000 - 0x00007ffc525b9000 	C:\WINDOWS\SYSTEM32\dbgcore.DLL
0x00007ffc6b1e0000 - 0x00007ffc6b279000 	C:\WINDOWS\System32\bcryptPrimitives.dll
0x00007ffc5f2a0000 - 0x00007ffc5f2af000 	c:\Users\ACER\.vscode\extensions\redhat.java-1.43.1-win32-x64\jre\21.0.7-win32-x86_64\bin\instrument.dll
0x00007ffc5f280000 - 0x00007ffc5f29f000 	c:\Users\ACER\.vscode\extensions\redhat.java-1.43.1-win32-x64\jre\21.0.7-win32-x86_64\bin\java.dll
0x00007ffc6ca90000 - 0x00007ffc6d194000 	C:\WINDOWS\System32\SHELL32.dll
0x00007ffc68ed0000 - 0x00007ffc69707000 	C:\WINDOWS\SYSTEM32\windows.storage.dll
0x00007ffc6be70000 - 0x00007ffc6bf59000 	C:\WINDOWS\System32\SHCORE.dll
0x00007ffc6db60000 - 0x00007ffc6dbbd000 	C:\WINDOWS\System32\shlwapi.dll
0x00007ffc6b0f0000 - 0x00007ffc6b11e000 	C:\WINDOWS\SYSTEM32\profapi.dll
0x00007ffc5ea20000 - 0x00007ffc5ea38000 	c:\Users\ACER\.vscode\extensions\redhat.java-1.43.1-win32-x64\jre\21.0.7-win32-x86_64\bin\zip.dll
0x00007ffc5f270000 - 0x00007ffc5f280000 	C:\Users\ACER\.vscode\extensions\redhat.java-1.43.1-win32-x64\jre\21.0.7-win32-x86_64\bin\net.dll
0x00007ffc624c0000 - 0x00007ffc625de000 	C:\WINDOWS\SYSTEM32\WINHTTP.dll
0x00007ffc6a520000 - 0x00007ffc6a58a000 	C:\WINDOWS\system32\mswsock.dll
0x00007ffc5d940000 - 0x00007ffc5d956000 	C:\Users\ACER\.vscode\extensions\redhat.java-1.43.1-win32-x64\jre\21.0.7-win32-x86_64\bin\nio.dll
0x00007ffc5ea10000 - 0x00007ffc5ea20000 	c:\Users\ACER\.vscode\extensions\redhat.java-1.43.1-win32-x64\jre\21.0.7-win32-x86_64\bin\verify.dll
0x00007ffc4cb30000 - 0x00007ffc4cb75000 	C:\Users\ACER\AppData\Roaming\Code\User\globalStorage\redhat.java\1.43.1\config_win\org.eclipse.equinox.launcher\org.eclipse.equinox.launcher.win32.win32.x86_64_1.2.1300.v20250331-1702\eclipse_11911.dll
0x00007ffc6c300000 - 0x00007ffc6c495000 	C:\WINDOWS\System32\ole32.dll
0x00007ffc5d930000 - 0x00007ffc5d93a000 	C:\Users\ACER\.vscode\extensions\redhat.java-1.43.1-win32-x64\jre\21.0.7-win32-x86_64\bin\management.dll
0x00007ffc5d8a0000 - 0x00007ffc5d8ab000 	C:\Users\ACER\.vscode\extensions\redhat.java-1.43.1-win32-x64\jre\21.0.7-win32-x86_64\bin\management_ext.dll
0x00007ffc6c2c0000 - 0x00007ffc6c2c8000 	C:\WINDOWS\System32\PSAPI.DLL
0x00007ffc6a7d0000 - 0x00007ffc6a7ec000 	C:\WINDOWS\SYSTEM32\CRYPTSP.dll
0x00007ffc69f70000 - 0x00007ffc69fa8000 	C:\WINDOWS\system32\rsaenh.dll
0x00007ffc6a5c0000 - 0x00007ffc6a5eb000 	C:\WINDOWS\SYSTEM32\USERENV.dll
0x00007ffc6aa00000 - 0x00007ffc6aa26000 	C:\WINDOWS\SYSTEM32\bcrypt.dll
0x00007ffc6a7c0000 - 0x00007ffc6a7cc000 	C:\WINDOWS\SYSTEM32\CRYPTBASE.dll
0x00007ffc69ac0000 - 0x00007ffc69af2000 	C:\WINDOWS\SYSTEM32\IPHLPAPI.DLL
0x00007ffc6be60000 - 0x00007ffc6be6a000 	C:\WINDOWS\System32\NSI.dll
0x00007ffc464d0000 - 0x00007ffc46519000 	C:\Users\ACER\AppData\Local\Temp\jna-2003023\jna15470044741667935455.dll
0x00007ffc62210000 - 0x00007ffc6222f000 	C:\WINDOWS\SYSTEM32\dhcpcsvc6.DLL
0x00007ffc621e0000 - 0x00007ffc62205000 	C:\WINDOWS\SYSTEM32\dhcpcsvc.DLL
0x00007ffc5d440000 - 0x00007ffc5d44e000 	C:\Users\ACER\.vscode\extensions\redhat.java-1.43.1-win32-x64\jre\21.0.7-win32-x86_64\bin\sunmscapi.dll
0x00007ffc6b280000 - 0x00007ffc6b3f6000 	C:\WINDOWS\System32\CRYPT32.dll
0x00007ffc6a9c0000 - 0x00007ffc6a9f0000 	C:\WINDOWS\SYSTEM32\ncrypt.dll
0x00007ffc6a970000 - 0x00007ffc6a9af000 	C:\WINDOWS\SYSTEM32\NTASN1.dll
0x00007ffc69b90000 - 0x00007ffc69cb5000 	C:\WINDOWS\SYSTEM32\DNSAPI.dll
0x00007ffc5de90000 - 0x00007ffc5de9b000 	C:\Windows\System32\rasadhlp.dll
0x00007ffc61480000 - 0x00007ffc61505000 	C:\WINDOWS\System32\fwpuclnt.dll
0x00007ffc5d310000 - 0x00007ffc5d319000 	C:\Users\ACER\.vscode\extensions\redhat.java-1.43.1-win32-x64\jre\21.0.7-win32-x86_64\bin\extnet.dll

dbghelp: loaded successfully - version: 4.0.5 - missing functions: none
symbol engine: initialized successfully - sym options: 0x614 - pdb path: .;c:\Users\ACER\.vscode\extensions\redhat.java-1.43.1-win32-x64\jre\21.0.7-win32-x86_64\bin;C:\WINDOWS\SYSTEM32;C:\WINDOWS\WinSxS\amd64_microsoft.windows.common-controls_6595b64144ccf1df_6.0.26100.3037_none_3e09262ce333c378;c:\Users\ACER\.vscode\extensions\redhat.java-1.43.1-win32-x64\jre\21.0.7-win32-x86_64\bin\server;C:\Users\ACER\AppData\Roaming\Code\User\globalStorage\redhat.java\1.43.1\config_win\org.eclipse.equinox.launcher\org.eclipse.equinox.launcher.win32.win32.x86_64_1.2.1300.v20250331-1702;C:\Users\ACER\AppData\Local\Temp\jna-2003023

VM Arguments:
jvm_args: --add-modules=ALL-SYSTEM --add-opens=java.base/java.util=ALL-UNNAMED --add-opens=java.base/java.lang=ALL-UNNAMED --add-opens=java.base/sun.nio.fs=ALL-UNNAMED -Declipse.application=org.eclipse.jdt.ls.core.id1 -Dosgi.bundles.defaultStartLevel=4 -Declipse.product=org.eclipse.jdt.ls.core.product -Djava.import.generatesMetadataFilesAtProjectRoot=false -DDetectVMInstallationsJob.disabled=true -Dfile.encoding=utf8 -XX:+UseParallelGC -XX:GCTimeRatio=4 -XX:AdaptiveSizePolicyWeight=90 -Dsun.zip.disableMemoryMapping=true -Xmx2G -Xms100m -Xlog:disable -javaagent:c:\Users\ACER\.vscode\extensions\redhat.java-1.43.1-win32-x64\lombok\lombok-1.18.39-4050.jar -XX:+HeapDumpOnOutOfMemoryError -XX:HeapDumpPath=c:\Users\ACER\AppData\Roaming\Code\User\workspaceStorage\2a31020875cd14b8f4b94cdf5e011bdc\redhat.java -Daether.dependencyCollector.impl=bf 
java_command: c:\Users\ACER\.vscode\extensions\redhat.java-1.43.1-win32-x64\server\plugins\org.eclipse.equinox.launcher_1.7.0.v20250519-0528.jar -configuration c:\Users\ACER\AppData\Roaming\Code\User\globalStorage\redhat.java\1.43.1\config_win -data c:\Users\ACER\AppData\Roaming\Code\User\workspaceStorage\2a31020875cd14b8f4b94cdf5e011bdc\redhat.java\jdt_ws --pipe=\\.\pipe\lsp-575ff245a4a66e8d44ab849832da8d06-sock
java_class_path (initial): c:\Users\ACER\.vscode\extensions\redhat.java-1.43.1-win32-x64\server\plugins\org.eclipse.equinox.launcher_1.7.0.v20250519-0528.jar
Launcher Type: SUN_STANDARD

[Global flags]
    uintx AdaptiveSizePolicyWeight                 = 90                                        {product} {command line}
     intx CICompilerCount                          = 3                                         {product} {ergonomic}
    uintx GCTimeRatio                              = 4                                         {product} {command line}
     bool HeapDumpOnOutOfMemoryError               = true                                   {manageable} {command line}
    ccstr HeapDumpPath                             = c:\Users\ACER\AppData\Roaming\Code\User\workspaceStorage\2a31020875cd14b8f4b94cdf5e011bdc\redhat.java         {manageable} {command line}
   size_t InitialHeapSize                          = 104857600                                 {product} {command line}
   size_t MaxHeapSize                              = 2147483648                                {product} {command line}
   size_t MaxNewSize                               = 715653120                                 {product} {ergonomic}
   size_t MinHeapDeltaBytes                        = 524288                                    {product} {ergonomic}
   size_t MinHeapSize                              = 104857600                                 {product} {command line}
   size_t NewSize                                  = 34603008                                  {product} {ergonomic}
    uintx NonNMethodCodeHeapSize                   = 5832780                                {pd product} {ergonomic}
    uintx NonProfiledCodeHeapSize                  = 122912730                              {pd product} {ergonomic}
   size_t OldSize                                  = 70254592                                  {product} {ergonomic}
    uintx ProfiledCodeHeapSize                     = 122912730                              {pd product} {ergonomic}
    uintx ReservedCodeCacheSize                    = 251658240                              {pd product} {ergonomic}
     bool SegmentedCodeCache                       = true                                      {product} {ergonomic}
   size_t SoftMaxHeapSize                          = 2147483648                             {manageable} {ergonomic}
     bool UseCompressedOops                        = true                           {product lp64_product} {ergonomic}
     bool UseLargePagesIndividualAllocation        = false                                  {pd product} {ergonomic}
     bool UseParallelGC                            = true                                      {product} {command line}

Logging:
Log output configuration:
 #0: stdout all=off uptime,level,tags foldmultilines=false
 #1: stderr all=off uptime,level,tags foldmultilines=false

Environment Variables:
JAVA_HOME=C:\Program Files\Java\jdk-23
PATH=C:\Program Files\Common Files\Oracle\Java\javapath;C:\WINDOWS\system32;C:\WINDOWS;C:\WINDOWS\System32\Wbem;C:\WINDOWS\System32\WindowsPowerShell\v1.0\;C:\WINDOWS\System32\OpenSSH\;C:\Program Files\dotnet\;C:\Program Files\Java\jdk-23\bin;C:\Program Files\Git\cmd;C:\Program Files\nodejs;C:\Users\ACER\AppData\Roaming\npm;C:\Users\ACER\AppData\Local\Programs\Microsoft VS Code\bin;C:\Users\ACER\AppData\Local\Microsoft\WindowsApps;C:\Program Files\Java\jdk-23\bin;C:\Users\ACER\AppData\Roaming\npm;C:\Program Files\Apache Maven\apache-maven-3.9.9\bin;C:\Users\ACER\AppData\Local\Programs\Microsoft VS Code\bin
USERNAME=ACER
OS=Windows_NT
PROCESSOR_IDENTIFIER=AMD64 Family 23 Model 24 Stepping 1, AuthenticAMD
TMP=C:\Users\ACER\AppData\Local\Temp
TEMP=C:\Users\ACER\AppData\Local\Temp




Periodic native trim disabled

---------------  S Y S T E M  ---------------

OS:
 Windows 11 , 64 bit Build 26100 (10.0.26100.3037)
OS uptime: 0 days 15:34 hours
Hyper-V role detected

CPU: total 4 (initial active 4) (4 cores per cpu, 2 threads per core) family 23 model 24 stepping 1 microcode 0x8108109, cx8, cmov, fxsr, ht, mmx, 3dnowpref, sse, sse2, sse3, ssse3, sse4a, sse4.1, sse4.2, popcnt, lzcnt, tsc, tscinvbit, avx, avx2, aes, clmul, bmi1, bmi2, adx, sha, fma, vzeroupper, clflush, clflushopt, hv, rdtscp, f16c
Processor Information for the first 4 processors :
  Max Mhz: 2600, Current Mhz: 2600, Mhz Limit: 2600

Memory: 4k page, system-wide physical 6081M (433M free)
TotalPageFile size 10177M (AvailPageFile size 1M)
current process WorkingSet (physical memory assigned to process): 344M, peak: 344M
current process commit charge ("private bytes"): 382M, peak: 1670M

vm_info: OpenJDK 64-Bit Server VM (21.0.7+6-LTS) for windows-amd64 JRE (21.0.7+6-LTS), built on 2025-04-15T00:00:00Z by "admin" with MS VC++ 17.7 (VS2022)

END.
